2019-04-24 00:00:33.281  INFO 24908 --- [main] ConfigServletWebServerApplicationContext : Refreshing org.springframework.boot.web.servlet.context.AnnotationConfigServletWebServerApplicationContext@4567f35d: startup date [Wed Apr 24 00:00:33 CST 2019]; root of context hierarchy
2019-04-24 00:00:37.788  INFO 24908 --- [main] o.s.b.w.embedded.tomcat.TomcatWebServer  : Tomcat initialized with port(s): 8080 (http)
2019-04-24 00:00:38.082  INFO 24908 --- [localhost-startStop-1] o.s.web.context.ContextLoader            : Root WebApplicationContext: initialization completed in 4816 ms
2019-04-24 00:00:38.284  INFO 24908 --- [localhost-startStop-1] o.s.b.w.servlet.ServletRegistrationBean  : Servlet dispatcherServlet mapped to [/]
2019-04-24 00:00:38.292  INFO 24908 --- [localhost-startStop-1] o.s.b.w.servlet.FilterRegistrationBean   : Mapping filter: 'characterEncodingFilter' to: [/*]
2019-04-24 00:00:38.293  INFO 24908 --- [localhost-startStop-1] o.s.b.w.servlet.FilterRegistrationBean   : Mapping filter: 'hiddenHttpMethodFilter' to: [/*]
2019-04-24 00:00:38.293  INFO 24908 --- [localhost-startStop-1] o.s.b.w.servlet.FilterRegistrationBean   : Mapping filter: 'httpPutFormContentFilter' to: [/*]
2019-04-24 00:00:38.293  INFO 24908 --- [localhost-startStop-1] o.s.b.w.servlet.FilterRegistrationBean   : Mapping filter: 'requestContextFilter' to: [/*]
2019-04-24 00:00:40.015  INFO 24908 --- [main] s.w.s.m.m.a.RequestMappingHandlerMapping : Mapped "{[/api/{env}/rules/access],methods=[GET]}" onto public java.util.List<org.apache.dubbo.admin.model.dto.AccessDTO> org.apache.dubbo.admin.controller.AccessesController.searchAccess(java.lang.String,java.lang.String,java.lang.String)
2019-04-24 00:00:40.017  INFO 24908 --- [main] s.w.s.m.m.a.RequestMappingHandlerMapping : Mapped "{[/api/{env}/rules/access/{id}],methods=[GET]}" onto public org.apache.dubbo.admin.model.dto.AccessDTO org.apache.dubbo.admin.controller.AccessesController.detailAccess(java.lang.String,java.lang.String)
2019-04-24 00:00:40.017  INFO 24908 --- [main] s.w.s.m.m.a.RequestMappingHandlerMapping : Mapped "{[/api/{env}/rules/access/{id}],methods=[DELETE]}" onto public void org.apache.dubbo.admin.controller.AccessesController.deleteAccess(java.lang.String,java.lang.String)
2019-04-24 00:00:40.019  INFO 24908 --- [main] s.w.s.m.m.a.RequestMappingHandlerMapping : Mapped "{[/api/{env}/rules/access],methods=[POST]}" onto public void org.apache.dubbo.admin.controller.AccessesController.createAccess(org.apache.dubbo.admin.model.dto.AccessDTO,java.lang.String)
2019-04-24 00:00:40.020  INFO 24908 --- [main] s.w.s.m.m.a.RequestMappingHandlerMapping : Mapped "{[/api/{env}/rules/access/{id}],methods=[PUT]}" onto public void org.apache.dubbo.admin.controller.AccessesController.updateAccess(java.lang.String,org.apache.dubbo.admin.model.dto.AccessDTO,java.lang.String)
2019-04-24 00:00:40.026  INFO 24908 --- [main] s.w.s.m.m.a.RequestMappingHandlerMapping : Mapped "{[/api/{env}/rules/route/condition],methods=[POST]}" onto public boolean org.apache.dubbo.admin.controller.ConditionRoutesController.createRule(org.apache.dubbo.admin.model.dto.ConditionRouteDTO,java.lang.String)
2019-04-24 00:00:40.026  INFO 24908 --- [main] s.w.s.m.m.a.RequestMappingHandlerMapping : Mapped "{[/api/{env}/rules/route/condition/{id}],methods=[PUT]}" onto public boolean org.apache.dubbo.admin.controller.ConditionRoutesController.updateRule(java.lang.String,org.apache.dubbo.admin.model.dto.ConditionRouteDTO,java.lang.String)
2019-04-24 00:00:40.027  INFO 24908 --- [main] s.w.s.m.m.a.RequestMappingHandlerMapping : Mapped "{[/api/{env}/rules/route/condition],methods=[GET]}" onto public java.util.List<org.apache.dubbo.admin.model.dto.ConditionRouteDTO> org.apache.dubbo.admin.controller.ConditionRoutesController.searchRoutes(java.lang.String,java.lang.String,java.lang.String)
2019-04-24 00:00:40.028  INFO 24908 --- [main] s.w.s.m.m.a.RequestMappingHandlerMapping : Mapped "{[/api/{env}/rules/route/condition/{id}],methods=[GET]}" onto public org.apache.dubbo.admin.model.dto.ConditionRouteDTO org.apache.dubbo.admin.controller.ConditionRoutesController.detailRoute(java.lang.String,java.lang.String)
2019-04-24 00:00:40.029  INFO 24908 --- [main] s.w.s.m.m.a.RequestMappingHandlerMapping : Mapped "{[/api/{env}/rules/route/condition/{id}],methods=[DELETE]}" onto public boolean org.apache.dubbo.admin.controller.ConditionRoutesController.deleteRoute(java.lang.String,java.lang.String)
2019-04-24 00:00:40.030  INFO 24908 --- [main] s.w.s.m.m.a.RequestMappingHandlerMapping : Mapped "{[/api/{env}/rules/route/condition/enable/{id}],methods=[PUT]}" onto public boolean org.apache.dubbo.admin.controller.ConditionRoutesController.enableRoute(java.lang.String,java.lang.String)
2019-04-24 00:00:40.030  INFO 24908 --- [main] s.w.s.m.m.a.RequestMappingHandlerMapping : Mapped "{[/api/{env}/rules/route/condition/disable/{id}],methods=[PUT]}" onto public boolean org.apache.dubbo.admin.controller.ConditionRoutesController.disableRoute(java.lang.String,java.lang.String)
2019-04-24 00:00:40.039  INFO 24908 --- [main] s.w.s.m.m.a.RequestMappingHandlerMapping : Mapped "{[/api/{env}/rules/balancing/{id}],methods=[PUT]}" onto public boolean org.apache.dubbo.admin.controller.LoadBalanceController.updateLoadbalance(java.lang.String,org.apache.dubbo.admin.model.dto.BalancingDTO,java.lang.String) throws org.apache.dubbo.admin.common.exception.ParamValidationException
2019-04-24 00:00:40.040  INFO 24908 --- [main] s.w.s.m.m.a.RequestMappingHandlerMapping : Mapped "{[/api/{env}/rules/balancing],methods=[GET]}" onto public java.util.List<org.apache.dubbo.admin.model.dto.BalancingDTO> org.apache.dubbo.admin.controller.LoadBalanceController.searchLoadbalances(java.lang.String,java.lang.String,java.lang.String)
2019-04-24 00:00:40.041  INFO 24908 --- [main] s.w.s.m.m.a.RequestMappingHandlerMapping : Mapped "{[/api/{env}/rules/balancing/{id}],methods=[GET]}" onto public org.apache.dubbo.admin.model.dto.BalancingDTO org.apache.dubbo.admin.controller.LoadBalanceController.detailLoadBalance(java.lang.String,java.lang.String) throws org.apache.dubbo.admin.common.exception.ParamValidationException
2019-04-24 00:00:40.041  INFO 24908 --- [main] s.w.s.m.m.a.RequestMappingHandlerMapping : Mapped "{[/api/{env}/rules/balancing/{id}],methods=[DELETE]}" onto public boolean org.apache.dubbo.admin.controller.LoadBalanceController.deleteLoadBalance(java.lang.String,java.lang.String)
2019-04-24 00:00:40.043  INFO 24908 --- [main] s.w.s.m.m.a.RequestMappingHandlerMapping : Mapped "{[/api/{env}/rules/balancing],methods=[POST]}" onto public boolean org.apache.dubbo.admin.controller.LoadBalanceController.createLoadbalance(org.apache.dubbo.admin.model.dto.BalancingDTO,java.lang.String) throws org.apache.dubbo.admin.common.exception.ParamValidationException
2019-04-24 00:00:40.046  INFO 24908 --- [main] s.w.s.m.m.a.RequestMappingHandlerMapping : Mapped "{[/api/{env}/manage/config/{key}],methods=[GET]}" onto public java.util.List<org.apache.dubbo.admin.model.dto.ConfigDTO> org.apache.dubbo.admin.controller.ManagementController.getConfig(java.lang.String,java.lang.String)
2019-04-24 00:00:40.047  INFO 24908 --- [main] s.w.s.m.m.a.RequestMappingHandlerMapping : Mapped "{[/api/{env}/manage/config/{key}],methods=[DELETE]}" onto public boolean org.apache.dubbo.admin.controller.ManagementController.deleteConfig(java.lang.String,java.lang.String)
2019-04-24 00:00:40.048  INFO 24908 --- [main] s.w.s.m.m.a.RequestMappingHandlerMapping : Mapped "{[/api/{env}/manage/config/{key}],methods=[PUT]}" onto public boolean org.apache.dubbo.admin.controller.ManagementController.updateConfig(java.lang.String,org.apache.dubbo.admin.model.dto.ConfigDTO,java.lang.String)
2019-04-24 00:00:40.048  INFO 24908 --- [main] s.w.s.m.m.a.RequestMappingHandlerMapping : Mapped "{[/api/{env}/manage/config],methods=[POST]}" onto public boolean org.apache.dubbo.admin.controller.ManagementController.createConfig(org.apache.dubbo.admin.model.dto.ConfigDTO,java.lang.String)
2019-04-24 00:00:40.053  INFO 24908 --- [main] s.w.s.m.m.a.RequestMappingHandlerMapping : Mapped "{[/api/{env}/rules/override/enable/{id}],methods=[PUT]}" onto public boolean org.apache.dubbo.admin.controller.OverridesController.enableRoute(java.lang.String,java.lang.String)
2019-04-24 00:00:40.053  INFO 24908 --- [main] s.w.s.m.m.a.RequestMappingHandlerMapping : Mapped "{[/api/{env}/rules/override/disable/{id}],methods=[PUT]}" onto public boolean org.apache.dubbo.admin.controller.OverridesController.disableRoute(java.lang.String,java.lang.String)
2019-04-24 00:00:40.054  INFO 24908 --- [main] s.w.s.m.m.a.RequestMappingHandlerMapping : Mapped "{[/api/{env}/rules/override],methods=[POST]}" onto public boolean org.apache.dubbo.admin.controller.OverridesController.createOverride(org.apache.dubbo.admin.model.dto.DynamicConfigDTO,java.lang.String)
2019-04-24 00:00:40.055  INFO 24908 --- [main] s.w.s.m.m.a.RequestMappingHandlerMapping : Mapped "{[/api/{env}/rules/override/{id}],methods=[PUT]}" onto public boolean org.apache.dubbo.admin.controller.OverridesController.updateOverride(java.lang.String,org.apache.dubbo.admin.model.dto.DynamicConfigDTO,java.lang.String)
2019-04-24 00:00:40.059  INFO 24908 --- [main] s.w.s.m.m.a.RequestMappingHandlerMapping : Mapped "{[/api/{env}/rules/override/{id}],methods=[GET]}" onto public org.apache.dubbo.admin.model.dto.DynamicConfigDTO org.apache.dubbo.admin.controller.OverridesController.detailOverride(java.lang.String,java.lang.String)
2019-04-24 00:00:40.060  INFO 24908 --- [main] s.w.s.m.m.a.RequestMappingHandlerMapping : Mapped "{[/api/{env}/rules/override],methods=[GET]}" onto public java.util.List<org.apache.dubbo.admin.model.dto.DynamicConfigDTO> org.apache.dubbo.admin.controller.OverridesController.searchOverride(java.lang.String,java.lang.String,java.lang.String)
2019-04-24 00:00:40.061  INFO 24908 --- [main] s.w.s.m.m.a.RequestMappingHandlerMapping : Mapped "{[/api/{env}/rules/override/{id}],methods=[DELETE]}" onto public boolean org.apache.dubbo.admin.controller.OverridesController.deleteOverride(java.lang.String,java.lang.String)
2019-04-24 00:00:40.065  INFO 24908 --- [main] s.w.s.m.m.a.RequestMappingHandlerMapping : Mapped "{[/api/{env}/service/{service}],methods=[GET]}" onto public org.apache.dubbo.admin.model.dto.ServiceDetailDTO org.apache.dubbo.admin.controller.ServiceController.serviceDetail(java.lang.String,java.lang.String)
2019-04-24 00:00:40.066  INFO 24908 --- [main] s.w.s.m.m.a.RequestMappingHandlerMapping : Mapped "{[/api/{env}/service],methods=[GET]}" onto public org.springframework.data.domain.Page<org.apache.dubbo.admin.model.dto.ServiceDTO> org.apache.dubbo.admin.controller.ServiceController.searchService(java.lang.String,java.lang.String,java.lang.String,org.springframework.data.domain.Pageable)
2019-04-24 00:00:40.067  INFO 24908 --- [main] s.w.s.m.m.a.RequestMappingHandlerMapping : Mapped "{[/api/{env}/services],methods=[GET]}" onto public java.util.Set<java.lang.String> org.apache.dubbo.admin.controller.ServiceController.allServices(java.lang.String)
2019-04-24 00:00:40.067  INFO 24908 --- [main] s.w.s.m.m.a.RequestMappingHandlerMapping : Mapped "{[/api/{env}/applications],methods=[GET]}" onto public java.util.Set<java.lang.String> org.apache.dubbo.admin.controller.ServiceController.allApplications(java.lang.String)
2019-04-24 00:00:40.069  INFO 24908 --- [main] s.w.s.m.m.a.RequestMappingHandlerMapping : Mapped "{[/api/{env}/test/method],methods=[GET]}" onto public org.apache.dubbo.admin.model.domain.MethodMetadata org.apache.dubbo.admin.controller.ServiceTestController.methodDetail(java.lang.String,java.lang.String,java.lang.String,java.lang.String)
2019-04-24 00:00:40.070  INFO 24908 --- [main] s.w.s.m.m.a.RequestMappingHandlerMapping : Mapped "{[/api/{env}/test],methods=[POST]}" onto public java.lang.Object org.apache.dubbo.admin.controller.ServiceTestController.test(java.lang.String,org.apache.dubbo.admin.model.dto.ServiceTestDTO)
2019-04-24 00:00:40.074  INFO 24908 --- [main] s.w.s.m.m.a.RequestMappingHandlerMapping : Mapped "{[/api/{env}/rules/route/tag],methods=[POST]}" onto public boolean org.apache.dubbo.admin.controller.TagRoutesController.createRule(org.apache.dubbo.admin.model.dto.TagRouteDTO,java.lang.String)
2019-04-24 00:00:40.075  INFO 24908 --- [main] s.w.s.m.m.a.RequestMappingHandlerMapping : Mapped "{[/api/{env}/rules/route/tag/{id}],methods=[PUT]}" onto public boolean org.apache.dubbo.admin.controller.TagRoutesController.updateRule(java.lang.String,org.apache.dubbo.admin.model.dto.TagRouteDTO,java.lang.String)
2019-04-24 00:00:40.075  INFO 24908 --- [main] s.w.s.m.m.a.RequestMappingHandlerMapping : Mapped "{[/api/{env}/rules/route/tag],methods=[GET]}" onto public java.util.List<org.apache.dubbo.admin.model.dto.TagRouteDTO> org.apache.dubbo.admin.controller.TagRoutesController.searchRoutes(java.lang.String,java.lang.String)
2019-04-24 00:00:40.076  INFO 24908 --- [main] s.w.s.m.m.a.RequestMappingHandlerMapping : Mapped "{[/api/{env}/rules/route/tag/{id}],methods=[GET]}" onto public org.apache.dubbo.admin.model.dto.TagRouteDTO org.apache.dubbo.admin.controller.TagRoutesController.detailRoute(java.lang.String,java.lang.String)
2019-04-24 00:00:40.077  INFO 24908 --- [main] s.w.s.m.m.a.RequestMappingHandlerMapping : Mapped "{[/api/{env}/rules/route/tag/{id}],methods=[DELETE]}" onto public boolean org.apache.dubbo.admin.controller.TagRoutesController.deleteRoute(java.lang.String,java.lang.String)
2019-04-24 00:00:40.078  INFO 24908 --- [main] s.w.s.m.m.a.RequestMappingHandlerMapping : Mapped "{[/api/{env}/rules/route/tag/enable/{id}],methods=[PUT]}" onto public boolean org.apache.dubbo.admin.controller.TagRoutesController.enableRoute(java.lang.String,java.lang.String)
2019-04-24 00:00:40.078  INFO 24908 --- [main] s.w.s.m.m.a.RequestMappingHandlerMapping : Mapped "{[/api/{env}/rules/route/tag/disable/{id}],methods=[PUT]}" onto public boolean org.apache.dubbo.admin.controller.TagRoutesController.disableRoute(java.lang.String,java.lang.String)
2019-04-24 00:00:40.081  INFO 24908 --- [main] s.w.s.m.m.a.RequestMappingHandlerMapping : Mapped "{[/api/{env}/rules/weight/{id}],methods=[PUT]}" onto public boolean org.apache.dubbo.admin.controller.WeightController.updateWeight(java.lang.String,org.apache.dubbo.admin.model.dto.WeightDTO,java.lang.String)
2019-04-24 00:00:40.082  INFO 24908 --- [main] s.w.s.m.m.a.RequestMappingHandlerMapping : Mapped "{[/api/{env}/rules/weight/{id}],methods=[GET]}" onto public org.apache.dubbo.admin.model.dto.WeightDTO org.apache.dubbo.admin.controller.WeightController.detailWeight(java.lang.String,java.lang.String)
2019-04-24 00:00:40.083  INFO 24908 --- [main] s.w.s.m.m.a.RequestMappingHandlerMapping : Mapped "{[/api/{env}/rules/weight],methods=[GET]}" onto public java.util.List<org.apache.dubbo.admin.model.dto.WeightDTO> org.apache.dubbo.admin.controller.WeightController.searchWeight(java.lang.String,java.lang.String,java.lang.String)
2019-04-24 00:00:40.084  INFO 24908 --- [main] s.w.s.m.m.a.RequestMappingHandlerMapping : Mapped "{[/api/{env}/rules/weight],methods=[POST]}" onto public boolean org.apache.dubbo.admin.controller.WeightController.createWeight(org.apache.dubbo.admin.model.dto.WeightDTO,java.lang.String)
2019-04-24 00:00:40.085  INFO 24908 --- [main] s.w.s.m.m.a.RequestMappingHandlerMapping : Mapped "{[/api/{env}/rules/weight/{id}],methods=[DELETE]}" onto public boolean org.apache.dubbo.admin.controller.WeightController.deleteWeight(java.lang.String,java.lang.String)
2019-04-24 00:00:40.096  INFO 24908 --- [main] s.w.s.m.m.a.RequestMappingHandlerMapping : Mapped "{[/swagger-resources/configuration/ui]}" onto public org.springframework.http.ResponseEntity<springfox.documentation.swagger.web.UiConfiguration> springfox.documentation.swagger.web.ApiResourceController.uiConfiguration()
2019-04-24 00:00:40.098  INFO 24908 --- [main] s.w.s.m.m.a.RequestMappingHandlerMapping : Mapped "{[/swagger-resources]}" onto public org.springframework.http.ResponseEntity<java.util.List<springfox.documentation.swagger.web.SwaggerResource>> springfox.documentation.swagger.web.ApiResourceController.swaggerResources()
2019-04-24 00:00:40.100  INFO 24908 --- [main] s.w.s.m.m.a.RequestMappingHandlerMapping : Mapped "{[/swagger-resources/configuration/security]}" onto public org.springframework.http.ResponseEntity<springfox.documentation.swagger.web.SecurityConfiguration> springfox.documentation.swagger.web.ApiResourceController.securityConfiguration()
2019-04-24 00:00:40.108  INFO 24908 --- [main] s.w.s.m.m.a.RequestMappingHandlerMapping : Mapped "{[/error],produces=[text/html]}" onto public org.springframework.web.servlet.ModelAndView org.springframework.boot.autoconfigure.web.servlet.error.BasicErrorController.errorHtml(javax.servlet.http.HttpServletRequest,javax.servlet.http.HttpServletResponse)
2019-04-24 00:00:40.109  INFO 24908 --- [main] s.w.s.m.m.a.RequestMappingHandlerMapping : Mapped "{[/error]}" onto public org.springframework.http.ResponseEntity<java.util.Map<java.lang.String, java.lang.Object>> org.springframework.boot.autoconfigure.web.servlet.error.BasicErrorController.error(javax.servlet.http.HttpServletRequest)
2019-04-24 00:00:40.415  INFO 24908 --- [main] pertySourcedRequestMappingHandlerMapping : Mapped URL path [/v2/api-docs] onto method [public org.springframework.http.ResponseEntity<springfox.documentation.spring.web.json.Json> springfox.documentation.swagger2.web.Swagger2Controller.getDocumentation(java.lang.String,javax.servlet.http.HttpServletRequest)]
2019-04-24 00:00:40.546  INFO 24908 --- [main] o.s.w.s.handler.SimpleUrlHandlerMapping  : Mapped URL path [/**/favicon.ico] onto handler of type [class org.springframework.web.servlet.resource.ResourceHttpRequestHandler]
2019-04-24 00:00:40.862  INFO 24908 --- [main] s.w.s.m.m.a.RequestMappingHandlerAdapter : Looking for @ControllerAdvice: org.springframework.boot.web.servlet.context.AnnotationConfigServletWebServerApplicationContext@4567f35d: startup date [Wed Apr 24 00:00:33 CST 2019]; root of context hierarchy
2019-04-24 00:00:40.943  INFO 24908 --- [main] o.s.w.s.handler.SimpleUrlHandlerMapping  : Mapped URL path [/webjars/**] onto handler of type [class org.springframework.web.servlet.resource.ResourceHttpRequestHandler]
2019-04-24 00:00:40.943  INFO 24908 --- [main] o.s.w.s.handler.SimpleUrlHandlerMapping  : Mapped URL path [/**] onto handler of type [class org.springframework.web.servlet.resource.ResourceHttpRequestHandler]
2019-04-24 00:00:40.969  INFO 24908 --- [main] .m.m.a.ExceptionHandlerExceptionResolver : Detected @ExceptionHandler methods in customExceptionHandler
2019-04-24 00:00:41.365  INFO 24908 --- [main] o.s.j.e.a.AnnotationMBeanExporter        : Registering beans for JMX exposure on startup
2019-04-24 00:00:41.387  INFO 24908 --- [main] o.s.c.support.DefaultLifecycleProcessor  : Starting beans in phase 2147483647
2019-04-24 00:00:41.388  INFO 24908 --- [main] d.s.w.p.DocumentationPluginsBootstrapper : Context refreshed
2019-04-24 00:00:41.437  INFO 24908 --- [main] d.s.w.p.DocumentationPluginsBootstrapper : Found 1 custom documentation plugin(s)
2019-04-24 00:00:41.560  INFO 24908 --- [main] s.d.s.w.s.ApiListingReferenceScanner     : Scanning for api listing references
2019-04-24 00:00:41.970  INFO 24908 --- [main] .d.s.w.r.o.CachingOperationNameGenerator : Generating unique operation named: disableRouteUsingPUT_1
2019-04-24 00:00:41.973  INFO 24908 --- [main] .d.s.w.r.o.CachingOperationNameGenerator : Generating unique operation named: enableRouteUsingPUT_1
2019-04-24 00:00:42.143  INFO 24908 --- [main] .d.s.w.r.o.CachingOperationNameGenerator : Generating unique operation named: createRuleUsingPOST_1
2019-04-24 00:00:42.145  INFO 24908 --- [main] .d.s.w.r.o.CachingOperationNameGenerator : Generating unique operation named: deleteRouteUsingDELETE_1
2019-04-24 00:00:42.151  INFO 24908 --- [main] .d.s.w.r.o.CachingOperationNameGenerator : Generating unique operation named: detailRouteUsingGET_1
2019-04-24 00:00:42.153  INFO 24908 --- [main] .d.s.w.r.o.CachingOperationNameGenerator : Generating unique operation named: disableRouteUsingPUT_2
2019-04-24 00:00:42.155  INFO 24908 --- [main] .d.s.w.r.o.CachingOperationNameGenerator : Generating unique operation named: enableRouteUsingPUT_2
2019-04-24 00:00:42.159  INFO 24908 --- [main] .d.s.w.r.o.CachingOperationNameGenerator : Generating unique operation named: searchRoutesUsingGET_1
2019-04-24 00:00:42.162  INFO 24908 --- [main] .d.s.w.r.o.CachingOperationNameGenerator : Generating unique operation named: updateRuleUsingPUT_1
2019-04-24 00:00:42.330  INFO 24908 --- [main] o.s.b.w.embedded.tomcat.TomcatWebServer  : Tomcat started on port(s): 8080 (http) with context path ''
2019-04-24 00:00:48.647  INFO 24908 --- [Thread-27] ConfigServletWebServerApplicationContext : Closing org.springframework.boot.web.servlet.context.AnnotationConfigServletWebServerApplicationContext@4567f35d: startup date [Wed Apr 24 00:00:33 CST 2019]; root of context hierarchy
2019-04-24 00:00:48.652  INFO 24908 --- [Thread-27] o.s.c.support.DefaultLifecycleProcessor  : Stopping beans in phase 2147483647
2019-04-24 00:00:48.653  INFO 24908 --- [Thread-27] o.s.j.e.a.AnnotationMBeanExporter        : Unregistering JMX-exposed beans on shutdown
2019-04-24 00:01:00.156  INFO 25084 --- [main] ConfigServletWebServerApplicationContext : Refreshing org.springframework.boot.web.servlet.context.AnnotationConfigServletWebServerApplicationContext@694abbdc: startup date [Wed Apr 24 00:01:00 CST 2019]; root of context hierarchy
2019-04-24 00:01:03.560  INFO 25084 --- [main] o.s.b.w.embedded.tomcat.TomcatWebServer  : Tomcat initialized with port(s): 8345 (http)
2019-04-24 00:01:03.739  INFO 25084 --- [localhost-startStop-1] o.s.web.context.ContextLoader            : Root WebApplicationContext: initialization completed in 3584 ms
2019-04-24 00:01:03.914  INFO 25084 --- [localhost-startStop-1] o.s.b.w.servlet.ServletRegistrationBean  : Servlet dispatcherServlet mapped to [/]
2019-04-24 00:01:03.923  INFO 25084 --- [localhost-startStop-1] o.s.b.w.servlet.FilterRegistrationBean   : Mapping filter: 'characterEncodingFilter' to: [/*]
2019-04-24 00:01:03.923  INFO 25084 --- [localhost-startStop-1] o.s.b.w.servlet.FilterRegistrationBean   : Mapping filter: 'hiddenHttpMethodFilter' to: [/*]
2019-04-24 00:01:03.924  INFO 25084 --- [localhost-startStop-1] o.s.b.w.servlet.FilterRegistrationBean   : Mapping filter: 'httpPutFormContentFilter' to: [/*]
2019-04-24 00:01:03.924  INFO 25084 --- [localhost-startStop-1] o.s.b.w.servlet.FilterRegistrationBean   : Mapping filter: 'requestContextFilter' to: [/*]
2019-04-24 00:01:05.166  INFO 25084 --- [main] s.w.s.m.m.a.RequestMappingHandlerMapping : Mapped "{[/api/{env}/rules/access],methods=[GET]}" onto public java.util.List<org.apache.dubbo.admin.model.dto.AccessDTO> org.apache.dubbo.admin.controller.AccessesController.searchAccess(java.lang.String,java.lang.String,java.lang.String)
2019-04-24 00:01:05.167  INFO 25084 --- [main] s.w.s.m.m.a.RequestMappingHandlerMapping : Mapped "{[/api/{env}/rules/access/{id}],methods=[GET]}" onto public org.apache.dubbo.admin.model.dto.AccessDTO org.apache.dubbo.admin.controller.AccessesController.detailAccess(java.lang.String,java.lang.String)
2019-04-24 00:01:05.168  INFO 25084 --- [main] s.w.s.m.m.a.RequestMappingHandlerMapping : Mapped "{[/api/{env}/rules/access/{id}],methods=[DELETE]}" onto public void org.apache.dubbo.admin.controller.AccessesController.deleteAccess(java.lang.String,java.lang.String)
2019-04-24 00:01:05.169  INFO 25084 --- [main] s.w.s.m.m.a.RequestMappingHandlerMapping : Mapped "{[/api/{env}/rules/access],methods=[POST]}" onto public void org.apache.dubbo.admin.controller.AccessesController.createAccess(org.apache.dubbo.admin.model.dto.AccessDTO,java.lang.String)
2019-04-24 00:01:05.170  INFO 25084 --- [main] s.w.s.m.m.a.RequestMappingHandlerMapping : Mapped "{[/api/{env}/rules/access/{id}],methods=[PUT]}" onto public void org.apache.dubbo.admin.controller.AccessesController.updateAccess(java.lang.String,org.apache.dubbo.admin.model.dto.AccessDTO,java.lang.String)
2019-04-24 00:01:05.174  INFO 25084 --- [main] s.w.s.m.m.a.RequestMappingHandlerMapping : Mapped "{[/api/{env}/rules/route/condition/{id}],methods=[GET]}" onto public org.apache.dubbo.admin.model.dto.ConditionRouteDTO org.apache.dubbo.admin.controller.ConditionRoutesController.detailRoute(java.lang.String,java.lang.String)
2019-04-24 00:01:05.174  INFO 25084 --- [main] s.w.s.m.m.a.RequestMappingHandlerMapping : Mapped "{[/api/{env}/rules/route/condition/{id}],methods=[DELETE]}" onto public boolean org.apache.dubbo.admin.controller.ConditionRoutesController.deleteRoute(java.lang.String,java.lang.String)
2019-04-24 00:01:05.175  INFO 25084 --- [main] s.w.s.m.m.a.RequestMappingHandlerMapping : Mapped "{[/api/{env}/rules/route/condition/enable/{id}],methods=[PUT]}" onto public boolean org.apache.dubbo.admin.controller.ConditionRoutesController.enableRoute(java.lang.String,java.lang.String)
2019-04-24 00:01:05.175  INFO 25084 --- [main] s.w.s.m.m.a.RequestMappingHandlerMapping : Mapped "{[/api/{env}/rules/route/condition/disable/{id}],methods=[PUT]}" onto public boolean org.apache.dubbo.admin.controller.ConditionRoutesController.disableRoute(java.lang.String,java.lang.String)
2019-04-24 00:01:05.176  INFO 25084 --- [main] s.w.s.m.m.a.RequestMappingHandlerMapping : Mapped "{[/api/{env}/rules/route/condition],methods=[POST]}" onto public boolean org.apache.dubbo.admin.controller.ConditionRoutesController.createRule(org.apache.dubbo.admin.model.dto.ConditionRouteDTO,java.lang.String)
2019-04-24 00:01:05.177  INFO 25084 --- [main] s.w.s.m.m.a.RequestMappingHandlerMapping : Mapped "{[/api/{env}/rules/route/condition/{id}],methods=[PUT]}" onto public boolean org.apache.dubbo.admin.controller.ConditionRoutesController.updateRule(java.lang.String,org.apache.dubbo.admin.model.dto.ConditionRouteDTO,java.lang.String)
2019-04-24 00:01:05.177  INFO 25084 --- [main] s.w.s.m.m.a.RequestMappingHandlerMapping : Mapped "{[/api/{env}/rules/route/condition],methods=[GET]}" onto public java.util.List<org.apache.dubbo.admin.model.dto.ConditionRouteDTO> org.apache.dubbo.admin.controller.ConditionRoutesController.searchRoutes(java.lang.String,java.lang.String,java.lang.String)
2019-04-24 00:01:05.184  INFO 25084 --- [main] s.w.s.m.m.a.RequestMappingHandlerMapping : Mapped "{[/api/{env}/rules/balancing],methods=[POST]}" onto public boolean org.apache.dubbo.admin.controller.LoadBalanceController.createLoadbalance(org.apache.dubbo.admin.model.dto.BalancingDTO,java.lang.String) throws org.apache.dubbo.admin.common.exception.ParamValidationException
2019-04-24 00:01:05.184  INFO 25084 --- [main] s.w.s.m.m.a.RequestMappingHandlerMapping : Mapped "{[/api/{env}/rules/balancing/{id}],methods=[PUT]}" onto public boolean org.apache.dubbo.admin.controller.LoadBalanceController.updateLoadbalance(java.lang.String,org.apache.dubbo.admin.model.dto.BalancingDTO,java.lang.String) throws org.apache.dubbo.admin.common.exception.ParamValidationException
2019-04-24 00:01:05.185  INFO 25084 --- [main] s.w.s.m.m.a.RequestMappingHandlerMapping : Mapped "{[/api/{env}/rules/balancing],methods=[GET]}" onto public java.util.List<org.apache.dubbo.admin.model.dto.BalancingDTO> org.apache.dubbo.admin.controller.LoadBalanceController.searchLoadbalances(java.lang.String,java.lang.String,java.lang.String)
2019-04-24 00:01:05.185  INFO 25084 --- [main] s.w.s.m.m.a.RequestMappingHandlerMapping : Mapped "{[/api/{env}/rules/balancing/{id}],methods=[GET]}" onto public org.apache.dubbo.admin.model.dto.BalancingDTO org.apache.dubbo.admin.controller.LoadBalanceController.detailLoadBalance(java.lang.String,java.lang.String) throws org.apache.dubbo.admin.common.exception.ParamValidationException
2019-04-24 00:01:05.186  INFO 25084 --- [main] s.w.s.m.m.a.RequestMappingHandlerMapping : Mapped "{[/api/{env}/rules/balancing/{id}],methods=[DELETE]}" onto public boolean org.apache.dubbo.admin.controller.LoadBalanceController.deleteLoadBalance(java.lang.String,java.lang.String)
2019-04-24 00:01:05.187  INFO 25084 --- [main] s.w.s.m.m.a.RequestMappingHandlerMapping : Mapped "{[/api/{env}/manage/config/{key}],methods=[GET]}" onto public java.util.List<org.apache.dubbo.admin.model.dto.ConfigDTO> org.apache.dubbo.admin.controller.ManagementController.getConfig(java.lang.String,java.lang.String)
2019-04-24 00:01:05.187  INFO 25084 --- [main] s.w.s.m.m.a.RequestMappingHandlerMapping : Mapped "{[/api/{env}/manage/config/{key}],methods=[PUT]}" onto public boolean org.apache.dubbo.admin.controller.ManagementController.updateConfig(java.lang.String,org.apache.dubbo.admin.model.dto.ConfigDTO,java.lang.String)
2019-04-24 00:01:05.188  INFO 25084 --- [main] s.w.s.m.m.a.RequestMappingHandlerMapping : Mapped "{[/api/{env}/manage/config],methods=[POST]}" onto public boolean org.apache.dubbo.admin.controller.ManagementController.createConfig(org.apache.dubbo.admin.model.dto.ConfigDTO,java.lang.String)
2019-04-24 00:01:05.188  INFO 25084 --- [main] s.w.s.m.m.a.RequestMappingHandlerMapping : Mapped "{[/api/{env}/manage/config/{key}],methods=[DELETE]}" onto public boolean org.apache.dubbo.admin.controller.ManagementController.deleteConfig(java.lang.String,java.lang.String)
2019-04-24 00:01:05.190  INFO 25084 --- [main] s.w.s.m.m.a.RequestMappingHandlerMapping : Mapped "{[/api/{env}/rules/override/enable/{id}],methods=[PUT]}" onto public boolean org.apache.dubbo.admin.controller.OverridesController.enableRoute(java.lang.String,java.lang.String)
2019-04-24 00:01:05.191  INFO 25084 --- [main] s.w.s.m.m.a.RequestMappingHandlerMapping : Mapped "{[/api/{env}/rules/override/disable/{id}],methods=[PUT]}" onto public boolean org.apache.dubbo.admin.controller.OverridesController.disableRoute(java.lang.String,java.lang.String)
2019-04-24 00:01:05.191  INFO 25084 --- [main] s.w.s.m.m.a.RequestMappingHandlerMapping : Mapped "{[/api/{env}/rules/override],methods=[POST]}" onto public boolean org.apache.dubbo.admin.controller.OverridesController.createOverride(org.apache.dubbo.admin.model.dto.DynamicConfigDTO,java.lang.String)
2019-04-24 00:01:05.191  INFO 25084 --- [main] s.w.s.m.m.a.RequestMappingHandlerMapping : Mapped "{[/api/{env}/rules/override/{id}],methods=[PUT]}" onto public boolean org.apache.dubbo.admin.controller.OverridesController.updateOverride(java.lang.String,org.apache.dubbo.admin.model.dto.DynamicConfigDTO,java.lang.String)
2019-04-24 00:01:05.192  INFO 25084 --- [main] s.w.s.m.m.a.RequestMappingHandlerMapping : Mapped "{[/api/{env}/rules/override/{id}],methods=[GET]}" onto public org.apache.dubbo.admin.model.dto.DynamicConfigDTO org.apache.dubbo.admin.controller.OverridesController.detailOverride(java.lang.String,java.lang.String)
2019-04-24 00:01:05.192  INFO 25084 --- [main] s.w.s.m.m.a.RequestMappingHandlerMapping : Mapped "{[/api/{env}/rules/override],methods=[GET]}" onto public java.util.List<org.apache.dubbo.admin.model.dto.DynamicConfigDTO> org.apache.dubbo.admin.controller.OverridesController.searchOverride(java.lang.String,java.lang.String,java.lang.String)
2019-04-24 00:01:05.193  INFO 25084 --- [main] s.w.s.m.m.a.RequestMappingHandlerMapping : Mapped "{[/api/{env}/rules/override/{id}],methods=[DELETE]}" onto public boolean org.apache.dubbo.admin.controller.OverridesController.deleteOverride(java.lang.String,java.lang.String)
2019-04-24 00:01:05.194  INFO 25084 --- [main] s.w.s.m.m.a.RequestMappingHandlerMapping : Mapped "{[/api/{env}/service/{service}],methods=[GET]}" onto public org.apache.dubbo.admin.model.dto.ServiceDetailDTO org.apache.dubbo.admin.controller.ServiceController.serviceDetail(java.lang.String,java.lang.String)
2019-04-24 00:01:05.195  INFO 25084 --- [main] s.w.s.m.m.a.RequestMappingHandlerMapping : Mapped "{[/api/{env}/service],methods=[GET]}" onto public org.springframework.data.domain.Page<org.apache.dubbo.admin.model.dto.ServiceDTO> org.apache.dubbo.admin.controller.ServiceController.searchService(java.lang.String,java.lang.String,java.lang.String,org.springframework.data.domain.Pageable)
2019-04-24 00:01:05.195  INFO 25084 --- [main] s.w.s.m.m.a.RequestMappingHandlerMapping : Mapped "{[/api/{env}/services],methods=[GET]}" onto public java.util.Set<java.lang.String> org.apache.dubbo.admin.controller.ServiceController.allServices(java.lang.String)
2019-04-24 00:01:05.196  INFO 25084 --- [main] s.w.s.m.m.a.RequestMappingHandlerMapping : Mapped "{[/api/{env}/applications],methods=[GET]}" onto public java.util.Set<java.lang.String> org.apache.dubbo.admin.controller.ServiceController.allApplications(java.lang.String)
2019-04-24 00:01:05.197  INFO 25084 --- [main] s.w.s.m.m.a.RequestMappingHandlerMapping : Mapped "{[/api/{env}/test/method],methods=[GET]}" onto public org.apache.dubbo.admin.model.domain.MethodMetadata org.apache.dubbo.admin.controller.ServiceTestController.methodDetail(java.lang.String,java.lang.String,java.lang.String,java.lang.String)
2019-04-24 00:01:05.197  INFO 25084 --- [main] s.w.s.m.m.a.RequestMappingHandlerMapping : Mapped "{[/api/{env}/test],methods=[POST]}" onto public java.lang.Object org.apache.dubbo.admin.controller.ServiceTestController.test(java.lang.String,org.apache.dubbo.admin.model.dto.ServiceTestDTO)
2019-04-24 00:01:05.199  INFO 25084 --- [main] s.w.s.m.m.a.RequestMappingHandlerMapping : Mapped "{[/api/{env}/rules/route/tag/{id}],methods=[GET]}" onto public org.apache.dubbo.admin.model.dto.TagRouteDTO org.apache.dubbo.admin.controller.TagRoutesController.detailRoute(java.lang.String,java.lang.String)
2019-04-24 00:01:05.200  INFO 25084 --- [main] s.w.s.m.m.a.RequestMappingHandlerMapping : Mapped "{[/api/{env}/rules/route/tag/{id}],methods=[DELETE]}" onto public boolean org.apache.dubbo.admin.controller.TagRoutesController.deleteRoute(java.lang.String,java.lang.String)
2019-04-24 00:01:05.200  INFO 25084 --- [main] s.w.s.m.m.a.RequestMappingHandlerMapping : Mapped "{[/api/{env}/rules/route/tag/enable/{id}],methods=[PUT]}" onto public boolean org.apache.dubbo.admin.controller.TagRoutesController.enableRoute(java.lang.String,java.lang.String)
2019-04-24 00:01:05.201  INFO 25084 --- [main] s.w.s.m.m.a.RequestMappingHandlerMapping : Mapped "{[/api/{env}/rules/route/tag/disable/{id}],methods=[PUT]}" onto public boolean org.apache.dubbo.admin.controller.TagRoutesController.disableRoute(java.lang.String,java.lang.String)
2019-04-24 00:01:05.201  INFO 25084 --- [main] s.w.s.m.m.a.RequestMappingHandlerMapping : Mapped "{[/api/{env}/rules/route/tag],methods=[POST]}" onto public boolean org.apache.dubbo.admin.controller.TagRoutesController.createRule(org.apache.dubbo.admin.model.dto.TagRouteDTO,java.lang.String)
2019-04-24 00:01:05.202  INFO 25084 --- [main] s.w.s.m.m.a.RequestMappingHandlerMapping : Mapped "{[/api/{env}/rules/route/tag/{id}],methods=[PUT]}" onto public boolean org.apache.dubbo.admin.controller.TagRoutesController.updateRule(java.lang.String,org.apache.dubbo.admin.model.dto.TagRouteDTO,java.lang.String)
2019-04-24 00:01:05.202  INFO 25084 --- [main] s.w.s.m.m.a.RequestMappingHandlerMapping : Mapped "{[/api/{env}/rules/route/tag],methods=[GET]}" onto public java.util.List<org.apache.dubbo.admin.model.dto.TagRouteDTO> org.apache.dubbo.admin.controller.TagRoutesController.searchRoutes(java.lang.String,java.lang.String)
2019-04-24 00:01:05.204  INFO 25084 --- [main] s.w.s.m.m.a.RequestMappingHandlerMapping : Mapped "{[/api/{env}/rules/weight/{id}],methods=[PUT]}" onto public boolean org.apache.dubbo.admin.controller.WeightController.updateWeight(java.lang.String,org.apache.dubbo.admin.model.dto.WeightDTO,java.lang.String)
2019-04-24 00:01:05.205  INFO 25084 --- [main] s.w.s.m.m.a.RequestMappingHandlerMapping : Mapped "{[/api/{env}/rules/weight/{id}],methods=[GET]}" onto public org.apache.dubbo.admin.model.dto.WeightDTO org.apache.dubbo.admin.controller.WeightController.detailWeight(java.lang.String,java.lang.String)
2019-04-24 00:01:05.206  INFO 25084 --- [main] s.w.s.m.m.a.RequestMappingHandlerMapping : Mapped "{[/api/{env}/rules/weight],methods=[GET]}" onto public java.util.List<org.apache.dubbo.admin.model.dto.WeightDTO> org.apache.dubbo.admin.controller.WeightController.searchWeight(java.lang.String,java.lang.String,java.lang.String)
2019-04-24 00:01:05.206  INFO 25084 --- [main] s.w.s.m.m.a.RequestMappingHandlerMapping : Mapped "{[/api/{env}/rules/weight],methods=[POST]}" onto public boolean org.apache.dubbo.admin.controller.WeightController.createWeight(org.apache.dubbo.admin.model.dto.WeightDTO,java.lang.String)
2019-04-24 00:01:05.207  INFO 25084 --- [main] s.w.s.m.m.a.RequestMappingHandlerMapping : Mapped "{[/api/{env}/rules/weight/{id}],methods=[DELETE]}" onto public boolean org.apache.dubbo.admin.controller.WeightController.deleteWeight(java.lang.String,java.lang.String)
2019-04-24 00:01:05.216  INFO 25084 --- [main] s.w.s.m.m.a.RequestMappingHandlerMapping : Mapped "{[/swagger-resources/configuration/security]}" onto public org.springframework.http.ResponseEntity<springfox.documentation.swagger.web.SecurityConfiguration> springfox.documentation.swagger.web.ApiResourceController.securityConfiguration()
2019-04-24 00:01:05.218  INFO 25084 --- [main] s.w.s.m.m.a.RequestMappingHandlerMapping : Mapped "{[/swagger-resources/configuration/ui]}" onto public org.springframework.http.ResponseEntity<springfox.documentation.swagger.web.UiConfiguration> springfox.documentation.swagger.web.ApiResourceController.uiConfiguration()
2019-04-24 00:01:05.219  INFO 25084 --- [main] s.w.s.m.m.a.RequestMappingHandlerMapping : Mapped "{[/swagger-resources]}" onto public org.springframework.http.ResponseEntity<java.util.List<springfox.documentation.swagger.web.SwaggerResource>> springfox.documentation.swagger.web.ApiResourceController.swaggerResources()
2019-04-24 00:01:05.225  INFO 25084 --- [main] s.w.s.m.m.a.RequestMappingHandlerMapping : Mapped "{[/error],produces=[text/html]}" onto public org.springframework.web.servlet.ModelAndView org.springframework.boot.autoconfigure.web.servlet.error.BasicErrorController.errorHtml(javax.servlet.http.HttpServletRequest,javax.servlet.http.HttpServletResponse)
2019-04-24 00:01:05.226  INFO 25084 --- [main] s.w.s.m.m.a.RequestMappingHandlerMapping : Mapped "{[/error]}" onto public org.springframework.http.ResponseEntity<java.util.Map<java.lang.String, java.lang.Object>> org.springframework.boot.autoconfigure.web.servlet.error.BasicErrorController.error(javax.servlet.http.HttpServletRequest)
2019-04-24 00:01:05.437  INFO 25084 --- [main] pertySourcedRequestMappingHandlerMapping : Mapped URL path [/v2/api-docs] onto method [public org.springframework.http.ResponseEntity<springfox.documentation.spring.web.json.Json> springfox.documentation.swagger2.web.Swagger2Controller.getDocumentation(java.lang.String,javax.servlet.http.HttpServletRequest)]
2019-04-24 00:01:05.571  INFO 25084 --- [main] o.s.w.s.handler.SimpleUrlHandlerMapping  : Mapped URL path [/**/favicon.ico] onto handler of type [class org.springframework.web.servlet.resource.ResourceHttpRequestHandler]
2019-04-24 00:01:05.808  INFO 25084 --- [main] s.w.s.m.m.a.RequestMappingHandlerAdapter : Looking for @ControllerAdvice: org.springframework.boot.web.servlet.context.AnnotationConfigServletWebServerApplicationContext@694abbdc: startup date [Wed Apr 24 00:01:00 CST 2019]; root of context hierarchy
2019-04-24 00:01:05.869  INFO 25084 --- [main] o.s.w.s.handler.SimpleUrlHandlerMapping  : Mapped URL path [/webjars/**] onto handler of type [class org.springframework.web.servlet.resource.ResourceHttpRequestHandler]
2019-04-24 00:01:05.869  INFO 25084 --- [main] o.s.w.s.handler.SimpleUrlHandlerMapping  : Mapped URL path [/**] onto handler of type [class org.springframework.web.servlet.resource.ResourceHttpRequestHandler]
2019-04-24 00:01:05.893  INFO 25084 --- [main] .m.m.a.ExceptionHandlerExceptionResolver : Detected @ExceptionHandler methods in customExceptionHandler
2019-04-24 00:01:06.211  INFO 25084 --- [main] o.s.j.e.a.AnnotationMBeanExporter        : Registering beans for JMX exposure on startup
2019-04-24 00:01:06.227  INFO 25084 --- [main] o.s.c.support.DefaultLifecycleProcessor  : Starting beans in phase 2147483647
2019-04-24 00:01:06.227  INFO 25084 --- [main] d.s.w.p.DocumentationPluginsBootstrapper : Context refreshed
2019-04-24 00:01:06.249  INFO 25084 --- [main] d.s.w.p.DocumentationPluginsBootstrapper : Found 1 custom documentation plugin(s)
2019-04-24 00:01:06.456  INFO 25084 --- [main] s.d.s.w.s.ApiListingReferenceScanner     : Scanning for api listing references
2019-04-24 00:01:06.916  INFO 25084 --- [main] .d.s.w.r.o.CachingOperationNameGenerator : Generating unique operation named: disableRouteUsingPUT_1
2019-04-24 00:01:06.919  INFO 25084 --- [main] .d.s.w.r.o.CachingOperationNameGenerator : Generating unique operation named: enableRouteUsingPUT_1
2019-04-24 00:01:07.053  INFO 25084 --- [main] .d.s.w.r.o.CachingOperationNameGenerator : Generating unique operation named: createRuleUsingPOST_1
2019-04-24 00:01:07.055  INFO 25084 --- [main] .d.s.w.r.o.CachingOperationNameGenerator : Generating unique operation named: deleteRouteUsingDELETE_1
2019-04-24 00:01:07.061  INFO 25084 --- [main] .d.s.w.r.o.CachingOperationNameGenerator : Generating unique operation named: detailRouteUsingGET_1
2019-04-24 00:01:07.064  INFO 25084 --- [main] .d.s.w.r.o.CachingOperationNameGenerator : Generating unique operation named: disableRouteUsingPUT_2
2019-04-24 00:01:07.066  INFO 25084 --- [main] .d.s.w.r.o.CachingOperationNameGenerator : Generating unique operation named: enableRouteUsingPUT_2
2019-04-24 00:01:07.070  INFO 25084 --- [main] .d.s.w.r.o.CachingOperationNameGenerator : Generating unique operation named: searchRoutesUsingGET_1
2019-04-24 00:01:07.072  INFO 25084 --- [main] .d.s.w.r.o.CachingOperationNameGenerator : Generating unique operation named: updateRuleUsingPUT_1
2019-04-24 00:01:07.160  INFO 25084 --- [main] o.s.b.w.embedded.tomcat.TomcatWebServer  : Tomcat started on port(s): 8345 (http) with context path ''
2019-04-24 00:01:11.082  INFO 25084 --- [http-nio-8345-exec-1] o.s.web.servlet.DispatcherServlet        : FrameworkServlet 'dispatcherServlet': initialization started
2019-04-24 00:01:11.104  INFO 25084 --- [http-nio-8345-exec-1] o.s.web.servlet.DispatcherServlet        : FrameworkServlet 'dispatcherServlet': initialization completed in 22 ms
2019-04-24 00:11:39.913  INFO 25084 --- [Thread-24] ConfigServletWebServerApplicationContext : Closing org.springframework.boot.web.servlet.context.AnnotationConfigServletWebServerApplicationContext@694abbdc: startup date [Wed Apr 24 00:01:00 CST 2019]; root of context hierarchy
2019-04-24 00:11:39.919  INFO 25084 --- [Thread-24] o.s.c.support.DefaultLifecycleProcessor  : Stopping beans in phase 2147483647
2019-04-24 00:11:39.922  INFO 25084 --- [Thread-24] o.s.j.e.a.AnnotationMBeanExporter        : Unregistering JMX-exposed beans on shutdown
2019-04-24 00:11:50.538  INFO 25947 --- [main] ConfigServletWebServerApplicationContext : Refreshing org.springframework.boot.web.servlet.context.AnnotationConfigServletWebServerApplicationContext@a514af7: startup date [Wed Apr 24 00:11:50 CST 2019]; root of context hierarchy
2019-04-24 00:11:56.031  INFO 25947 --- [main] o.s.b.w.embedded.tomcat.TomcatWebServer  : Tomcat initialized with port(s): 8080 (http)
2019-04-24 00:11:56.199  INFO 25947 --- [localhost-startStop-1] o.s.web.context.ContextLoader            : Root WebApplicationContext: initialization completed in 5666 ms
2019-04-24 00:11:56.362  INFO 25947 --- [localhost-startStop-1] o.s.b.w.servlet.ServletRegistrationBean  : Servlet dispatcherServlet mapped to [/]
2019-04-24 00:11:56.366  INFO 25947 --- [localhost-startStop-1] o.s.b.w.servlet.FilterRegistrationBean   : Mapping filter: 'characterEncodingFilter' to: [/*]
2019-04-24 00:11:56.367  INFO 25947 --- [localhost-startStop-1] o.s.b.w.servlet.FilterRegistrationBean   : Mapping filter: 'hiddenHttpMethodFilter' to: [/*]
2019-04-24 00:11:56.367  INFO 25947 --- [localhost-startStop-1] o.s.b.w.servlet.FilterRegistrationBean   : Mapping filter: 'httpPutFormContentFilter' to: [/*]
2019-04-24 00:11:56.367  INFO 25947 --- [localhost-startStop-1] o.s.b.w.servlet.FilterRegistrationBean   : Mapping filter: 'requestContextFilter' to: [/*]
2019-04-24 00:11:58.786  INFO 25947 --- [main] s.w.s.m.m.a.RequestMappingHandlerMapping : Mapped "{[/api/{env}/rules/access],methods=[GET]}" onto public java.util.List<org.apache.dubbo.admin.model.dto.AccessDTO> org.apache.dubbo.admin.controller.AccessesController.searchAccess(java.lang.String,java.lang.String,java.lang.String)
2019-04-24 00:11:58.787  INFO 25947 --- [main] s.w.s.m.m.a.RequestMappingHandlerMapping : Mapped "{[/api/{env}/rules/access/{id}],methods=[GET]}" onto public org.apache.dubbo.admin.model.dto.AccessDTO org.apache.dubbo.admin.controller.AccessesController.detailAccess(java.lang.String,java.lang.String)
2019-04-24 00:11:58.788  INFO 25947 --- [main] s.w.s.m.m.a.RequestMappingHandlerMapping : Mapped "{[/api/{env}/rules/access/{id}],methods=[DELETE]}" onto public void org.apache.dubbo.admin.controller.AccessesController.deleteAccess(java.lang.String,java.lang.String)
2019-04-24 00:11:58.789  INFO 25947 --- [main] s.w.s.m.m.a.RequestMappingHandlerMapping : Mapped "{[/api/{env}/rules/access],methods=[POST]}" onto public void org.apache.dubbo.admin.controller.AccessesController.createAccess(org.apache.dubbo.admin.model.dto.AccessDTO,java.lang.String)
2019-04-24 00:11:58.790  INFO 25947 --- [main] s.w.s.m.m.a.RequestMappingHandlerMapping : Mapped "{[/api/{env}/rules/access/{id}],methods=[PUT]}" onto public void org.apache.dubbo.admin.controller.AccessesController.updateAccess(java.lang.String,org.apache.dubbo.admin.model.dto.AccessDTO,java.lang.String)
2019-04-24 00:11:58.794  INFO 25947 --- [main] s.w.s.m.m.a.RequestMappingHandlerMapping : Mapped "{[/api/{env}/rules/route/condition/{id}],methods=[GET]}" onto public org.apache.dubbo.admin.model.dto.ConditionRouteDTO org.apache.dubbo.admin.controller.ConditionRoutesController.detailRoute(java.lang.String,java.lang.String)
2019-04-24 00:11:58.794  INFO 25947 --- [main] s.w.s.m.m.a.RequestMappingHandlerMapping : Mapped "{[/api/{env}/rules/route/condition/{id}],methods=[DELETE]}" onto public boolean org.apache.dubbo.admin.controller.ConditionRoutesController.deleteRoute(java.lang.String,java.lang.String)
2019-04-24 00:11:58.795  INFO 25947 --- [main] s.w.s.m.m.a.RequestMappingHandlerMapping : Mapped "{[/api/{env}/rules/route/condition/enable/{id}],methods=[PUT]}" onto public boolean org.apache.dubbo.admin.controller.ConditionRoutesController.enableRoute(java.lang.String,java.lang.String)
2019-04-24 00:11:58.795  INFO 25947 --- [main] s.w.s.m.m.a.RequestMappingHandlerMapping : Mapped "{[/api/{env}/rules/route/condition/disable/{id}],methods=[PUT]}" onto public boolean org.apache.dubbo.admin.controller.ConditionRoutesController.disableRoute(java.lang.String,java.lang.String)
2019-04-24 00:11:58.796  INFO 25947 --- [main] s.w.s.m.m.a.RequestMappingHandlerMapping : Mapped "{[/api/{env}/rules/route/condition],methods=[POST]}" onto public boolean org.apache.dubbo.admin.controller.ConditionRoutesController.createRule(org.apache.dubbo.admin.model.dto.ConditionRouteDTO,java.lang.String)
2019-04-24 00:11:58.796  INFO 25947 --- [main] s.w.s.m.m.a.RequestMappingHandlerMapping : Mapped "{[/api/{env}/rules/route/condition/{id}],methods=[PUT]}" onto public boolean org.apache.dubbo.admin.controller.ConditionRoutesController.updateRule(java.lang.String,org.apache.dubbo.admin.model.dto.ConditionRouteDTO,java.lang.String)
2019-04-24 00:11:58.797  INFO 25947 --- [main] s.w.s.m.m.a.RequestMappingHandlerMapping : Mapped "{[/api/{env}/rules/route/condition],methods=[GET]}" onto public java.util.List<org.apache.dubbo.admin.model.dto.ConditionRouteDTO> org.apache.dubbo.admin.controller.ConditionRoutesController.searchRoutes(java.lang.String,java.lang.String,java.lang.String)
2019-04-24 00:11:58.804  INFO 25947 --- [main] s.w.s.m.m.a.RequestMappingHandlerMapping : Mapped "{[/api/{env}/rules/balancing/{id}],methods=[PUT]}" onto public boolean org.apache.dubbo.admin.controller.LoadBalanceController.updateLoadbalance(java.lang.String,org.apache.dubbo.admin.model.dto.BalancingDTO,java.lang.String) throws org.apache.dubbo.admin.common.exception.ParamValidationException
2019-04-24 00:11:58.805  INFO 25947 --- [main] s.w.s.m.m.a.RequestMappingHandlerMapping : Mapped "{[/api/{env}/rules/balancing],methods=[GET]}" onto public java.util.List<org.apache.dubbo.admin.model.dto.BalancingDTO> org.apache.dubbo.admin.controller.LoadBalanceController.searchLoadbalances(java.lang.String,java.lang.String,java.lang.String)
2019-04-24 00:11:58.806  INFO 25947 --- [main] s.w.s.m.m.a.RequestMappingHandlerMapping : Mapped "{[/api/{env}/rules/balancing/{id}],methods=[GET]}" onto public org.apache.dubbo.admin.model.dto.BalancingDTO org.apache.dubbo.admin.controller.LoadBalanceController.detailLoadBalance(java.lang.String,java.lang.String) throws org.apache.dubbo.admin.common.exception.ParamValidationException
2019-04-24 00:11:58.806  INFO 25947 --- [main] s.w.s.m.m.a.RequestMappingHandlerMapping : Mapped "{[/api/{env}/rules/balancing/{id}],methods=[DELETE]}" onto public boolean org.apache.dubbo.admin.controller.LoadBalanceController.deleteLoadBalance(java.lang.String,java.lang.String)
2019-04-24 00:11:58.807  INFO 25947 --- [main] s.w.s.m.m.a.RequestMappingHandlerMapping : Mapped "{[/api/{env}/rules/balancing],methods=[POST]}" onto public boolean org.apache.dubbo.admin.controller.LoadBalanceController.createLoadbalance(org.apache.dubbo.admin.model.dto.BalancingDTO,java.lang.String) throws org.apache.dubbo.admin.common.exception.ParamValidationException
2019-04-24 00:11:58.809  INFO 25947 --- [main] s.w.s.m.m.a.RequestMappingHandlerMapping : Mapped "{[/api/{env}/manage/config/{key}],methods=[GET]}" onto public java.util.List<org.apache.dubbo.admin.model.dto.ConfigDTO> org.apache.dubbo.admin.controller.ManagementController.getConfig(java.lang.String,java.lang.String)
2019-04-24 00:11:58.810  INFO 25947 --- [main] s.w.s.m.m.a.RequestMappingHandlerMapping : Mapped "{[/api/{env}/manage/config/{key}],methods=[PUT]}" onto public boolean org.apache.dubbo.admin.controller.ManagementController.updateConfig(java.lang.String,org.apache.dubbo.admin.model.dto.ConfigDTO,java.lang.String)
2019-04-24 00:11:58.811  INFO 25947 --- [main] s.w.s.m.m.a.RequestMappingHandlerMapping : Mapped "{[/api/{env}/manage/config],methods=[POST]}" onto public boolean org.apache.dubbo.admin.controller.ManagementController.createConfig(org.apache.dubbo.admin.model.dto.ConfigDTO,java.lang.String)
2019-04-24 00:11:58.811  INFO 25947 --- [main] s.w.s.m.m.a.RequestMappingHandlerMapping : Mapped "{[/api/{env}/manage/config/{key}],methods=[DELETE]}" onto public boolean org.apache.dubbo.admin.controller.ManagementController.deleteConfig(java.lang.String,java.lang.String)
2019-04-24 00:11:58.815  INFO 25947 --- [main] s.w.s.m.m.a.RequestMappingHandlerMapping : Mapped "{[/api/{env}/rules/override/enable/{id}],methods=[PUT]}" onto public boolean org.apache.dubbo.admin.controller.OverridesController.enableRoute(java.lang.String,java.lang.String)
2019-04-24 00:11:58.815  INFO 25947 --- [main] s.w.s.m.m.a.RequestMappingHandlerMapping : Mapped "{[/api/{env}/rules/override/disable/{id}],methods=[PUT]}" onto public boolean org.apache.dubbo.admin.controller.OverridesController.disableRoute(java.lang.String,java.lang.String)
2019-04-24 00:11:58.816  INFO 25947 --- [main] s.w.s.m.m.a.RequestMappingHandlerMapping : Mapped "{[/api/{env}/rules/override],methods=[POST]}" onto public boolean org.apache.dubbo.admin.controller.OverridesController.createOverride(org.apache.dubbo.admin.model.dto.DynamicConfigDTO,java.lang.String)
2019-04-24 00:11:58.816  INFO 25947 --- [main] s.w.s.m.m.a.RequestMappingHandlerMapping : Mapped "{[/api/{env}/rules/override/{id}],methods=[PUT]}" onto public boolean org.apache.dubbo.admin.controller.OverridesController.updateOverride(java.lang.String,org.apache.dubbo.admin.model.dto.DynamicConfigDTO,java.lang.String)
2019-04-24 00:11:58.817  INFO 25947 --- [main] s.w.s.m.m.a.RequestMappingHandlerMapping : Mapped "{[/api/{env}/rules/override/{id}],methods=[GET]}" onto public org.apache.dubbo.admin.model.dto.DynamicConfigDTO org.apache.dubbo.admin.controller.OverridesController.detailOverride(java.lang.String,java.lang.String)
2019-04-24 00:11:58.817  INFO 25947 --- [main] s.w.s.m.m.a.RequestMappingHandlerMapping : Mapped "{[/api/{env}/rules/override],methods=[GET]}" onto public java.util.List<org.apache.dubbo.admin.model.dto.DynamicConfigDTO> org.apache.dubbo.admin.controller.OverridesController.searchOverride(java.lang.String,java.lang.String,java.lang.String)
2019-04-24 00:11:58.818  INFO 25947 --- [main] s.w.s.m.m.a.RequestMappingHandlerMapping : Mapped "{[/api/{env}/rules/override/{id}],methods=[DELETE]}" onto public boolean org.apache.dubbo.admin.controller.OverridesController.deleteOverride(java.lang.String,java.lang.String)
2019-04-24 00:11:58.820  INFO 25947 --- [main] s.w.s.m.m.a.RequestMappingHandlerMapping : Mapped "{[/api/{env}/service/{service}],methods=[GET]}" onto public org.apache.dubbo.admin.model.dto.ServiceDetailDTO org.apache.dubbo.admin.controller.ServiceController.serviceDetail(java.lang.String,java.lang.String)
2019-04-24 00:11:58.820  INFO 25947 --- [main] s.w.s.m.m.a.RequestMappingHandlerMapping : Mapped "{[/api/{env}/service],methods=[GET]}" onto public org.springframework.data.domain.Page<org.apache.dubbo.admin.model.dto.ServiceDTO> org.apache.dubbo.admin.controller.ServiceController.searchService(java.lang.String,java.lang.String,java.lang.String,org.springframework.data.domain.Pageable)
2019-04-24 00:11:58.821  INFO 25947 --- [main] s.w.s.m.m.a.RequestMappingHandlerMapping : Mapped "{[/api/{env}/services],methods=[GET]}" onto public java.util.Set<java.lang.String> org.apache.dubbo.admin.controller.ServiceController.allServices(java.lang.String)
2019-04-24 00:11:58.821  INFO 25947 --- [main] s.w.s.m.m.a.RequestMappingHandlerMapping : Mapped "{[/api/{env}/applications],methods=[GET]}" onto public java.util.Set<java.lang.String> org.apache.dubbo.admin.controller.ServiceController.allApplications(java.lang.String)
2019-04-24 00:11:58.822  INFO 25947 --- [main] s.w.s.m.m.a.RequestMappingHandlerMapping : Mapped "{[/api/{env}/test/method],methods=[GET]}" onto public org.apache.dubbo.admin.model.domain.MethodMetadata org.apache.dubbo.admin.controller.ServiceTestController.methodDetail(java.lang.String,java.lang.String,java.lang.String,java.lang.String)
2019-04-24 00:11:58.823  INFO 25947 --- [main] s.w.s.m.m.a.RequestMappingHandlerMapping : Mapped "{[/api/{env}/test],methods=[POST]}" onto public java.lang.Object org.apache.dubbo.admin.controller.ServiceTestController.test(java.lang.String,org.apache.dubbo.admin.model.dto.ServiceTestDTO)
2019-04-24 00:11:58.825  INFO 25947 --- [main] s.w.s.m.m.a.RequestMappingHandlerMapping : Mapped "{[/api/{env}/rules/route/tag/{id}],methods=[GET]}" onto public org.apache.dubbo.admin.model.dto.TagRouteDTO org.apache.dubbo.admin.controller.TagRoutesController.detailRoute(java.lang.String,java.lang.String)
2019-04-24 00:11:58.825  INFO 25947 --- [main] s.w.s.m.m.a.RequestMappingHandlerMapping : Mapped "{[/api/{env}/rules/route/tag/{id}],methods=[DELETE]}" onto public boolean org.apache.dubbo.admin.controller.TagRoutesController.deleteRoute(java.lang.String,java.lang.String)
2019-04-24 00:11:58.826  INFO 25947 --- [main] s.w.s.m.m.a.RequestMappingHandlerMapping : Mapped "{[/api/{env}/rules/route/tag/enable/{id}],methods=[PUT]}" onto public boolean org.apache.dubbo.admin.controller.TagRoutesController.enableRoute(java.lang.String,java.lang.String)
2019-04-24 00:11:58.826  INFO 25947 --- [main] s.w.s.m.m.a.RequestMappingHandlerMapping : Mapped "{[/api/{env}/rules/route/tag/disable/{id}],methods=[PUT]}" onto public boolean org.apache.dubbo.admin.controller.TagRoutesController.disableRoute(java.lang.String,java.lang.String)
2019-04-24 00:11:58.826  INFO 25947 --- [main] s.w.s.m.m.a.RequestMappingHandlerMapping : Mapped "{[/api/{env}/rules/route/tag],methods=[POST]}" onto public boolean org.apache.dubbo.admin.controller.TagRoutesController.createRule(org.apache.dubbo.admin.model.dto.TagRouteDTO,java.lang.String)
2019-04-24 00:11:58.827  INFO 25947 --- [main] s.w.s.m.m.a.RequestMappingHandlerMapping : Mapped "{[/api/{env}/rules/route/tag/{id}],methods=[PUT]}" onto public boolean org.apache.dubbo.admin.controller.TagRoutesController.updateRule(java.lang.String,org.apache.dubbo.admin.model.dto.TagRouteDTO,java.lang.String)
2019-04-24 00:11:58.827  INFO 25947 --- [main] s.w.s.m.m.a.RequestMappingHandlerMapping : Mapped "{[/api/{env}/rules/route/tag],methods=[GET]}" onto public java.util.List<org.apache.dubbo.admin.model.dto.TagRouteDTO> org.apache.dubbo.admin.controller.TagRoutesController.searchRoutes(java.lang.String,java.lang.String)
2019-04-24 00:11:58.830  INFO 25947 --- [main] s.w.s.m.m.a.RequestMappingHandlerMapping : Mapped "{[/api/{env}/rules/weight/{id}],methods=[PUT]}" onto public boolean org.apache.dubbo.admin.controller.WeightController.updateWeight(java.lang.String,org.apache.dubbo.admin.model.dto.WeightDTO,java.lang.String)
2019-04-24 00:11:58.830  INFO 25947 --- [main] s.w.s.m.m.a.RequestMappingHandlerMapping : Mapped "{[/api/{env}/rules/weight/{id}],methods=[GET]}" onto public org.apache.dubbo.admin.model.dto.WeightDTO org.apache.dubbo.admin.controller.WeightController.detailWeight(java.lang.String,java.lang.String)
2019-04-24 00:11:58.831  INFO 25947 --- [main] s.w.s.m.m.a.RequestMappingHandlerMapping : Mapped "{[/api/{env}/rules/weight],methods=[GET]}" onto public java.util.List<org.apache.dubbo.admin.model.dto.WeightDTO> org.apache.dubbo.admin.controller.WeightController.searchWeight(java.lang.String,java.lang.String,java.lang.String)
2019-04-24 00:11:58.831  INFO 25947 --- [main] s.w.s.m.m.a.RequestMappingHandlerMapping : Mapped "{[/api/{env}/rules/weight],methods=[POST]}" onto public boolean org.apache.dubbo.admin.controller.WeightController.createWeight(org.apache.dubbo.admin.model.dto.WeightDTO,java.lang.String)
2019-04-24 00:11:58.832  INFO 25947 --- [main] s.w.s.m.m.a.RequestMappingHandlerMapping : Mapped "{[/api/{env}/rules/weight/{id}],methods=[DELETE]}" onto public boolean org.apache.dubbo.admin.controller.WeightController.deleteWeight(java.lang.String,java.lang.String)
2019-04-24 00:11:58.838  INFO 25947 --- [main] s.w.s.m.m.a.RequestMappingHandlerMapping : Mapped "{[/swagger-resources/configuration/ui]}" onto public org.springframework.http.ResponseEntity<springfox.documentation.swagger.web.UiConfiguration> springfox.documentation.swagger.web.ApiResourceController.uiConfiguration()
2019-04-24 00:11:58.839  INFO 25947 --- [main] s.w.s.m.m.a.RequestMappingHandlerMapping : Mapped "{[/swagger-resources]}" onto public org.springframework.http.ResponseEntity<java.util.List<springfox.documentation.swagger.web.SwaggerResource>> springfox.documentation.swagger.web.ApiResourceController.swaggerResources()
2019-04-24 00:11:58.840  INFO 25947 --- [main] s.w.s.m.m.a.RequestMappingHandlerMapping : Mapped "{[/swagger-resources/configuration/security]}" onto public org.springframework.http.ResponseEntity<springfox.documentation.swagger.web.SecurityConfiguration> springfox.documentation.swagger.web.ApiResourceController.securityConfiguration()
2019-04-24 00:11:58.845  INFO 25947 --- [main] s.w.s.m.m.a.RequestMappingHandlerMapping : Mapped "{[/error],produces=[text/html]}" onto public org.springframework.web.servlet.ModelAndView org.springframework.boot.autoconfigure.web.servlet.error.BasicErrorController.errorHtml(javax.servlet.http.HttpServletRequest,javax.servlet.http.HttpServletResponse)
2019-04-24 00:11:58.845  INFO 25947 --- [main] s.w.s.m.m.a.RequestMappingHandlerMapping : Mapped "{[/error]}" onto public org.springframework.http.ResponseEntity<java.util.Map<java.lang.String, java.lang.Object>> org.springframework.boot.autoconfigure.web.servlet.error.BasicErrorController.error(javax.servlet.http.HttpServletRequest)
2019-04-24 00:11:59.019  INFO 25947 --- [main] pertySourcedRequestMappingHandlerMapping : Mapped URL path [/v2/api-docs] onto method [public org.springframework.http.ResponseEntity<springfox.documentation.spring.web.json.Json> springfox.documentation.swagger2.web.Swagger2Controller.getDocumentation(java.lang.String,javax.servlet.http.HttpServletRequest)]
2019-04-24 00:11:59.169  INFO 25947 --- [main] o.s.w.s.handler.SimpleUrlHandlerMapping  : Mapped URL path [/**/favicon.ico] onto handler of type [class org.springframework.web.servlet.resource.ResourceHttpRequestHandler]
2019-04-24 00:11:59.382  INFO 25947 --- [main] s.w.s.m.m.a.RequestMappingHandlerAdapter : Looking for @ControllerAdvice: org.springframework.boot.web.servlet.context.AnnotationConfigServletWebServerApplicationContext@a514af7: startup date [Wed Apr 24 00:11:50 CST 2019]; root of context hierarchy
2019-04-24 00:11:59.438  INFO 25947 --- [main] o.s.w.s.handler.SimpleUrlHandlerMapping  : Mapped URL path [/webjars/**] onto handler of type [class org.springframework.web.servlet.resource.ResourceHttpRequestHandler]
2019-04-24 00:11:59.438  INFO 25947 --- [main] o.s.w.s.handler.SimpleUrlHandlerMapping  : Mapped URL path [/**] onto handler of type [class org.springframework.web.servlet.resource.ResourceHttpRequestHandler]
2019-04-24 00:11:59.458  INFO 25947 --- [main] .m.m.a.ExceptionHandlerExceptionResolver : Detected @ExceptionHandler methods in customExceptionHandler
2019-04-24 00:11:59.775  INFO 25947 --- [main] o.s.j.e.a.AnnotationMBeanExporter        : Registering beans for JMX exposure on startup
2019-04-24 00:11:59.791  INFO 25947 --- [main] o.s.c.support.DefaultLifecycleProcessor  : Starting beans in phase 2147483647
2019-04-24 00:11:59.792  INFO 25947 --- [main] d.s.w.p.DocumentationPluginsBootstrapper : Context refreshed
2019-04-24 00:11:59.811  INFO 25947 --- [main] d.s.w.p.DocumentationPluginsBootstrapper : Found 1 custom documentation plugin(s)
2019-04-24 00:11:59.901  INFO 25947 --- [main] s.d.s.w.s.ApiListingReferenceScanner     : Scanning for api listing references
2019-04-24 00:12:00.216  INFO 25947 --- [main] .d.s.w.r.o.CachingOperationNameGenerator : Generating unique operation named: disableRouteUsingPUT_1
2019-04-24 00:12:00.220  INFO 25947 --- [main] .d.s.w.r.o.CachingOperationNameGenerator : Generating unique operation named: enableRouteUsingPUT_1
2019-04-24 00:12:00.344  INFO 25947 --- [main] .d.s.w.r.o.CachingOperationNameGenerator : Generating unique operation named: createRuleUsingPOST_1
2019-04-24 00:12:00.346  INFO 25947 --- [main] .d.s.w.r.o.CachingOperationNameGenerator : Generating unique operation named: deleteRouteUsingDELETE_1
2019-04-24 00:12:00.351  INFO 25947 --- [main] .d.s.w.r.o.CachingOperationNameGenerator : Generating unique operation named: detailRouteUsingGET_1
2019-04-24 00:12:00.353  INFO 25947 --- [main] .d.s.w.r.o.CachingOperationNameGenerator : Generating unique operation named: disableRouteUsingPUT_2
2019-04-24 00:12:00.355  INFO 25947 --- [main] .d.s.w.r.o.CachingOperationNameGenerator : Generating unique operation named: enableRouteUsingPUT_2
2019-04-24 00:12:00.359  INFO 25947 --- [main] .d.s.w.r.o.CachingOperationNameGenerator : Generating unique operation named: searchRoutesUsingGET_1
2019-04-24 00:12:00.362  INFO 25947 --- [main] .d.s.w.r.o.CachingOperationNameGenerator : Generating unique operation named: updateRuleUsingPUT_1
2019-04-24 00:12:00.428  INFO 25947 --- [main] o.s.b.w.embedded.tomcat.TomcatWebServer  : Tomcat started on port(s): 8080 (http) with context path ''
2019-04-24 00:12:02.468  INFO 25947 --- [http-nio-8080-exec-1] o.s.web.servlet.DispatcherServlet        : FrameworkServlet 'dispatcherServlet': initialization started
2019-04-24 00:12:02.487  INFO 25947 --- [http-nio-8080-exec-1] o.s.web.servlet.DispatcherServlet        : FrameworkServlet 'dispatcherServlet': initialization completed in 18 ms
2019-04-24 00:32:04.340  INFO 25947 --- [Thread-31] ConfigServletWebServerApplicationContext : Closing org.springframework.boot.web.servlet.context.AnnotationConfigServletWebServerApplicationContext@a514af7: startup date [Wed Apr 24 00:11:50 CST 2019]; root of context hierarchy
2019-04-24 00:32:04.345  INFO 25947 --- [Thread-31] o.s.c.support.DefaultLifecycleProcessor  : Stopping beans in phase 2147483647
2019-04-24 00:32:04.346  INFO 25947 --- [Thread-31] o.s.j.e.a.AnnotationMBeanExporter        : Unregistering JMX-exposed beans on shutdown
2019-04-24 00:32:16.820  INFO 27855 --- [main] ConfigServletWebServerApplicationContext : Refreshing org.springframework.boot.web.servlet.context.AnnotationConfigServletWebServerApplicationContext@245b4bdc: startup date [Wed Apr 24 00:32:16 CST 2019]; root of context hierarchy
2019-04-24 00:51:55.260  INFO 29380 --- [main] ConfigServletWebServerApplicationContext : Refreshing org.springframework.boot.web.servlet.context.AnnotationConfigServletWebServerApplicationContext@67d48005: startup date [Wed Apr 24 00:51:55 CST 2019]; root of context hierarchy
2019-04-24 00:52:03.100  INFO 29380 --- [main] o.s.b.w.embedded.tomcat.TomcatWebServer  : Tomcat initialized with port(s): 8080 (http)
2019-04-24 00:52:03.519  INFO 29380 --- [localhost-startStop-1] o.s.web.context.ContextLoader            : Root WebApplicationContext: initialization completed in 8262 ms
2019-04-24 00:52:03.811  INFO 29380 --- [localhost-startStop-1] o.s.b.w.servlet.ServletRegistrationBean  : Servlet dispatcherServlet mapped to [/]
2019-04-24 00:52:03.820  INFO 29380 --- [localhost-startStop-1] o.s.b.w.servlet.FilterRegistrationBean   : Mapping filter: 'characterEncodingFilter' to: [/*]
2019-04-24 00:52:03.821  INFO 29380 --- [localhost-startStop-1] o.s.b.w.servlet.FilterRegistrationBean   : Mapping filter: 'hiddenHttpMethodFilter' to: [/*]
2019-04-24 00:52:03.821  INFO 29380 --- [localhost-startStop-1] o.s.b.w.servlet.FilterRegistrationBean   : Mapping filter: 'httpPutFormContentFilter' to: [/*]
2019-04-24 00:52:03.821  INFO 29380 --- [localhost-startStop-1] o.s.b.w.servlet.FilterRegistrationBean   : Mapping filter: 'requestContextFilter' to: [/*]
2019-04-24 00:52:08.300  INFO 29380 --- [main] s.w.s.m.m.a.RequestMappingHandlerMapping : Mapped "{[/api/{env}/rules/access],methods=[GET]}" onto public java.util.List<org.apache.dubbo.admin.model.dto.AccessDTO> org.apache.dubbo.admin.controller.AccessesController.searchAccess(java.lang.String,java.lang.String,java.lang.String)
2019-04-24 00:52:08.302  INFO 29380 --- [main] s.w.s.m.m.a.RequestMappingHandlerMapping : Mapped "{[/api/{env}/rules/access/{id}],methods=[GET]}" onto public org.apache.dubbo.admin.model.dto.AccessDTO org.apache.dubbo.admin.controller.AccessesController.detailAccess(java.lang.String,java.lang.String)
2019-04-24 00:52:08.303  INFO 29380 --- [main] s.w.s.m.m.a.RequestMappingHandlerMapping : Mapped "{[/api/{env}/rules/access/{id}],methods=[DELETE]}" onto public void org.apache.dubbo.admin.controller.AccessesController.deleteAccess(java.lang.String,java.lang.String)
2019-04-24 00:52:08.308  INFO 29380 --- [main] s.w.s.m.m.a.RequestMappingHandlerMapping : Mapped "{[/api/{env}/rules/access],methods=[POST]}" onto public void org.apache.dubbo.admin.controller.AccessesController.createAccess(org.apache.dubbo.admin.model.dto.AccessDTO,java.lang.String)
2019-04-24 00:52:08.309  INFO 29380 --- [main] s.w.s.m.m.a.RequestMappingHandlerMapping : Mapped "{[/api/{env}/rules/access/{id}],methods=[PUT]}" onto public void org.apache.dubbo.admin.controller.AccessesController.updateAccess(java.lang.String,org.apache.dubbo.admin.model.dto.AccessDTO,java.lang.String)
2019-04-24 00:52:08.314  INFO 29380 --- [main] s.w.s.m.m.a.RequestMappingHandlerMapping : Mapped "{[/api/{env}/rules/route/condition],methods=[POST]}" onto public boolean org.apache.dubbo.admin.controller.ConditionRoutesController.createRule(org.apache.dubbo.admin.model.dto.ConditionRouteDTO,java.lang.String)
2019-04-24 00:52:08.314  INFO 29380 --- [main] s.w.s.m.m.a.RequestMappingHandlerMapping : Mapped "{[/api/{env}/rules/route/condition/{id}],methods=[PUT]}" onto public boolean org.apache.dubbo.admin.controller.ConditionRoutesController.updateRule(java.lang.String,org.apache.dubbo.admin.model.dto.ConditionRouteDTO,java.lang.String)
2019-04-24 00:52:08.315  INFO 29380 --- [main] s.w.s.m.m.a.RequestMappingHandlerMapping : Mapped "{[/api/{env}/rules/route/condition],methods=[GET]}" onto public java.util.List<org.apache.dubbo.admin.model.dto.ConditionRouteDTO> org.apache.dubbo.admin.controller.ConditionRoutesController.searchRoutes(java.lang.String,java.lang.String,java.lang.String)
2019-04-24 00:52:08.316  INFO 29380 --- [main] s.w.s.m.m.a.RequestMappingHandlerMapping : Mapped "{[/api/{env}/rules/route/condition/{id}],methods=[GET]}" onto public org.apache.dubbo.admin.model.dto.ConditionRouteDTO org.apache.dubbo.admin.controller.ConditionRoutesController.detailRoute(java.lang.String,java.lang.String)
2019-04-24 00:52:08.317  INFO 29380 --- [main] s.w.s.m.m.a.RequestMappingHandlerMapping : Mapped "{[/api/{env}/rules/route/condition/{id}],methods=[DELETE]}" onto public boolean org.apache.dubbo.admin.controller.ConditionRoutesController.deleteRoute(java.lang.String,java.lang.String)
2019-04-24 00:52:08.318  INFO 29380 --- [main] s.w.s.m.m.a.RequestMappingHandlerMapping : Mapped "{[/api/{env}/rules/route/condition/enable/{id}],methods=[PUT]}" onto public boolean org.apache.dubbo.admin.controller.ConditionRoutesController.enableRoute(java.lang.String,java.lang.String)
2019-04-24 00:52:08.318  INFO 29380 --- [main] s.w.s.m.m.a.RequestMappingHandlerMapping : Mapped "{[/api/{env}/rules/route/condition/disable/{id}],methods=[PUT]}" onto public boolean org.apache.dubbo.admin.controller.ConditionRoutesController.disableRoute(java.lang.String,java.lang.String)
2019-04-24 00:52:08.326  INFO 29380 --- [main] s.w.s.m.m.a.RequestMappingHandlerMapping : Mapped "{[/api/{env}/rules/balancing],methods=[POST]}" onto public boolean org.apache.dubbo.admin.controller.LoadBalanceController.createLoadbalance(org.apache.dubbo.admin.model.dto.BalancingDTO,java.lang.String) throws org.apache.dubbo.admin.common.exception.ParamValidationException
2019-04-24 00:52:08.327  INFO 29380 --- [main] s.w.s.m.m.a.RequestMappingHandlerMapping : Mapped "{[/api/{env}/rules/balancing/{id}],methods=[PUT]}" onto public boolean org.apache.dubbo.admin.controller.LoadBalanceController.updateLoadbalance(java.lang.String,org.apache.dubbo.admin.model.dto.BalancingDTO,java.lang.String) throws org.apache.dubbo.admin.common.exception.ParamValidationException
2019-04-24 00:52:08.328  INFO 29380 --- [main] s.w.s.m.m.a.RequestMappingHandlerMapping : Mapped "{[/api/{env}/rules/balancing],methods=[GET]}" onto public java.util.List<org.apache.dubbo.admin.model.dto.BalancingDTO> org.apache.dubbo.admin.controller.LoadBalanceController.searchLoadbalances(java.lang.String,java.lang.String,java.lang.String)
2019-04-24 00:52:08.329  INFO 29380 --- [main] s.w.s.m.m.a.RequestMappingHandlerMapping : Mapped "{[/api/{env}/rules/balancing/{id}],methods=[GET]}" onto public org.apache.dubbo.admin.model.dto.BalancingDTO org.apache.dubbo.admin.controller.LoadBalanceController.detailLoadBalance(java.lang.String,java.lang.String) throws org.apache.dubbo.admin.common.exception.ParamValidationException
2019-04-24 00:52:08.330  INFO 29380 --- [main] s.w.s.m.m.a.RequestMappingHandlerMapping : Mapped "{[/api/{env}/rules/balancing/{id}],methods=[DELETE]}" onto public boolean org.apache.dubbo.admin.controller.LoadBalanceController.deleteLoadBalance(java.lang.String,java.lang.String)
2019-04-24 00:52:08.333  INFO 29380 --- [main] s.w.s.m.m.a.RequestMappingHandlerMapping : Mapped "{[/api/{env}/manage/config/{key}],methods=[GET]}" onto public java.util.List<org.apache.dubbo.admin.model.dto.ConfigDTO> org.apache.dubbo.admin.controller.ManagementController.getConfig(java.lang.String,java.lang.String)
2019-04-24 00:52:08.335  INFO 29380 --- [main] s.w.s.m.m.a.RequestMappingHandlerMapping : Mapped "{[/api/{env}/manage/config/{key}],methods=[DELETE]}" onto public boolean org.apache.dubbo.admin.controller.ManagementController.deleteConfig(java.lang.String,java.lang.String)
2019-04-24 00:52:08.336  INFO 29380 --- [main] s.w.s.m.m.a.RequestMappingHandlerMapping : Mapped "{[/api/{env}/manage/config/{key}],methods=[PUT]}" onto public boolean org.apache.dubbo.admin.controller.ManagementController.updateConfig(java.lang.String,org.apache.dubbo.admin.model.dto.ConfigDTO,java.lang.String)
2019-04-24 00:52:08.337  INFO 29380 --- [main] s.w.s.m.m.a.RequestMappingHandlerMapping : Mapped "{[/api/{env}/manage/config],methods=[POST]}" onto public boolean org.apache.dubbo.admin.controller.ManagementController.createConfig(org.apache.dubbo.admin.model.dto.ConfigDTO,java.lang.String)
2019-04-24 00:52:08.346  INFO 29380 --- [main] s.w.s.m.m.a.RequestMappingHandlerMapping : Mapped "{[/api/{env}/rules/override/enable/{id}],methods=[PUT]}" onto public boolean org.apache.dubbo.admin.controller.OverridesController.enableRoute(java.lang.String,java.lang.String)
2019-04-24 00:52:08.347  INFO 29380 --- [main] s.w.s.m.m.a.RequestMappingHandlerMapping : Mapped "{[/api/{env}/rules/override/disable/{id}],methods=[PUT]}" onto public boolean org.apache.dubbo.admin.controller.OverridesController.disableRoute(java.lang.String,java.lang.String)
2019-04-24 00:52:08.348  INFO 29380 --- [main] s.w.s.m.m.a.RequestMappingHandlerMapping : Mapped "{[/api/{env}/rules/override],methods=[GET]}" onto public java.util.List<org.apache.dubbo.admin.model.dto.DynamicConfigDTO> org.apache.dubbo.admin.controller.OverridesController.searchOverride(java.lang.String,java.lang.String,java.lang.String)
2019-04-24 00:52:08.358  INFO 29380 --- [main] s.w.s.m.m.a.RequestMappingHandlerMapping : Mapped "{[/api/{env}/rules/override],methods=[POST]}" onto public boolean org.apache.dubbo.admin.controller.OverridesController.createOverride(org.apache.dubbo.admin.model.dto.DynamicConfigDTO,java.lang.String)
2019-04-24 00:52:08.360  INFO 29380 --- [main] s.w.s.m.m.a.RequestMappingHandlerMapping : Mapped "{[/api/{env}/rules/override/{id}],methods=[PUT]}" onto public boolean org.apache.dubbo.admin.controller.OverridesController.updateOverride(java.lang.String,org.apache.dubbo.admin.model.dto.DynamicConfigDTO,java.lang.String)
2019-04-24 00:52:08.360  INFO 29380 --- [main] s.w.s.m.m.a.RequestMappingHandlerMapping : Mapped "{[/api/{env}/rules/override/{id}],methods=[GET]}" onto public org.apache.dubbo.admin.model.dto.DynamicConfigDTO org.apache.dubbo.admin.controller.OverridesController.detailOverride(java.lang.String,java.lang.String)
2019-04-24 00:52:08.361  INFO 29380 --- [main] s.w.s.m.m.a.RequestMappingHandlerMapping : Mapped "{[/api/{env}/rules/override/{id}],methods=[DELETE]}" onto public boolean org.apache.dubbo.admin.controller.OverridesController.deleteOverride(java.lang.String,java.lang.String)
2019-04-24 00:52:08.363  INFO 29380 --- [main] s.w.s.m.m.a.RequestMappingHandlerMapping : Mapped "{[/api/{env}/service/{service}],methods=[GET]}" onto public org.apache.dubbo.admin.model.dto.ServiceDetailDTO org.apache.dubbo.admin.controller.ServiceController.serviceDetail(java.lang.String,java.lang.String)
2019-04-24 00:52:08.364  INFO 29380 --- [main] s.w.s.m.m.a.RequestMappingHandlerMapping : Mapped "{[/api/{env}/service],methods=[GET]}" onto public org.springframework.data.domain.Page<org.apache.dubbo.admin.model.dto.ServiceDTO> org.apache.dubbo.admin.controller.ServiceController.searchService(java.lang.String,java.lang.String,java.lang.String,org.springframework.data.domain.Pageable)
2019-04-24 00:52:08.365  INFO 29380 --- [main] s.w.s.m.m.a.RequestMappingHandlerMapping : Mapped "{[/api/{env}/services],methods=[GET]}" onto public java.util.Set<java.lang.String> org.apache.dubbo.admin.controller.ServiceController.allServices(java.lang.String)
2019-04-24 00:52:08.366  INFO 29380 --- [main] s.w.s.m.m.a.RequestMappingHandlerMapping : Mapped "{[/api/{env}/applications],methods=[GET]}" onto public java.util.Set<java.lang.String> org.apache.dubbo.admin.controller.ServiceController.allApplications(java.lang.String)
2019-04-24 00:52:08.368  INFO 29380 --- [main] s.w.s.m.m.a.RequestMappingHandlerMapping : Mapped "{[/api/{env}/test/method],methods=[GET]}" onto public org.apache.dubbo.admin.model.domain.MethodMetadata org.apache.dubbo.admin.controller.ServiceTestController.methodDetail(java.lang.String,java.lang.String,java.lang.String,java.lang.String)
2019-04-24 00:52:08.369  INFO 29380 --- [main] s.w.s.m.m.a.RequestMappingHandlerMapping : Mapped "{[/api/{env}/test],methods=[POST]}" onto public java.lang.Object org.apache.dubbo.admin.controller.ServiceTestController.test(java.lang.String,org.apache.dubbo.admin.model.dto.ServiceTestDTO)
2019-04-24 00:52:08.373  INFO 29380 --- [main] s.w.s.m.m.a.RequestMappingHandlerMapping : Mapped "{[/api/{env}/rules/route/tag],methods=[POST]}" onto public boolean org.apache.dubbo.admin.controller.TagRoutesController.createRule(org.apache.dubbo.admin.model.dto.TagRouteDTO,java.lang.String)
2019-04-24 00:52:08.375  INFO 29380 --- [main] s.w.s.m.m.a.RequestMappingHandlerMapping : Mapped "{[/api/{env}/rules/route/tag/{id}],methods=[PUT]}" onto public boolean org.apache.dubbo.admin.controller.TagRoutesController.updateRule(java.lang.String,org.apache.dubbo.admin.model.dto.TagRouteDTO,java.lang.String)
2019-04-24 00:52:08.376  INFO 29380 --- [main] s.w.s.m.m.a.RequestMappingHandlerMapping : Mapped "{[/api/{env}/rules/route/tag],methods=[GET]}" onto public java.util.List<org.apache.dubbo.admin.model.dto.TagRouteDTO> org.apache.dubbo.admin.controller.TagRoutesController.searchRoutes(java.lang.String,java.lang.String)
2019-04-24 00:52:08.376  INFO 29380 --- [main] s.w.s.m.m.a.RequestMappingHandlerMapping : Mapped "{[/api/{env}/rules/route/tag/{id}],methods=[GET]}" onto public org.apache.dubbo.admin.model.dto.TagRouteDTO org.apache.dubbo.admin.controller.TagRoutesController.detailRoute(java.lang.String,java.lang.String)
2019-04-24 00:52:08.377  INFO 29380 --- [main] s.w.s.m.m.a.RequestMappingHandlerMapping : Mapped "{[/api/{env}/rules/route/tag/{id}],methods=[DELETE]}" onto public boolean org.apache.dubbo.admin.controller.TagRoutesController.deleteRoute(java.lang.String,java.lang.String)
2019-04-24 00:52:08.378  INFO 29380 --- [main] s.w.s.m.m.a.RequestMappingHandlerMapping : Mapped "{[/api/{env}/rules/route/tag/enable/{id}],methods=[PUT]}" onto public boolean org.apache.dubbo.admin.controller.TagRoutesController.enableRoute(java.lang.String,java.lang.String)
2019-04-24 00:52:08.378  INFO 29380 --- [main] s.w.s.m.m.a.RequestMappingHandlerMapping : Mapped "{[/api/{env}/rules/route/tag/disable/{id}],methods=[PUT]}" onto public boolean org.apache.dubbo.admin.controller.TagRoutesController.disableRoute(java.lang.String,java.lang.String)
2019-04-24 00:52:08.382  INFO 29380 --- [main] s.w.s.m.m.a.RequestMappingHandlerMapping : Mapped "{[/api/{env}/rules/weight/{id}],methods=[PUT]}" onto public boolean org.apache.dubbo.admin.controller.WeightController.updateWeight(java.lang.String,org.apache.dubbo.admin.model.dto.WeightDTO,java.lang.String)
2019-04-24 00:52:08.383  INFO 29380 --- [main] s.w.s.m.m.a.RequestMappingHandlerMapping : Mapped "{[/api/{env}/rules/weight/{id}],methods=[GET]}" onto public org.apache.dubbo.admin.model.dto.WeightDTO org.apache.dubbo.admin.controller.WeightController.detailWeight(java.lang.String,java.lang.String)
2019-04-24 00:52:08.384  INFO 29380 --- [main] s.w.s.m.m.a.RequestMappingHandlerMapping : Mapped "{[/api/{env}/rules/weight],methods=[GET]}" onto public java.util.List<org.apache.dubbo.admin.model.dto.WeightDTO> org.apache.dubbo.admin.controller.WeightController.searchWeight(java.lang.String,java.lang.String,java.lang.String)
2019-04-24 00:52:08.385  INFO 29380 --- [main] s.w.s.m.m.a.RequestMappingHandlerMapping : Mapped "{[/api/{env}/rules/weight],methods=[POST]}" onto public boolean org.apache.dubbo.admin.controller.WeightController.createWeight(org.apache.dubbo.admin.model.dto.WeightDTO,java.lang.String)
2019-04-24 00:52:08.386  INFO 29380 --- [main] s.w.s.m.m.a.RequestMappingHandlerMapping : Mapped "{[/api/{env}/rules/weight/{id}],methods=[DELETE]}" onto public boolean org.apache.dubbo.admin.controller.WeightController.deleteWeight(java.lang.String,java.lang.String)
2019-04-24 00:52:08.394  INFO 29380 --- [main] s.w.s.m.m.a.RequestMappingHandlerMapping : Mapped "{[/swagger-resources/configuration/ui]}" onto public org.springframework.http.ResponseEntity<springfox.documentation.swagger.web.UiConfiguration> springfox.documentation.swagger.web.ApiResourceController.uiConfiguration()
2019-04-24 00:52:08.395  INFO 29380 --- [main] s.w.s.m.m.a.RequestMappingHandlerMapping : Mapped "{[/swagger-resources]}" onto public org.springframework.http.ResponseEntity<java.util.List<springfox.documentation.swagger.web.SwaggerResource>> springfox.documentation.swagger.web.ApiResourceController.swaggerResources()
2019-04-24 00:52:08.397  INFO 29380 --- [main] s.w.s.m.m.a.RequestMappingHandlerMapping : Mapped "{[/swagger-resources/configuration/security]}" onto public org.springframework.http.ResponseEntity<springfox.documentation.swagger.web.SecurityConfiguration> springfox.documentation.swagger.web.ApiResourceController.securityConfiguration()
2019-04-24 00:52:08.409  INFO 29380 --- [main] s.w.s.m.m.a.RequestMappingHandlerMapping : Mapped "{[/error],produces=[text/html]}" onto public org.springframework.web.servlet.ModelAndView org.springframework.boot.autoconfigure.web.servlet.error.BasicErrorController.errorHtml(javax.servlet.http.HttpServletRequest,javax.servlet.http.HttpServletResponse)
2019-04-24 00:52:08.410  INFO 29380 --- [main] s.w.s.m.m.a.RequestMappingHandlerMapping : Mapped "{[/error]}" onto public org.springframework.http.ResponseEntity<java.util.Map<java.lang.String, java.lang.Object>> org.springframework.boot.autoconfigure.web.servlet.error.BasicErrorController.error(javax.servlet.http.HttpServletRequest)
2019-04-24 00:52:09.131  INFO 29380 --- [main] pertySourcedRequestMappingHandlerMapping : Mapped URL path [/v2/api-docs] onto method [public org.springframework.http.ResponseEntity<springfox.documentation.spring.web.json.Json> springfox.documentation.swagger2.web.Swagger2Controller.getDocumentation(java.lang.String,javax.servlet.http.HttpServletRequest)]
2019-04-24 00:52:09.371  INFO 29380 --- [main] o.s.w.s.handler.SimpleUrlHandlerMapping  : Mapped URL path [/**/favicon.ico] onto handler of type [class org.springframework.web.servlet.resource.ResourceHttpRequestHandler]
2019-04-24 00:52:10.440  INFO 29380 --- [main] s.w.s.m.m.a.RequestMappingHandlerAdapter : Looking for @ControllerAdvice: org.springframework.boot.web.servlet.context.AnnotationConfigServletWebServerApplicationContext@67d48005: startup date [Wed Apr 24 00:51:55 CST 2019]; root of context hierarchy
2019-04-24 00:52:10.524  INFO 29380 --- [main] o.s.w.s.handler.SimpleUrlHandlerMapping  : Mapped URL path [/webjars/**] onto handler of type [class org.springframework.web.servlet.resource.ResourceHttpRequestHandler]
2019-04-24 00:52:10.524  INFO 29380 --- [main] o.s.w.s.handler.SimpleUrlHandlerMapping  : Mapped URL path [/**] onto handler of type [class org.springframework.web.servlet.resource.ResourceHttpRequestHandler]
2019-04-24 00:52:10.563  INFO 29380 --- [main] .m.m.a.ExceptionHandlerExceptionResolver : Detected @ExceptionHandler methods in customExceptionHandler
2019-04-24 00:52:12.452  INFO 29380 --- [main] o.s.j.e.a.AnnotationMBeanExporter        : Registering beans for JMX exposure on startup
2019-04-24 00:52:12.544  INFO 29380 --- [main] o.s.c.support.DefaultLifecycleProcessor  : Starting beans in phase 2147483647
2019-04-24 00:52:12.545  INFO 29380 --- [main] d.s.w.p.DocumentationPluginsBootstrapper : Context refreshed
2019-04-24 00:52:12.778  INFO 29380 --- [main] d.s.w.p.DocumentationPluginsBootstrapper : Found 1 custom documentation plugin(s)
2019-04-24 00:52:13.099  INFO 29380 --- [main] s.d.s.w.s.ApiListingReferenceScanner     : Scanning for api listing references
2019-04-24 00:52:14.704  INFO 29380 --- [main] .d.s.w.r.o.CachingOperationNameGenerator : Generating unique operation named: disableRouteUsingPUT_1
2019-04-24 00:52:14.709  INFO 29380 --- [main] .d.s.w.r.o.CachingOperationNameGenerator : Generating unique operation named: enableRouteUsingPUT_1
2019-04-24 00:52:15.324  INFO 29380 --- [main] .d.s.w.r.o.CachingOperationNameGenerator : Generating unique operation named: createRuleUsingPOST_1
2019-04-24 00:52:15.328  INFO 29380 --- [main] .d.s.w.r.o.CachingOperationNameGenerator : Generating unique operation named: deleteRouteUsingDELETE_1
2019-04-24 00:52:15.339  INFO 29380 --- [main] .d.s.w.r.o.CachingOperationNameGenerator : Generating unique operation named: detailRouteUsingGET_1
2019-04-24 00:52:15.342  INFO 29380 --- [main] .d.s.w.r.o.CachingOperationNameGenerator : Generating unique operation named: disableRouteUsingPUT_2
2019-04-24 00:52:15.346  INFO 29380 --- [main] .d.s.w.r.o.CachingOperationNameGenerator : Generating unique operation named: enableRouteUsingPUT_2
2019-04-24 00:52:15.354  INFO 29380 --- [main] .d.s.w.r.o.CachingOperationNameGenerator : Generating unique operation named: searchRoutesUsingGET_1
2019-04-24 00:52:15.358  INFO 29380 --- [main] .d.s.w.r.o.CachingOperationNameGenerator : Generating unique operation named: updateRuleUsingPUT_1
2019-04-24 00:52:22.863  INFO 29380 --- [main] o.s.b.w.embedded.tomcat.TomcatWebServer  : Tomcat started on port(s): 8080 (http) with context path ''
2019-04-24 00:52:29.651  INFO 29380 --- [http-nio-8080-exec-1] o.s.web.servlet.DispatcherServlet        : FrameworkServlet 'dispatcherServlet': initialization started
2019-04-24 00:52:30.219  INFO 29380 --- [http-nio-8080-exec-1] o.s.web.servlet.DispatcherServlet        : FrameworkServlet 'dispatcherServlet': initialization completed in 568 ms
