#
# A fatal error has been detected by the Java Runtime Environment:
#
#  SIGSEGV (0xb) at pc=0x00007fc065aed76d, pid=15825, tid=0x00007fc066c6f700
#
# JRE version: Java(TM) SE Runtime Environment (8.0_191-b12) (build 1.8.0_191-b12)
# Java VM: Java HotSpot(TM) 64-Bit Server VM (25.191-b12 mixed mode linux-amd64 compressed oops)
# Problematic frame:
# V  [libjvm.so+0xa9b76d]  Unsafe_GetNativeInt+0xad
#
# Failed to write core dump. Core dumps have been disabled. To enable core dumping, try "ulimit -c unlimited" before starting Java again
#
# If you would like to submit a bug report, please visit:
#   http://bugreport.java.com/bugreport/crash.jsp
#

---------------  T H R E A D  ---------------

Current thread (0x00007fc06000d800):  JavaThread "main" [_thread_in_vm, id=15826, stack(0x00007fc066b70000,0x00007fc066c70000)]

siginfo: si_signo: 11 (SIGSEGV), si_code: 1 (SEGV_MAPERR), si_addr: 0x000000000000000c

Registers:
RAX=0x00007fc06000d800, RBX=0x00007fc06000d800, RCX=0x00007fc066a5d320, RDX=0x00007fc066c6fa20
RSP=0x00007fc066c6e8a0, RBP=0x00007fc066c6e8d0, RSI=0x0000000000000001, RDI=0x0000000000000010
R8 =0x0000000000000004, R9 =0x0000000000000005, R10=0x00007fc0509d069b, R11=0x00007fc065a0d890
R12=0x000000000000000c, R13=0x00007fc049fcf498, R14=0x00007fc066c6e968, R15=0x00007fc066014f4c
RIP=0x00007fc065aed76d, EFLAGS=0x0000000000010246, CSGSFS=0x002b000000000033, ERR=0x0000000000000004
  TRAPNO=0x000000000000000e

Top of Stack: (sp=0x00007fc066c6e8a0)
0x00007fc066c6e8a0:   00007fc049fcf498 00007fc049fcf498
0x00007fc066c6e8b0:   0000000000000000 00007fc049fcf498
0x00007fc066c6e8c0:   00007fc066c6e968 00007fc06000d800
0x00007fc066c6e8d0:   00007fc066c6e938 00007fc0509d06c7
0x00007fc066c6e8e0:   00007fc066c6e938 00007fc0509d0427
0x00007fc066c6e8f0:   00007fc0509d03e2 00007fc066c6e8f8
0x00007fc066c6e900:   00007fc049fcf498 00007fc066c6e968
0x00007fc066c6e910:   00007fc049ffd5d8 0000000000000000
0x00007fc066c6e920:   00007fc049fcf498 0000000000000000
0x00007fc066c6e930:   00007fc066c6e958 00007fc066c6e9b8
0x00007fc066c6e940:   00007fc0509bfd00 0000000000000000
0x00007fc066c6e950:   00007fc0509c9d16 000000000000000c
0x00007fc066c6e960:   000000078c39ef60 000000078c3889a8
0x00007fc066c6e970:   000000078c39ef60 00007fc066c6e978
0x00007fc066c6e980:   00007fc04a352d28 00007fc066c6e9e8
0x00007fc066c6e990:   00007fc04a353028 0000000000000000
0x00007fc066c6e9a0:   00007fc04a352d90 00007fc066c6e958
0x00007fc066c6e9b0:   00007fc066c6e9e8 00007fc066c6ea50
0x00007fc066c6e9c0:   00007fc0509b87a7 000000000000000c
0x00007fc066c6e9d0:   0000000000000000 000000078c490db8
0x00007fc066c6e9e0:   000000078c3889a8 000000078c48bd98
0x00007fc066c6e9f0:   00007fc000001fa0 00007fc04a352d90
0x00007fc066c6ea00:   00007fc066c6ec30 00007fc066c6eaf0
0x00007fc066c6ea10:   00007fc06000d800 00007fc06000d800
0x00007fc066c6ea20:   00007fc066c6eaf0 00007fc066c6ecf8
0x00007fc066c6ea30:   00007fc00000000a 00007fc04a352d90
0x00007fc066c6ea40:   00007fc0509cb600 00007fc066c6ec38
0x00007fc066c6ea50:   00007fc066c6eb60 00007fc0656d72db
0x00007fc066c6ea60:   0000000000000001 00007fc06000d800
0x00007fc066c6ea70:   00007fc06000d800 00007fc06000e0e0
0x00007fc066c6ea80:   00007fc066c6eab0 00007fc00000000a
0x00007fc066c6ea90:   00007fc00000000e 00007fc0509cb600 

Instructions: (pc=0x00007fc065aed76d)
0x00007fc065aed74d:   ff 48 8d 05 13 11 4f 00 c7 83 70 02 00 00 06 00
0x00007fc065aed75d:   00 00 8b 38 e8 f2 2a 76 ff c6 80 94 02 00 00 01
0x00007fc065aed76d:   45 8b 34 24 c6 80 94 02 00 00 00 4c 8b 63 48 49
0x00007fc065aed77d:   8b 44 24 10 4d 8b 6c 24 08 48 83 38 00 74 1c 49 

Register to memory mapping:

RAX=0x00007fc06000d800 is a thread
RBX=0x00007fc06000d800 is a thread
RCX=0x00007fc066a5d320: <offset 0x21a320> in /lib/x86_64-linux-gnu/libpthread.so.0 at 0x00007fc066843000
RDX=0x00007fc066c6fa20 is pointing into the stack for thread: 0x00007fc06000d800
RSP=0x00007fc066c6e8a0 is pointing into the stack for thread: 0x00007fc06000d800
RBP=0x00007fc066c6e8d0 is pointing into the stack for thread: 0x00007fc06000d800
RSI=0x0000000000000001 is an unknown value
RDI=0x0000000000000010 is an unknown value
R8 =0x0000000000000004 is an unknown value
R9 =0x0000000000000005 is an unknown value
R10=0x00007fc0509d069b is at code_begin+859 in an Interpreter codelet
method entry point (kind = native)  [0x00007fc0509d0340, 0x00007fc0509d0cc0]  2432 bytes
R11=0x00007fc065a0d890: <offset 0x9bb890> in /home/lgj/java/jdk1.8.0_191/jre/lib/amd64/server/libjvm.so at 0x00007fc065052000
R12=0x000000000000000c is an unknown value
R13={method} {0x00007fc049fcf498} 'getInt' '(J)I' in 'sun/misc/Unsafe'
R14=0x00007fc066c6e968 is pointing into the stack for thread: 0x00007fc06000d800
R15=0x00007fc066014f4c: <offset 0xfc2f4c> in /home/lgj/java/jdk1.8.0_191/jre/lib/amd64/server/libjvm.so at 0x00007fc065052000


Stack: [0x00007fc066b70000,0x00007fc066c70000],  sp=0x00007fc066c6e8a0,  free space=1018k
Native frames: (J=compiled Java code, j=interpreted, Vv=VM code, C=native code)
V  [libjvm.so+0xa9b76d]  Unsafe_GetNativeInt+0xad
j  sun.misc.Unsafe.getInt(J)I+0
j  com.code.base.util.concurrent.unsafe.UnsafeDemo.main([Ljava/lang/String;)V+48
v  ~StubRoutines::call_stub
V  [libjvm.so+0x6852db]  JavaCalls::call_helper(JavaValue*, methodHandle*, JavaCallArguments*, Thread*)+0xddb
V  [libjvm.so+0x6d0121]  jni_invoke_static(JNIEnv_*, JavaValue*, _jobject*, JNICallType, _jmethodID*, JNI_ArgumentPusher*, Thread*) [clone .isra.96] [clone .constprop.117]+0x1e1
V  [libjvm.so+0x6d238b]  jni_CallStaticVoidMethod+0x15b
C  [libjli.so+0x882c]  JavaMain+0xa3c
C  [libpthread.so.0+0x76db]  start_thread+0xdb

Java frames: (J=compiled Java code, j=interpreted, Vv=VM code)
j  sun.misc.Unsafe.getInt(J)I+0
j  com.code.base.util.concurrent.unsafe.UnsafeDemo.main([Ljava/lang/String;)V+48
v  ~StubRoutines::call_stub

---------------  P R O C E S S  ---------------

Java Threads: ( => current thread )
  0x00007fc060256800 JavaThread "Service Thread" daemon [_thread_blocked, id=15852, stack(0x00007fc0480e6000,0x00007fc0481e7000)]
  0x00007fc060251800 JavaThread "C1 CompilerThread2" daemon [_thread_blocked, id=15851, stack(0x00007fc0481e8000,0x00007fc0482e8000)]
  0x00007fc06024f800 JavaThread "C2 CompilerThread1" daemon [_thread_blocked, id=15850, stack(0x00007fc048500000,0x00007fc048600000)]
  0x00007fc06024d800 JavaThread "C2 CompilerThread0" daemon [_thread_blocked, id=15849, stack(0x00007fc048601000,0x00007fc048701000)]
  0x00007fc06024c000 JavaThread "Monitor Ctrl-Break" daemon [_thread_in_native, id=15848, stack(0x00007fc048701000,0x00007fc048802000)]
  0x00007fc060186800 JavaThread "Signal Dispatcher" daemon [_thread_blocked, id=15847, stack(0x00007fc04886c000,0x00007fc04896d000)]
  0x00007fc06014e800 JavaThread "Finalizer" daemon [_thread_blocked, id=15840, stack(0x00007fc048aee000,0x00007fc048bef000)]
  0x00007fc06014c000 JavaThread "Reference Handler" daemon [_thread_blocked, id=15839, stack(0x00007fc048bef000,0x00007fc048cf0000)]
=>0x00007fc06000d800 JavaThread "main" [_thread_in_vm, id=15826, stack(0x00007fc066b70000,0x00007fc066c70000)]

Other Threads:
  0x00007fc060142800 VMThread [stack: 0x00007fc048cf1000,0x00007fc048df1000] [id=15838]
  0x00007fc060259800 WatcherThread [stack: 0x00007fc01ceff000,0x00007fc01cfff000] [id=15853]

VM state:not at safepoint (normal execution)

VM Mutex/Monitor currently owned by a thread: None

Heap:
 PSYoungGen      total 46592K, used 2400K [0x000000078c380000, 0x000000078f780000, 0x00000007c0000000)
  eden space 39936K, 6% used [0x000000078c380000,0x000000078c5d80f0,0x000000078ea80000)
  from space 6656K, 0% used [0x000000078f100000,0x000000078f100000,0x000000078f780000)
  to   space 6656K, 0% used [0x000000078ea80000,0x000000078ea80000,0x000000078f100000)
 ParOldGen       total 106496K, used 0K [0x0000000724a00000, 0x000000072b200000, 0x000000078c380000)
  object space 106496K, 0% used [0x0000000724a00000,0x0000000724a00000,0x000000072b200000)
 Metaspace       used 3060K, capacity 4500K, committed 4864K, reserved 1056768K
  class space    used 336K, capacity 388K, committed 512K, reserved 1048576K

Card table byte_map: [0x00007fc05011c000,0x00007fc0505f8000] byte_map_base: 0x00007fc04c7f7000

Marking Bits: (ParMarkBitMap*) 0x00007fc066018d40
 Begin Bits: [0x00007fc04ac2b000, 0x00007fc04d303000)
 End Bits:   [0x00007fc04d303000, 0x00007fc04f9db000)

Polling page: 0x00007fc066c88000

CodeCache: size=245760Kb used=1104Kb max_used=1104Kb free=244655Kb
 bounds [0x00007fc0509b8000, 0x00007fc050c28000, 0x00007fc05f9b8000]
 total_blobs=268 nmethods=21 adapters=161
 compilation: enabled

Compilation events (10 events):
Event: 0.188 Thread 0x00007fc060251800   18       3       sun.nio.cs.UTF_8$Encoder::encode (359 bytes)
Event: 0.190 Thread 0x00007fc060251800 nmethod 18 0x00007fc050acacd0 code [0x00007fc050acaec0, 0x00007fc050acb9f8]
Event: 0.190 Thread 0x00007fc060251800   16       3       java.lang.Math::min (11 bytes)
Event: 0.190 Thread 0x00007fc060251800 nmethod 16 0x00007fc050ac8ad0 code [0x00007fc050ac8c40, 0x00007fc050ac8dd0]
Event: 0.190 Thread 0x00007fc060251800   17       3       java.lang.String::length (6 bytes)
Event: 0.190 Thread 0x00007fc060251800 nmethod 17 0x00007fc050ac8750 code [0x00007fc050ac88c0, 0x00007fc050ac8a30]
Event: 0.191 Thread 0x00007fc060251800   19       3       java.lang.Object::<init> (1 bytes)
Event: 0.191 Thread 0x00007fc060251800 nmethod 19 0x00007fc050ac8410 code [0x00007fc050ac8580, 0x00007fc050ac86d0]
Event: 0.191 Thread 0x00007fc060251800   20       3       java.util.concurrent.ConcurrentHashMap::tabAt (21 bytes)
Event: 0.192 Thread 0x00007fc060251800 nmethod 20 0x00007fc050acc050 code [0x00007fc050acc1c0, 0x00007fc050acc3f0]

GC Heap History (0 events):
No events

Deoptimization events (0 events):
No events

Classes redefined (0 events):
No events

Internal exceptions (2 events):
Event: 0.054 Thread 0x00007fc06000d800 Exception <a 'java/lang/NoSuchMethodError': Method sun.misc.Unsafe.defineClass(Ljava/lang/String;[BII)Ljava/lang/Class; name or signature does not match> (0x000000078c387cb0) thrown at [/HUDSON/workspace/8-2-build-linux-amd64/jdk8u191/11894/hotspot/src/sh
Event: 0.054 Thread 0x00007fc06000d800 Exception <a 'java/lang/NoSuchMethodError': Method sun.misc.Unsafe.prefetchRead(Ljava/lang/Object;J)V name or signature does not match> (0x000000078c387f98) thrown at [/HUDSON/workspace/8-2-build-linux-amd64/jdk8u191/11894/hotspot/src/share/vm/prims/jni.c

Events (10 events):
Event: 0.192 loading class sun/reflect/UnsafeQualifiedStaticObjectFieldAccessorImpl
Event: 0.192 loading class sun/reflect/UnsafeQualifiedStaticFieldAccessorImpl
Event: 0.192 loading class sun/reflect/UnsafeQualifiedStaticFieldAccessorImpl done
Event: 0.192 loading class sun/reflect/UnsafeQualifiedStaticObjectFieldAccessorImpl done
Event: 0.192 loading class java/util/HashMap$EntrySet
Event: 0.192 loading class java/util/HashMap$EntrySet done
Event: 0.192 loading class java/util/HashMap$EntryIterator
Event: 0.192 loading class java/util/HashMap$HashIterator
Event: 0.192 loading class java/util/HashMap$HashIterator done
Event: 0.192 loading class java/util/HashMap$EntryIterator done


Dynamic libraries:
00400000-00401000 r-xp 00000000 08:12 792003                             /home/lgj/java/jdk1.8.0_191/bin/java
00600000-00601000 r--p 00000000 08:12 792003                             /home/lgj/java/jdk1.8.0_191/bin/java
00601000-00602000 rw-p 00001000 08:12 792003                             /home/lgj/java/jdk1.8.0_191/bin/java
01f85000-01fa6000 rw-p 00000000 00:00 0                                  [heap]
724a00000-72b200000 rw-p 00000000 00:00 0 
72b200000-78c380000 ---p 00000000 00:00 0 
78c380000-78f780000 rw-p 00000000 00:00 0 
78f780000-7c0000000 ---p 00000000 00:00 0 
7c0000000-7c0080000 rw-p 00000000 00:00 0 
7c0080000-800000000 ---p 00000000 00:00 0 
7fc008000000-7fc008021000 rw-p 00000000 00:00 0 
7fc008021000-7fc00c000000 ---p 00000000 00:00 0 
7fc010000000-7fc010021000 rw-p 00000000 00:00 0 
7fc010021000-7fc014000000 ---p 00000000 00:00 0 
7fc014000000-7fc014021000 rw-p 00000000 00:00 0 
7fc014021000-7fc018000000 ---p 00000000 00:00 0 
7fc018000000-7fc018021000 rw-p 00000000 00:00 0 
7fc018021000-7fc01c000000 ---p 00000000 00:00 0 
7fc01cc6b000-7fc01cefe000 rw-p 00000000 00:00 0 
7fc01cefe000-7fc01ceff000 ---p 00000000 00:00 0 
7fc01ceff000-7fc020000000 rw-p 00000000 00:00 0 
7fc020000000-7fc020025000 rw-p 00000000 00:00 0 
7fc020025000-7fc024000000 ---p 00000000 00:00 0 
7fc024000000-7fc024067000 rw-p 00000000 00:00 0 
7fc024067000-7fc028000000 ---p 00000000 00:00 0 
7fc028000000-7fc028021000 rw-p 00000000 00:00 0 
7fc028021000-7fc02c000000 ---p 00000000 00:00 0 
7fc02c000000-7fc02c021000 rw-p 00000000 00:00 0 
7fc02c021000-7fc030000000 ---p 00000000 00:00 0 
7fc030000000-7fc030021000 rw-p 00000000 00:00 0 
7fc030021000-7fc034000000 ---p 00000000 00:00 0 
7fc034000000-7fc034021000 rw-p 00000000 00:00 0 
7fc034021000-7fc038000000 ---p 00000000 00:00 0 
7fc038000000-7fc038021000 rw-p 00000000 00:00 0 
7fc038021000-7fc03c000000 ---p 00000000 00:00 0 
7fc03c000000-7fc03c021000 rw-p 00000000 00:00 0 
7fc03c021000-7fc040000000 ---p 00000000 00:00 0 
7fc040000000-7fc040021000 rw-p 00000000 00:00 0 
7fc040021000-7fc044000000 ---p 00000000 00:00 0 
7fc044000000-7fc044021000 rw-p 00000000 00:00 0 
7fc044021000-7fc048000000 ---p 00000000 00:00 0 
7fc0480e6000-7fc0480e9000 ---p 00000000 00:00 0 
7fc0480e9000-7fc0481e7000 rw-p 00000000 00:00 0 
7fc0481e7000-7fc0481e8000 ---p 00000000 00:00 0 
7fc0481e8000-7fc0481eb000 ---p 00000000 00:00 0 
7fc0481eb000-7fc0482e8000 rw-p 00000000 00:00 0 
7fc0482e8000-7fc0482fe000 r-xp 00000000 08:12 924169                     /home/lgj/java/jdk1.8.0_191/jre/lib/amd64/libnet.so
7fc0482fe000-7fc0484fd000 ---p 00016000 08:12 924169                     /home/lgj/java/jdk1.8.0_191/jre/lib/amd64/libnet.so
7fc0484fd000-7fc0484fe000 r--p 00015000 08:12 924169                     /home/lgj/java/jdk1.8.0_191/jre/lib/amd64/libnet.so
7fc0484fe000-7fc0484ff000 rw-p 00016000 08:12 924169                     /home/lgj/java/jdk1.8.0_191/jre/lib/amd64/libnet.so
7fc0484ff000-7fc048500000 ---p 00000000 00:00 0 
7fc048500000-7fc048503000 ---p 00000000 00:00 0 
7fc048503000-7fc048600000 rw-p 00000000 00:00 0 
7fc048600000-7fc048601000 ---p 00000000 00:00 0 
7fc048601000-7fc048604000 ---p 00000000 00:00 0 
7fc048604000-7fc048701000 rw-p 00000000 00:00 0 
7fc048701000-7fc048704000 ---p 00000000 00:00 0 
7fc048704000-7fc048802000 rw-p 00000000 00:00 0 
7fc048802000-7fc048804000 r--s 0001a000 08:12 1456142                    /home/lgj/java/idea-IU-183.4886.37/lib/idea_rt.jar
7fc048804000-7fc048822000 r--s 00180000 08:12 1975077                    /home/lgj/.m2/repository/org/apache/commons/commons-math3/3.2/commons-math3-3.2.jar
7fc048822000-7fc04882b000 r--s 00074000 08:12 1501315                    /home/lgj/.m2/repository/org/openjdk/jmh/jmh-core/1.20/jmh-core-1.20.jar
7fc04882b000-7fc048833000 r--s 0008e000 08:12 920719                     /home/lgj/.m2/repository/javassist/javassist/3.11.0.GA/javassist-3.11.0.GA.jar
7fc048833000-7fc048852000 r--s 001d1000 08:12 1453633                    /home/lgj/.m2/repository/org/apache/ant/ant/1.9.6/ant-1.9.6.jar
7fc048852000-7fc048859000 r--s 00043000 08:12 1863522                    /home/lgj/.m2/repository/cglib/cglib/3.2.5/cglib-3.2.5.jar
7fc048859000-7fc04886c000 r--s 00345000 08:12 924079                     /home/lgj/java/jdk1.8.0_191/jre/lib/resources.jar
7fc04886c000-7fc04886f000 ---p 00000000 00:00 0 
7fc04886f000-7fc04896d000 rw-p 00000000 00:00 0 
7fc04896d000-7fc0489be000 r--p 00000000 08:12 4206722                    /usr/lib/locale/aa_DJ.utf8/LC_CTYPE
7fc0489be000-7fc048aee000 r--p 00000000 08:12 4206721                    /usr/lib/locale/aa_DJ.utf8/LC_COLLATE
7fc048aee000-7fc048af1000 ---p 00000000 00:00 0 
7fc048af1000-7fc048bef000 rw-p 00000000 00:00 0 
7fc048bef000-7fc048bf2000 ---p 00000000 00:00 0 
7fc048bf2000-7fc048cf0000 rw-p 00000000 00:00 0 
7fc048cf0000-7fc048cf1000 ---p 00000000 00:00 0 
7fc048cf1000-7fc049d00000 rw-p 00000000 00:00 0 
7fc049d00000-7fc049eda000 r--s 03d6c000 08:12 924041                     /home/lgj/java/jdk1.8.0_191/jre/lib/rt.jar
7fc049eda000-7fc04a390000 rw-p 00000000 00:00 0 
7fc04a390000-7fc04a750000 ---p 00000000 00:00 0 
7fc04a750000-7fc04f9db000 rw-p 00000000 00:00 0 
7fc04f9db000-7fc04f9dc000 ---p 00000000 00:00 0 
7fc04f9dc000-7fc04fadc000 rw-p 00000000 00:00 0 
7fc04fadc000-7fc04fadd000 ---p 00000000 00:00 0 
7fc04fadd000-7fc04fbdd000 rw-p 00000000 00:00 0 
7fc04fbdd000-7fc04fbde000 ---p 00000000 00:00 0 
7fc04fbde000-7fc04fcde000 rw-p 00000000 00:00 0 
7fc04fcde000-7fc04fcdf000 ---p 00000000 00:00 0 
7fc04fcdf000-7fc04fe13000 rw-p 00000000 00:00 0 
7fc04fe13000-7fc05011c000 ---p 00000000 00:00 0 
7fc05011c000-7fc050150000 rw-p 00000000 00:00 0 
7fc050150000-7fc050458000 ---p 00000000 00:00 0 
7fc050458000-7fc050473000 rw-p 00000000 00:00 0 
7fc050473000-7fc0505f7000 ---p 00000000 00:00 0 
7fc0505f7000-7fc050602000 rw-p 00000000 00:00 0 
7fc050602000-7fc0509b8000 ---p 00000000 00:00 0 
7fc0509b8000-7fc050c28000 rwxp 00000000 00:00 0 
7fc050c28000-7fc05f9b8000 ---p 00000000 00:00 0 
7fc05f9b8000-7fc05f9d2000 r-xp 00000000 08:12 924165                     /home/lgj/java/jdk1.8.0_191/jre/lib/amd64/libzip.so
7fc05f9d2000-7fc05fbd2000 ---p 0001a000 08:12 924165                     /home/lgj/java/jdk1.8.0_191/jre/lib/amd64/libzip.so
7fc05fbd2000-7fc05fbd3000 r--p 0001a000 08:12 924165                     /home/lgj/java/jdk1.8.0_191/jre/lib/amd64/libzip.so
7fc05fbd3000-7fc05fbd4000 rw-p 0001b000 08:12 924165                     /home/lgj/java/jdk1.8.0_191/jre/lib/amd64/libzip.so
7fc05fbd4000-7fc05fbdf000 r-xp 00000000 08:12 3019956                    /lib/x86_64-linux-gnu/libnss_files-2.27.so
7fc05fbdf000-7fc05fdde000 ---p 0000b000 08:12 3019956                    /lib/x86_64-linux-gnu/libnss_files-2.27.so
7fc05fdde000-7fc05fddf000 r--p 0000a000 08:12 3019956                    /lib/x86_64-linux-gnu/libnss_files-2.27.so
7fc05fddf000-7fc05fde0000 rw-p 0000b000 08:12 3019956                    /lib/x86_64-linux-gnu/libnss_files-2.27.so
7fc05fde0000-7fc05fde6000 rw-p 00000000 00:00 0 
7fc05fde6000-7fc05fdfd000 r-xp 00000000 08:12 3019950                    /lib/x86_64-linux-gnu/libnsl-2.27.so
7fc05fdfd000-7fc05fffc000 ---p 00017000 08:12 3019950                    /lib/x86_64-linux-gnu/libnsl-2.27.so
7fc05fffc000-7fc05fffd000 r--p 00016000 08:12 3019950                    /lib/x86_64-linux-gnu/libnsl-2.27.so
7fc05fffd000-7fc05fffe000 rw-p 00017000 08:12 3019950                    /lib/x86_64-linux-gnu/libnsl-2.27.so
7fc05fffe000-7fc060000000 rw-p 00000000 00:00 0 
7fc060000000-7fc06027e000 rw-p 00000000 00:00 0 
7fc06027e000-7fc064000000 ---p 00000000 00:00 0 
7fc064000000-7fc064002000 r--s 0000e000 08:12 1703993                    /home/lgj/.m2/repository/net/sf/jopt-simple/jopt-simple/4.6/jopt-simple-4.6.jar
7fc064002000-7fc064003000 r--s 00004000 08:12 1453653                    /home/lgj/.m2/repository/org/apache/ant/ant-launcher/1.9.6/ant-launcher-1.9.6.jar
7fc064003000-7fc064005000 r--s 0000c000 08:12 2391334                    /home/lgj/.m2/repository/org/ow2/asm/asm/5.2/asm-5.2.jar
7fc064005000-7fc064018000 r--s 000d6000 08:12 923983                     /home/lgj/java/jdk1.8.0_191/jre/lib/plugin.jar
7fc064018000-7fc064019000 r--s 00000000 08:12 923965                     /home/lgj/java/jdk1.8.0_191/jre/lib/management-agent.jar
7fc064019000-7fc06401e000 r--s 000a0000 08:12 924098                     /home/lgj/java/jdk1.8.0_191/jre/lib/jsse.jar
7fc06401e000-7fc064020000 r--s 00007000 08:12 924187                     /home/lgj/java/jdk1.8.0_191/jre/lib/jfxswt.jar
7fc064020000-7fc064025000 r--s 00084000 08:12 923958                     /home/lgj/java/jdk1.8.0_191/jre/lib/jfr.jar
7fc064025000-7fc064028000 r--s 0001a000 08:12 924185                     /home/lgj/java/jdk1.8.0_191/jre/lib/jce.jar
7fc064028000-7fc064032000 r--s 0006e000 08:12 923968                     /home/lgj/java/jdk1.8.0_191/jre/lib/javaws.jar
7fc064032000-7fc06404d000 r--s 0020c000 08:12 923959                     /home/lgj/java/jdk1.8.0_191/jre/lib/deploy.jar
7fc06404d000-7fc064058000 r-xp 00000000 08:12 3019967                    /lib/x86_64-linux-gnu/libnss_nis-2.27.so
7fc064058000-7fc064257000 ---p 0000b000 08:12 3019967                    /lib/x86_64-linux-gnu/libnss_nis-2.27.so
7fc064257000-7fc064258000 r--p 0000a000 08:12 3019967                    /lib/x86_64-linux-gnu/libnss_nis-2.27.so
7fc064258000-7fc064259000 rw-p 0000b000 08:12 3019967                    /lib/x86_64-linux-gnu/libnss_nis-2.27.so
7fc064259000-7fc064261000 r-xp 00000000 08:12 3019952                    /lib/x86_64-linux-gnu/libnss_compat-2.27.so
7fc064261000-7fc064461000 ---p 00008000 08:12 3019952                    /lib/x86_64-linux-gnu/libnss_compat-2.27.so
7fc064461000-7fc064462000 r--p 00008000 08:12 3019952                    /lib/x86_64-linux-gnu/libnss_compat-2.27.so
7fc064462000-7fc064463000 rw-p 00009000 08:12 3019952                    /lib/x86_64-linux-gnu/libnss_compat-2.27.so
7fc064463000-7fc06446d000 r-xp 00000000 08:12 924174                     /home/lgj/java/jdk1.8.0_191/jre/lib/amd64/libinstrument.so
7fc06446d000-7fc06466c000 ---p 0000a000 08:12 924174                     /home/lgj/java/jdk1.8.0_191/jre/lib/amd64/libinstrument.so
7fc06466c000-7fc06466d000 r--p 00009000 08:12 924174                     /home/lgj/java/jdk1.8.0_191/jre/lib/amd64/libinstrument.so
7fc06466d000-7fc06466e000 rw-p 0000a000 08:12 924174                     /home/lgj/java/jdk1.8.0_191/jre/lib/amd64/libinstrument.so
7fc06466e000-7fc06469b000 r-xp 00000000 08:12 924159                     /home/lgj/java/jdk1.8.0_191/jre/lib/amd64/libjava.so
7fc06469b000-7fc06489a000 ---p 0002d000 08:12 924159                     /home/lgj/java/jdk1.8.0_191/jre/lib/amd64/libjava.so
7fc06489a000-7fc06489b000 r--p 0002c000 08:12 924159                     /home/lgj/java/jdk1.8.0_191/jre/lib/amd64/libjava.so
7fc06489b000-7fc06489d000 rw-p 0002d000 08:12 924159                     /home/lgj/java/jdk1.8.0_191/jre/lib/amd64/libjava.so
7fc06489d000-7fc0648aa000 r-xp 00000000 08:12 924164                     /home/lgj/java/jdk1.8.0_191/jre/lib/amd64/libverify.so
7fc0648aa000-7fc064aa9000 ---p 0000d000 08:12 924164                     /home/lgj/java/jdk1.8.0_191/jre/lib/amd64/libverify.so
7fc064aa9000-7fc064aab000 r--p 0000c000 08:12 924164                     /home/lgj/java/jdk1.8.0_191/jre/lib/amd64/libverify.so
7fc064aab000-7fc064aac000 rw-p 0000e000 08:12 924164                     /home/lgj/java/jdk1.8.0_191/jre/lib/amd64/libverify.so
7fc064aac000-7fc064ab3000 r-xp 00000000 08:12 3020007                    /lib/x86_64-linux-gnu/librt-2.27.so
7fc064ab3000-7fc064cb2000 ---p 00007000 08:12 3020007                    /lib/x86_64-linux-gnu/librt-2.27.so
7fc064cb2000-7fc064cb3000 r--p 00006000 08:12 3020007                    /lib/x86_64-linux-gnu/librt-2.27.so
7fc064cb3000-7fc064cb4000 rw-p 00007000 08:12 3020007                    /lib/x86_64-linux-gnu/librt-2.27.so
7fc064cb4000-7fc064e51000 r-xp 00000000 08:12 3019929                    /lib/x86_64-linux-gnu/libm-2.27.so
7fc064e51000-7fc065050000 ---p 0019d000 08:12 3019929                    /lib/x86_64-linux-gnu/libm-2.27.so
7fc065050000-7fc065051000 r--p 0019c000 08:12 3019929                    /lib/x86_64-linux-gnu/libm-2.27.so
7fc065051000-7fc065052000 rw-p 0019d000 08:12 3019929                    /lib/x86_64-linux-gnu/libm-2.27.so
7fc065052000-7fc065d34000 r-xp 00000000 08:12 1055094                    /home/lgj/java/jdk1.8.0_191/jre/lib/amd64/server/libjvm.so
7fc065d34000-7fc065f34000 ---p 00ce2000 08:12 1055094                    /home/lgj/java/jdk1.8.0_191/jre/lib/amd64/server/libjvm.so
7fc065f34000-7fc065fca000 r--p 00ce2000 08:12 1055094                    /home/lgj/java/jdk1.8.0_191/jre/lib/amd64/server/libjvm.so
7fc065fca000-7fc065ffb000 rw-p 00d78000 08:12 1055094                    /home/lgj/java/jdk1.8.0_191/jre/lib/amd64/server/libjvm.so
7fc065ffb000-7fc066036000 rw-p 00000000 00:00 0 
7fc066036000-7fc06621d000 r-xp 00000000 08:12 3019866                    /lib/x86_64-linux-gnu/libc-2.27.so
7fc06621d000-7fc06641d000 ---p 001e7000 08:12 3019866                    /lib/x86_64-linux-gnu/libc-2.27.so
7fc06641d000-7fc066421000 r--p 001e7000 08:12 3019866                    /lib/x86_64-linux-gnu/libc-2.27.so
7fc066421000-7fc066423000 rw-p 001eb000 08:12 3019866                    /lib/x86_64-linux-gnu/libc-2.27.so
7fc066423000-7fc066427000 rw-p 00000000 00:00 0 
7fc066427000-7fc06642a000 r-xp 00000000 08:12 3019889                    /lib/x86_64-linux-gnu/libdl-2.27.so
7fc06642a000-7fc066629000 ---p 00003000 08:12 3019889                    /lib/x86_64-linux-gnu/libdl-2.27.so
7fc066629000-7fc06662a000 r--p 00002000 08:12 3019889                    /lib/x86_64-linux-gnu/libdl-2.27.so
7fc06662a000-7fc06662b000 rw-p 00003000 08:12 3019889                    /lib/x86_64-linux-gnu/libdl-2.27.so
7fc06662b000-7fc066642000 r-xp 00000000 08:12 793203                     /home/lgj/java/jdk1.8.0_191/lib/amd64/jli/libjli.so
7fc066642000-7fc066841000 ---p 00017000 08:12 793203                     /home/lgj/java/jdk1.8.0_191/lib/amd64/jli/libjli.so
7fc066841000-7fc066842000 r--p 00016000 08:12 793203                     /home/lgj/java/jdk1.8.0_191/lib/amd64/jli/libjli.so
7fc066842000-7fc066843000 rw-p 00017000 08:12 793203                     /home/lgj/java/jdk1.8.0_191/lib/amd64/jli/libjli.so
7fc066843000-7fc06685d000 r-xp 00000000 08:12 3019999                    /lib/x86_64-linux-gnu/libpthread-2.27.so
7fc06685d000-7fc066a5c000 ---p 0001a000 08:12 3019999                    /lib/x86_64-linux-gnu/libpthread-2.27.so
7fc066a5c000-7fc066a5d000 r--p 00019000 08:12 3019999                    /lib/x86_64-linux-gnu/libpthread-2.27.so
7fc066a5d000-7fc066a5e000 rw-p 0001a000 08:12 3019999                    /lib/x86_64-linux-gnu/libpthread-2.27.so
7fc066a5e000-7fc066a62000 rw-p 00000000 00:00 0 
7fc066a62000-7fc066a89000 r-xp 00000000 08:12 3019838                    /lib/x86_64-linux-gnu/ld-2.27.so
7fc066a89000-7fc066a8e000 r--s 002f9000 08:12 924039                     /home/lgj/java/jdk1.8.0_191/jre/lib/charsets.jar
7fc066a8e000-7fc066a8f000 r--p 00000000 08:12 4206795                    /usr/lib/locale/ak_GH/LC_NUMERIC
7fc066a8f000-7fc066a90000 r--p 00000000 08:12 4336393                    /usr/lib/locale/en_HK.utf8/LC_TIME
7fc066a90000-7fc066a91000 r--p 00000000 08:12 4336390                    /usr/lib/locale/en_HK.utf8/LC_MONETARY
7fc066a91000-7fc066a92000 r--p 00000000 08:12 4336283                    /usr/lib/locale/en_AG/LC_MESSAGES/SYS_LC_MESSAGES
7fc066a92000-7fc066a93000 r--p 00000000 08:12 4206730                    /usr/lib/locale/aa_DJ.utf8/LC_PAPER
7fc066a93000-7fc066a94000 r--p 00000000 08:12 4336391                    /usr/lib/locale/en_HK.utf8/LC_NAME
7fc066a94000-7fc066b6f000 rw-p 00000000 00:00 0 
7fc066b6f000-7fc066b70000 ---p 00000000 00:00 0 
7fc066b70000-7fc066b73000 ---p 00000000 00:00 0 
7fc066b73000-7fc066c74000 rw-p 00000000 00:00 0 
7fc066c74000-7fc066c75000 r--p 00000000 08:12 4336387                    /usr/lib/locale/en_HK.utf8/LC_ADDRESS
7fc066c75000-7fc066c76000 r--p 00000000 08:12 4336392                    /usr/lib/locale/en_HK.utf8/LC_TELEPHONE
7fc066c76000-7fc066c77000 r--p 00000000 08:12 4206724                    /usr/lib/locale/aa_DJ.utf8/LC_MEASUREMENT
7fc066c77000-7fc066c7e000 r--s 00000000 08:12 3802944                    /usr/lib/x86_64-linux-gnu/gconv/gconv-modules.cache
7fc066c7e000-7fc066c7f000 r--p 00000000 08:12 4336388                    /usr/lib/locale/en_HK.utf8/LC_IDENTIFICATION
7fc066c7f000-7fc066c87000 rw-s 00000000 08:12 4200657                    /tmp/hsperfdata_lgj/15825
7fc066c87000-7fc066c88000 rw-p 00000000 00:00 0 
7fc066c88000-7fc066c89000 r--p 00000000 00:00 0 
7fc066c89000-7fc066c8a000 r--p 00027000 08:12 3019838                    /lib/x86_64-linux-gnu/ld-2.27.so
7fc066c8a000-7fc066c8b000 rw-p 00028000 08:12 3019838                    /lib/x86_64-linux-gnu/ld-2.27.so
7fc066c8b000-7fc066c8c000 rw-p 00000000 00:00 0 
7ffe73f1f000-7ffe73f41000 rw-p 00000000 00:00 0                          [stack]
7ffe73f8b000-7ffe73f8e000 r--p 00000000 00:00 0                          [vvar]
7ffe73f8e000-7ffe73f90000 r-xp 00000000 00:00 0                          [vdso]
ffffffffff600000-ffffffffff601000 r-xp 00000000 00:00 0                  [vsyscall]

VM Arguments:
jvm_args: -Dvisualvm.id=18601426975470 -javaagent:/home/lgj/java/idea-IU-183.4886.37/lib/idea_rt.jar=36587:/home/lgj/java/idea-IU-183.4886.37/bin -Dfile.encoding=UTF-8 
java_command: com.code.base.util.concurrent.unsafe.UnsafeDemo
java_class_path (initial): /home/lgj/java/jdk1.8.0_191/jre/lib/charsets.jar:/home/lgj/java/jdk1.8.0_191/jre/lib/deploy.jar:/home/lgj/java/jdk1.8.0_191/jre/lib/ext/cldrdata.jar:/home/lgj/java/jdk1.8.0_191/jre/lib/ext/dnsns.jar:/home/lgj/java/jdk1.8.0_191/jre/lib/ext/jaccess.jar:/home/lgj/java/jdk1.8.0_191/jre/lib/ext/jfxrt.jar:/home/lgj/java/jdk1.8.0_191/jre/lib/ext/localedata.jar:/home/lgj/java/jdk1.8.0_191/jre/lib/ext/nashorn.jar:/home/lgj/java/jdk1.8.0_191/jre/lib/ext/sunec.jar:/home/lgj/java/jdk1.8.0_191/jre/lib/ext/sunjce_provider.jar:/home/lgj/java/jdk1.8.0_191/jre/lib/ext/sunpkcs11.jar:/home/lgj/java/jdk1.8.0_191/jre/lib/ext/zipfs.jar:/home/lgj/java/jdk1.8.0_191/jre/lib/javaws.jar:/home/lgj/java/jdk1.8.0_191/jre/lib/jce.jar:/home/lgj/java/jdk1.8.0_191/jre/lib/jfr.jar:/home/lgj/java/jdk1.8.0_191/jre/lib/jfxswt.jar:/home/lgj/java/jdk1.8.0_191/jre/lib/jsse.jar:/home/lgj/java/jdk1.8.0_191/jre/lib/management-agent.jar:/home/lgj/java/jdk1.8.0_191/jre/lib/plugin.jar:/home/lgj/java/jdk1.8.0_191/jre/lib/resources.jar:/home/lgj/java/jdk1.8.0_191/jre/lib/rt.jar:/home/lgj/aProject/JavaCode/Java-base/target/classes:/home/lgj/.m2/repository/cglib/cglib/3.2.5/cglib-3.2.5.jar:/home/lgj/.m2/repository/org/ow2/asm/asm/5.2/asm-5.2.jar:/home/lgj/.m2/repository/org/apache/ant/ant/1.9.6/ant-1.9.6.jar:/home/lgj/.m2/repository/org/apache/ant/ant-launcher/1.9.6/ant-launcher-1.9.6.jar:/home/lgj/.m2/repository/javassist/javassist/3.11.0.GA/javassist-3.11.0.GA.jar:/home/lgj/.m2/repository/org/openjdk/jmh/jmh-core/1.20/jmh-core-1.20.jar:/home/lgj/.m2/repository/net/sf/jopt-simple/jopt-simple/4.6/jopt-simple-4.6.jar:/home/lgj/.m2/repository/org/apache/commons/commons-math3/3.2/commons-math3-3.2.jar:/home/lgj/java/idea-IU-183.4886.37/lib/idea_rt.jar
Launcher Type: SUN_STANDARD

Environment Variables:
JAVA_HOME=/home/lgj/java/jdk1.8.0_191
JRE_HOME=/home/lgj/java/jdk1.8.0_191/jre
CLASSPATH=/home/lgj/java/idea-IU-183.4886.37/lib/bootstrap.jar:/home/lgj/java/idea-IU-183.4886.37/lib/extensions.jar:/home/lgj/java/idea-IU-183.4886.37/lib/util.jar:/home/lgj/java/idea-IU-183.4886.37/lib/jdom.jar:/home/lgj/java/idea-IU-183.4886.37/lib/log4j.jar:/home/lgj/java/idea-IU-183.4886.37/lib/trove4j.jar:/home/lgj/java/idea-IU-183.4886.37/lib/jna.jar:/home/lgj/java/idea-IU-183.4886.37/jre64/lib/tools.jar
PATH=/home/lgj/bin:/home/lgj/java/jdk1.8.0_191/bin:/usr/local/sbin:/usr/local/bin:/usr/sbin:/usr/bin:/sbin:/bin:/usr/games:/usr/local/games:/snap/bin:/bin/:/home/lgj/java/redis-4.0.9/scr:/home/lgj/java/spring-2.1.0.BUILD-SNAPSHOT/bin:/home/lgj/java/mongodb/bin:/home/lgj/java/zookeeper-3.4.13/bin:/home/lgj/java/apache-maven-3.5.4/bin:/usr/local/msyql1/data:/usr/local/msyql2/data
USERNAME=lgj
SHELL=/bin/bash
DISPLAY=:0

Signal Handlers:
SIGSEGV: [libjvm.so+0xaced60], sa_mask[0]=11111111011111111101111111111110, sa_flags=SA_RESTART|SA_SIGINFO
SIGBUS: [libjvm.so+0xaced60], sa_mask[0]=11111111011111111101111111111110, sa_flags=SA_RESTART|SA_SIGINFO
SIGFPE: [libjvm.so+0x907ca0], sa_mask[0]=11111111011111111101111111111110, sa_flags=SA_RESTART|SA_SIGINFO
SIGPIPE: [libjvm.so+0x907ca0], sa_mask[0]=11111111011111111101111111111110, sa_flags=SA_RESTART|SA_SIGINFO
SIGXFSZ: [libjvm.so+0x907ca0], sa_mask[0]=11111111011111111101111111111110, sa_flags=SA_RESTART|SA_SIGINFO
SIGILL: [libjvm.so+0x907ca0], sa_mask[0]=11111111011111111101111111111110, sa_flags=SA_RESTART|SA_SIGINFO
SIGUSR1: SIG_DFL, sa_mask[0]=00000000000000000000000000000000, sa_flags=none
SIGUSR2: [libjvm.so+0x907b70], sa_mask[0]=00100000000000000000000000000000, sa_flags=SA_RESTART|SA_SIGINFO
SIGHUP: SIG_IGN, sa_mask[0]=00000000000000000000000000000000, sa_flags=none
SIGINT: [libjvm.so+0x908190], sa_mask[0]=11111111011111111101111111111110, sa_flags=SA_RESTART|SA_SIGINFO
SIGTERM: [libjvm.so+0x908190], sa_mask[0]=11111111011111111101111111111110, sa_flags=SA_RESTART|SA_SIGINFO
SIGQUIT: [libjvm.so+0x908190], sa_mask[0]=11111111011111111101111111111110, sa_flags=SA_RESTART|SA_SIGINFO


---------------  S Y S T E M  ---------------

OS:DISTRIB_ID=Ubuntu
DISTRIB_RELEASE=18.04
DISTRIB_CODENAME=bionic
DISTRIB_DESCRIPTION="Ubuntu 18.04.2 LTS"

uname:Linux 4.15.0-46-generic #49-Ubuntu SMP Wed Feb 6 09:33:07 UTC 2019 x86_64
libc:glibc 2.27 NPTL 2.27 
rlimit: STACK 8192k, CORE 0k, NPROC 39575, NOFILE 1048576, AS infinity
load average:1.15 0.99 0.65

/proc/meminfo:
MemTotal:       10174524 kB
MemFree:          429692 kB
MemAvailable:    3587940 kB
Buffers:          218860 kB
Cached:          3693908 kB
SwapCached:            0 kB
Active:          7344768 kB
Inactive:        1854704 kB
Active(anon):    5278664 kB
Inactive(anon):   657344 kB
Active(file):    2066104 kB
Inactive(file):  1197360 kB
Unevictable:          64 kB
Mlocked:              64 kB
SwapTotal:       2097148 kB
SwapFree:        2097148 kB
Dirty:             13656 kB
Writeback:             0 kB
AnonPages:       5286872 kB
Mapped:          1031160 kB
Shmem:            649308 kB
Slab:             328356 kB
SReclaimable:     208208 kB
SUnreclaim:       120148 kB
KernelStack:       16524 kB
PageTables:        76852 kB
NFS_Unstable:          0 kB
Bounce:                0 kB
WritebackTmp:          0 kB
CommitLimit:     7184408 kB
Committed_AS:   14526748 kB
VmallocTotal:   34359738367 kB
VmallocUsed:           0 kB
VmallocChunk:          0 kB
HardwareCorrupted:     0 kB
AnonHugePages:         0 kB
ShmemHugePages:        0 kB
ShmemPmdMapped:        0 kB
CmaTotal:              0 kB
CmaFree:               0 kB
HugePages_Total:       0
HugePages_Free:        0
HugePages_Rsvd:        0
HugePages_Surp:        0
Hugepagesize:       2048 kB
DirectMap4k:      323840 kB
DirectMap2M:    10104832 kB

container (cgroup) information:
container_type: cgroupv1
cpu_cpuset_cpus: 0-3
cpu_memory_nodes: 0
active_processor_count: 4
cpu_quota: -1
cpu_period: 100000
cpu_shares: -1
memory_limit_in_bytes: -1
memory_and_swap_limit_in_bytes: -2
memory_soft_limit_in_bytes: -1
memory_usage_in_bytes: 8133074944
memory_max_usage_in_bytes: 8403243008


CPU:total 4 (initial active 4) (2 cores per cpu, 2 threads per core) family 6 model 42 stepping 7, cmov, cx8, fxsr, mmx, sse, sse2, sse3, ssse3, sse4.1, sse4.2, popcnt, avx, aes, clmul, ht, tsc, tscinvbit

/proc/cpuinfo:
processor	: 0
vendor_id	: GenuineIntel
cpu family	: 6
model		: 42
model name	: Intel(R) Core(TM) i5-2450M CPU @ 2.50GHz
stepping	: 7
microcode	: 0x2e
cpu MHz		: 2829.129
cache size	: 3072 KB
physical id	: 0
siblings	: 4
core id		: 0
cpu cores	: 2
apicid		: 0
initial apicid	: 0
fpu		: yes
fpu_exception	: yes
cpuid level	: 13
wp		: yes
flags		: fpu vme de pse tsc msr pae mce cx8 apic sep mtrr pge mca cmov pat pse36 clflush dts acpi mmx fxsr sse sse2 ss ht tm pbe syscall nx rdtscp lm constant_tsc arch_perfmon pebs bts rep_good nopl xtopology nonstop_tsc cpuid aperfmperf pni pclmulqdq dtes64 monitor ds_cpl vmx est tm2 ssse3 cx16 xtpr pdcm pcid sse4_1 sse4_2 x2apic popcnt tsc_deadline_timer aes xsave avx lahf_lm epb pti ssbd ibrs ibpb stibp tpr_shadow vnmi flexpriority ept vpid xsaveopt dtherm ida arat pln pts flush_l1d
bugs		: cpu_meltdown spectre_v1 spectre_v2 spec_store_bypass l1tf
bogomips	: 4988.43
clflush size	: 64
cache_alignment	: 64
address sizes	: 36 bits physical, 48 bits virtual
power management:

processor	: 1
vendor_id	: GenuineIntel
cpu family	: 6
model		: 42
model name	: Intel(R) Core(TM) i5-2450M CPU @ 2.50GHz
stepping	: 7
microcode	: 0x2e
cpu MHz		: 2835.514
cache size	: 3072 KB
physical id	: 0
siblings	: 4
core id		: 0
cpu cores	: 2
apicid		: 1
initial apicid	: 1
fpu		: yes
fpu_exception	: yes
cpuid level	: 13
wp		: yes
flags		: fpu vme de pse tsc msr pae mce cx8 apic sep mtrr pge mca cmov pat pse36 clflush dts acpi mmx fxsr sse sse2 ss ht tm pbe syscall nx rdtscp lm constant_tsc arch_perfmon pebs bts rep_good nopl xtopology nonstop_tsc cpuid aperfmperf pni pclmulqdq dtes64 monitor ds_cpl vmx est tm2 ssse3 cx16 xtpr pdcm pcid sse4_1 sse4_2 x2apic popcnt tsc_deadline_timer aes xsave avx lahf_lm epb pti ssbd ibrs ibpb stibp tpr_shadow vnmi flexpriority ept vpid xsaveopt dtherm ida arat pln pts flush_l1d
bugs		: cpu_meltdown spectre_v1 spectre_v2 spec_store_bypass l1tf
bogomips	: 4988.43
clflush size	: 64
cache_alignment	: 64
address sizes	: 36 bits physical, 48 bits virtual
power management:

processor	: 2
vendor_id	: GenuineIntel
cpu family	: 6
model		: 42
model name	: Intel(R) Core(TM) i5-2450M CPU @ 2.50GHz
stepping	: 7
microcode	: 0x2e
cpu MHz		: 2857.522
cache size	: 3072 KB
physical id	: 0
siblings	: 4
core id		: 1
cpu cores	: 2
apicid		: 2
initial apicid	: 2
fpu		: yes
fpu_exception	: yes
cpuid level	: 13
wp		: yes
flags		: fpu vme de pse tsc msr pae mce cx8 apic sep mtrr pge mca cmov pat pse36 clflush dts acpi mmx fxsr sse sse2 ss ht tm pbe syscall nx rdtscp lm constant_tsc arch_perfmon pebs bts rep_good nopl xtopology nonstop_tsc cpuid aperfmperf pni pclmulqdq dtes64 monitor ds_cpl vmx est tm2 ssse3 cx16 xtpr pdcm pcid sse4_1 sse4_2 x2apic popcnt tsc_deadline_timer aes xsave avx lahf_lm epb pti ssbd ibrs ibpb stibp tpr_shadow vnmi flexpriority ept vpid xsaveopt dtherm ida arat pln pts flush_l1d
bugs		: cpu_meltdown spectre_v1 spectre_v2 spec_store_bypass l1tf
bogomips	: 4988.43
clflush size	: 64
cache_alignment	: 64
address sizes	: 36 bits physical, 48 bits virtual
power management:

processor	: 3
vendor_id	: GenuineIntel
cpu family	: 6
model		: 42
model name	: Intel(R) Core(TM) i5-2450M CPU @ 2.50GHz
stepping	: 7
microcode	: 0x2e
cpu MHz		: 2837.774
cache size	: 3072 KB
physical id	: 0
siblings	: 4
core id		: 1
cpu cores	: 2
apicid		: 3
initial apicid	: 3
fpu		: yes
fpu_exception	: yes
cpuid level	: 13
wp		: yes
flags		: fpu vme de pse tsc msr pae mce cx8 apic sep mtrr pge mca cmov pat pse36 clflush dts acpi mmx fxsr sse sse2 ss ht tm pbe syscall nx rdtscp lm constant_tsc arch_perfmon pebs bts rep_good nopl xtopology nonstop_tsc cpuid aperfmperf pni pclmulqdq dtes64 monitor ds_cpl vmx est tm2 ssse3 cx16 xtpr pdcm pcid sse4_1 sse4_2 x2apic popcnt tsc_deadline_timer aes xsave avx lahf_lm epb pti ssbd ibrs ibpb stibp tpr_shadow vnmi flexpriority ept vpid xsaveopt dtherm ida arat pln pts flush_l1d
bugs		: cpu_meltdown spectre_v1 spectre_v2 spec_store_bypass l1tf
bogomips	: 4988.43
clflush size	: 64
cache_alignment	: 64
address sizes	: 36 bits physical, 48 bits virtual
power management:



Memory: 4k page, physical 10174524k(428804k free), swap 2097148k(2097148k free)

vm_info: Java HotSpot(TM) 64-Bit Server VM (25.191-b12) for linux-amd64 JRE (1.8.0_191-b12), built on Oct  6 2018 05:43:09 by "java_re" with gcc 7.3.0

time: Tue Apr 30 15:54:03 2019
elapsed time: 0 seconds (0d 0h 0m 0s)

