2018-07-04 22:09:03.234 [main] INFO  com.serviceImpl.UserServiceImplTest Line:50 ----------------> Starting UserServiceImplTest on lgj-Lenovo-G470 with PID 31069 (started by lgj in /home/lgj/aProject/SpringBootStudy/ch4)
2018-07-04 22:09:03.238 [main] INFO  com.serviceImpl.UserServiceImplTest Line:659 ----------------> No active profile set, falling back to default profiles: default
2018-07-04 22:09:03.788 [main] INFO  o.s.w.context.support.GenericWebApplicationContext Line:590 ----------------> Refreshing org.springframework.web.context.support.GenericWebApplicationContext@7544a1e4: startup date [Wed Jul 04 22:09:03 CST 2018]; root of context hierarchy
2018-07-04 22:09:08.119 [main] INFO  o.s.b.factory.support.DefaultListableBeanFactory Line:824 ----------------> Overriding bean definition for bean 'swaggerCache' with a different definition: replacing [Generic bean: class [com.mangofactory.swagger.core.SwaggerCache]; scope=singleton; abstract=false; lazyInit=false; autowireMode=0; dependencyCheck=0; autowireCandidate=true; primary=false; factoryBeanName=null; factoryMethodName=null; initMethodName=null; destroyMethodName=null; defined in URL [jar:file:/home/lgj/.m2/repository/com/mangofactory/swagger-springmvc/1.0.2/swagger-springmvc-1.0.2.jar!/com/mangofactory/swagger/core/SwaggerCache.class]] with [Root bean: class [null]; scope=; abstract=false; lazyInit=false; autowireMode=3; dependencyCheck=0; autowireCandidate=true; primary=false; factoryBeanName=springSwaggerConfig; factoryMethodName=swaggerCache; initMethodName=null; destroyMethodName=(inferred); defined in class path resource [com/mangofactory/swagger/configuration/SpringSwaggerConfig.class]]
2018-07-04 22:09:11.471 [main] INFO  o.s.w.s.m.m.a.RequestMappingHandlerMapping Line:547 ----------------> Mapped "{[/mvc/method/param/func3]}" onto public org.springframework.web.servlet.ModelAndView com.controller.MvcMethodParamController.func3(org.springframework.ui.Model)
2018-07-04 22:09:11.473 [main] INFO  o.s.w.s.m.m.a.RequestMappingHandlerMapping Line:547 ----------------> Mapped "{[/mvc/method/param/func4]}" onto public java.lang.String com.controller.MvcMethodParamController.func4(java.lang.String)
2018-07-04 22:09:11.475 [main] INFO  o.s.w.s.m.m.a.RequestMappingHandlerMapping Line:547 ----------------> Mapped "{[/mvc/method/param/func5]}" onto public java.lang.String com.controller.MvcMethodParamController.func5(com.controller.Student)
2018-07-04 22:09:11.476 [main] INFO  o.s.w.s.m.m.a.RequestMappingHandlerMapping Line:547 ----------------> Mapped "{[/mvc/method/param/func6]}" onto public java.lang.String com.controller.MvcMethodParamController.func6(java.util.List<org.springframework.web.multipart.MultipartFile>)
2018-07-04 22:09:11.477 [main] INFO  o.s.w.s.m.m.a.RequestMappingHandlerMapping Line:547 ----------------> Mapped "{[/mvc/method/param/func1/{id}]}" onto public java.lang.String com.controller.MvcMethodParamController.func2(int)
2018-07-04 22:09:11.478 [main] INFO  o.s.w.s.m.m.a.RequestMappingHandlerMapping Line:547 ----------------> Mapped "{[/mvc/method/param/func2]}" onto public java.lang.String com.controller.MvcMethodParamController.func2(org.springframework.ui.Model)
2018-07-04 22:09:11.499 [main] INFO  o.s.w.s.m.m.a.RequestMappingHandlerMapping Line:547 ----------------> Mapped "{[/mvc/func3/**]}" onto public java.lang.String com.controller.MvcTestController.func3()
2018-07-04 22:09:11.501 [main] INFO  o.s.w.s.m.m.a.RequestMappingHandlerMapping Line:547 ----------------> Mapped "{[/mvc/func4/get],methods=[GET]}" onto public java.lang.String com.controller.MvcTestController.func4()
2018-07-04 22:09:11.502 [main] INFO  o.s.w.s.m.m.a.RequestMappingHandlerMapping Line:547 ----------------> Mapped "{[/mvc/func5/post],methods=[POST]}" onto public java.lang.String com.controller.MvcTestController.func5()
2018-07-04 22:09:11.503 [main] INFO  o.s.w.s.m.m.a.RequestMappingHandlerMapping Line:547 ----------------> Mapped "{[/mvc/func6/delete],methods=[DELETE]}" onto public java.lang.String com.controller.MvcTestController.func6()
2018-07-04 22:09:11.504 [main] INFO  o.s.w.s.m.m.a.RequestMappingHandlerMapping Line:547 ----------------> Mapped "{[/mvc/func2/{id}]}" onto public java.lang.String com.controller.MvcTestController.func2(int)
2018-07-04 22:09:11.505 [main] INFO  o.s.w.s.m.m.a.RequestMappingHandlerMapping Line:547 ----------------> Mapped "{[/mvc/func1]}" onto public java.lang.String com.controller.MvcTestController.func1()
2018-07-04 22:09:11.506 [main] INFO  o.s.w.s.m.m.a.RequestMappingHandlerMapping Line:547 ----------------> Mapped "{[/mvc/func7/put],methods=[PUT]}" onto public java.lang.String com.controller.MvcTestController.func7()
2018-07-04 22:09:11.508 [main] INFO  o.s.w.s.m.m.a.RequestMappingHandlerMapping Line:547 ----------------> Mapped "{[/mvc/func8],consumes=[application/json]}" onto public java.lang.String com.controller.MvcTestController.func8()
2018-07-04 22:09:11.508 [main] INFO  o.s.w.s.m.m.a.RequestMappingHandlerMapping Line:547 ----------------> Mapped "{[/mvc/func9],produces=[application/json]}" onto public java.lang.String com.controller.MvcTestController.func9()
2018-07-04 22:09:11.511 [main] INFO  o.s.w.s.m.m.a.RequestMappingHandlerMapping Line:547 ----------------> Mapped "{[/user/all]}" onto public java.util.List<com.dao.model.OsUser> com.controller.UserController.getUser()
2018-07-04 22:09:11.512 [main] INFO  o.s.w.s.m.m.a.RequestMappingHandlerMapping Line:547 ----------------> Mapped "{[/user/test]}" onto public void com.controller.UserController.test()
2018-07-04 22:09:11.518 [main] INFO  o.s.w.s.m.m.a.RequestMappingHandlerMapping Line:547 ----------------> Mapped "{[/api-docs],methods=[GET]}" onto public org.springframework.http.ResponseEntity<com.mangofactory.swagger.models.dto.ResourceListing> com.mangofactory.swagger.controllers.DefaultSwaggerController.getResourceListing(java.lang.String)
2018-07-04 22:09:11.520 [main] INFO  o.s.w.s.m.m.a.RequestMappingHandlerMapping Line:547 ----------------> Mapped "{[/api-docs/{swaggerGroup}/{apiDeclaration}],methods=[GET]}" onto public org.springframework.http.ResponseEntity<com.mangofactory.swagger.models.dto.ApiListing> com.mangofactory.swagger.controllers.DefaultSwaggerController.getApiListing(java.lang.String,java.lang.String)
2018-07-04 22:09:11.532 [main] INFO  o.s.w.s.m.m.a.RequestMappingHandlerMapping Line:547 ----------------> Mapped "{[/error]}" onto public org.springframework.http.ResponseEntity<java.util.Map<java.lang.String, java.lang.Object>> org.springframework.boot.autoconfigure.web.servlet.error.BasicErrorController.error(javax.servlet.http.HttpServletRequest)
2018-07-04 22:09:11.533 [main] INFO  o.s.w.s.m.m.a.RequestMappingHandlerMapping Line:547 ----------------> Mapped "{[/error],produces=[text/html]}" onto public org.springframework.web.servlet.ModelAndView org.springframework.boot.autoconfigure.web.servlet.error.BasicErrorController.errorHtml(javax.servlet.http.HttpServletRequest,javax.servlet.http.HttpServletResponse)
2018-07-04 22:09:12.190 [main] INFO  o.s.w.s.m.m.a.RequestMappingHandlerAdapter Line:574 ----------------> Looking for @ControllerAdvice: org.springframework.web.context.support.GenericWebApplicationContext@7544a1e4: startup date [Wed Jul 04 22:09:03 CST 2018]; root of context hierarchy
2018-07-04 22:09:12.811 [main] INFO  o.s.web.servlet.handler.SimpleUrlHandlerMapping Line:373 ----------------> Mapped URL path [/**/favicon.ico] onto handler of type [class org.springframework.web.servlet.resource.ResourceHttpRequestHandler]
2018-07-04 22:09:12.860 [main] INFO  o.s.web.servlet.handler.SimpleUrlHandlerMapping Line:373 ----------------> Mapped URL path [/webjars/**] onto handler of type [class org.springframework.web.servlet.resource.ResourceHttpRequestHandler]
2018-07-04 22:09:12.862 [main] INFO  o.s.web.servlet.handler.SimpleUrlHandlerMapping Line:373 ----------------> Mapped URL path [/**] onto handler of type [class org.springframework.web.servlet.resource.ResourceHttpRequestHandler]
2018-07-04 22:09:13.864 [main] INFO  c.mangofactory.swagger.plugin.SwaggerPluginAdapter Line:33 ----------------> Context refreshed
2018-07-04 22:09:13.867 [main] INFO  c.mangofactory.swagger.plugin.SwaggerPluginAdapter Line:41 ----------------> Did not find any SwaggerSpringMvcPlugins so creating a default one
2018-07-04 22:09:13.892 [main] INFO  c.m.swagger.scanners.ApiListingReferenceScanner Line:55 ----------------> Scanning for api listing references
2018-07-04 22:09:13.904 [main] INFO  c.m.s.core.ClassOrApiAnnotationResourceGrouping Line:50 ----------------> Group for method func3 was mvc-method-param-controller
2018-07-04 22:09:13.924 [main] INFO  c.m.swagger.scanners.ApiListingReferenceScanner Line:78 ----------------> Request mapping: func3 belongs to groups: [[ResourceGroup{groupName='mvc-method-param-controller', position=0}]] 
2018-07-04 22:09:13.924 [main] INFO  c.m.swagger.scanners.ApiListingReferenceScanner Line:82 ----------------> Adding resource to group:ResourceGroup{groupName='mvc-method-param-controller', position=0} with description:Mvc Method Param Controller for handler method:func3
2018-07-04 22:09:13.925 [main] INFO  c.m.s.core.ClassOrApiAnnotationResourceGrouping Line:50 ----------------> Group for method func4 was mvc-method-param-controller
2018-07-04 22:09:13.927 [main] INFO  c.m.swagger.scanners.ApiListingReferenceScanner Line:78 ----------------> Request mapping: func4 belongs to groups: [[ResourceGroup{groupName='mvc-method-param-controller', position=0}]] 
2018-07-04 22:09:13.928 [main] INFO  c.m.swagger.scanners.ApiListingReferenceScanner Line:82 ----------------> Adding resource to group:ResourceGroup{groupName='mvc-method-param-controller', position=0} with description:Mvc Method Param Controller for handler method:func4
2018-07-04 22:09:13.929 [main] INFO  c.m.s.core.ClassOrApiAnnotationResourceGrouping Line:50 ----------------> Group for method func5 was mvc-method-param-controller
2018-07-04 22:09:13.931 [main] INFO  c.m.swagger.scanners.ApiListingReferenceScanner Line:78 ----------------> Request mapping: func5 belongs to groups: [[ResourceGroup{groupName='mvc-method-param-controller', position=0}]] 
2018-07-04 22:09:13.931 [main] INFO  c.m.swagger.scanners.ApiListingReferenceScanner Line:82 ----------------> Adding resource to group:ResourceGroup{groupName='mvc-method-param-controller', position=0} with description:Mvc Method Param Controller for handler method:func5
2018-07-04 22:09:13.933 [main] INFO  c.m.s.core.ClassOrApiAnnotationResourceGrouping Line:50 ----------------> Group for method func6 was mvc-method-param-controller
2018-07-04 22:09:13.934 [main] INFO  c.m.swagger.scanners.ApiListingReferenceScanner Line:78 ----------------> Request mapping: func6 belongs to groups: [[ResourceGroup{groupName='mvc-method-param-controller', position=0}]] 
2018-07-04 22:09:13.935 [main] INFO  c.m.swagger.scanners.ApiListingReferenceScanner Line:82 ----------------> Adding resource to group:ResourceGroup{groupName='mvc-method-param-controller', position=0} with description:Mvc Method Param Controller for handler method:func6
2018-07-04 22:09:13.936 [main] INFO  c.m.s.core.ClassOrApiAnnotationResourceGrouping Line:50 ----------------> Group for method func2 was mvc-method-param-controller
2018-07-04 22:09:13.937 [main] INFO  c.m.swagger.scanners.ApiListingReferenceScanner Line:78 ----------------> Request mapping: func2 belongs to groups: [[ResourceGroup{groupName='mvc-method-param-controller', position=0}]] 
2018-07-04 22:09:13.938 [main] INFO  c.m.swagger.scanners.ApiListingReferenceScanner Line:82 ----------------> Adding resource to group:ResourceGroup{groupName='mvc-method-param-controller', position=0} with description:Mvc Method Param Controller for handler method:func2
2018-07-04 22:09:13.939 [main] INFO  c.m.s.core.ClassOrApiAnnotationResourceGrouping Line:50 ----------------> Group for method func2 was mvc-method-param-controller
2018-07-04 22:09:13.940 [main] INFO  c.m.swagger.scanners.ApiListingReferenceScanner Line:78 ----------------> Request mapping: func2 belongs to groups: [[ResourceGroup{groupName='mvc-method-param-controller', position=0}]] 
2018-07-04 22:09:13.941 [main] INFO  c.m.swagger.scanners.ApiListingReferenceScanner Line:82 ----------------> Adding resource to group:ResourceGroup{groupName='mvc-method-param-controller', position=0} with description:Mvc Method Param Controller for handler method:func2
2018-07-04 22:09:13.942 [main] INFO  c.m.s.core.ClassOrApiAnnotationResourceGrouping Line:50 ----------------> Group for method func3 was mvc-test-controller
2018-07-04 22:09:13.943 [main] INFO  c.m.swagger.scanners.ApiListingReferenceScanner Line:78 ----------------> Request mapping: func3 belongs to groups: [[ResourceGroup{groupName='mvc-test-controller', position=0}]] 
2018-07-04 22:09:13.944 [main] INFO  c.m.swagger.scanners.ApiListingReferenceScanner Line:82 ----------------> Adding resource to group:ResourceGroup{groupName='mvc-test-controller', position=0} with description:Mvc Test Controller for handler method:func3
2018-07-04 22:09:13.945 [main] INFO  c.m.s.core.ClassOrApiAnnotationResourceGrouping Line:50 ----------------> Group for method func4 was mvc-test-controller
2018-07-04 22:09:13.946 [main] INFO  c.m.swagger.scanners.ApiListingReferenceScanner Line:78 ----------------> Request mapping: func4 belongs to groups: [[ResourceGroup{groupName='mvc-test-controller', position=0}]] 
2018-07-04 22:09:13.946 [main] INFO  c.m.swagger.scanners.ApiListingReferenceScanner Line:82 ----------------> Adding resource to group:ResourceGroup{groupName='mvc-test-controller', position=0} with description:Mvc Test Controller for handler method:func4
2018-07-04 22:09:13.947 [main] INFO  c.m.s.core.ClassOrApiAnnotationResourceGrouping Line:50 ----------------> Group for method func5 was mvc-test-controller
2018-07-04 22:09:13.948 [main] INFO  c.m.swagger.scanners.ApiListingReferenceScanner Line:78 ----------------> Request mapping: func5 belongs to groups: [[ResourceGroup{groupName='mvc-test-controller', position=0}]] 
2018-07-04 22:09:13.949 [main] INFO  c.m.swagger.scanners.ApiListingReferenceScanner Line:82 ----------------> Adding resource to group:ResourceGroup{groupName='mvc-test-controller', position=0} with description:Mvc Test Controller for handler method:func5
2018-07-04 22:09:13.950 [main] INFO  c.m.s.core.ClassOrApiAnnotationResourceGrouping Line:50 ----------------> Group for method func6 was mvc-test-controller
2018-07-04 22:09:13.951 [main] INFO  c.m.swagger.scanners.ApiListingReferenceScanner Line:78 ----------------> Request mapping: func6 belongs to groups: [[ResourceGroup{groupName='mvc-test-controller', position=0}]] 
2018-07-04 22:09:13.952 [main] INFO  c.m.swagger.scanners.ApiListingReferenceScanner Line:82 ----------------> Adding resource to group:ResourceGroup{groupName='mvc-test-controller', position=0} with description:Mvc Test Controller for handler method:func6
2018-07-04 22:09:13.953 [main] INFO  c.m.s.core.ClassOrApiAnnotationResourceGrouping Line:50 ----------------> Group for method func2 was mvc-test-controller
2018-07-04 22:09:13.954 [main] INFO  c.m.swagger.scanners.ApiListingReferenceScanner Line:78 ----------------> Request mapping: func2 belongs to groups: [[ResourceGroup{groupName='mvc-test-controller', position=0}]] 
2018-07-04 22:09:13.955 [main] INFO  c.m.swagger.scanners.ApiListingReferenceScanner Line:82 ----------------> Adding resource to group:ResourceGroup{groupName='mvc-test-controller', position=0} with description:Mvc Test Controller for handler method:func2
2018-07-04 22:09:13.956 [main] INFO  c.m.s.core.ClassOrApiAnnotationResourceGrouping Line:50 ----------------> Group for method func1 was mvc-test-controller
2018-07-04 22:09:13.958 [main] INFO  c.m.swagger.scanners.ApiListingReferenceScanner Line:78 ----------------> Request mapping: func1 belongs to groups: [[ResourceGroup{groupName='mvc-test-controller', position=0}]] 
2018-07-04 22:09:13.958 [main] INFO  c.m.swagger.scanners.ApiListingReferenceScanner Line:82 ----------------> Adding resource to group:ResourceGroup{groupName='mvc-test-controller', position=0} with description:Mvc Test Controller for handler method:func1
2018-07-04 22:09:13.959 [main] INFO  c.m.s.core.ClassOrApiAnnotationResourceGrouping Line:50 ----------------> Group for method func7 was mvc-test-controller
2018-07-04 22:09:13.960 [main] INFO  c.m.swagger.scanners.ApiListingReferenceScanner Line:78 ----------------> Request mapping: func7 belongs to groups: [[ResourceGroup{groupName='mvc-test-controller', position=0}]] 
2018-07-04 22:09:13.960 [main] INFO  c.m.swagger.scanners.ApiListingReferenceScanner Line:82 ----------------> Adding resource to group:ResourceGroup{groupName='mvc-test-controller', position=0} with description:Mvc Test Controller for handler method:func7
2018-07-04 22:09:13.962 [main] INFO  c.m.s.core.ClassOrApiAnnotationResourceGrouping Line:50 ----------------> Group for method func8 was mvc-test-controller
2018-07-04 22:09:13.963 [main] INFO  c.m.swagger.scanners.ApiListingReferenceScanner Line:78 ----------------> Request mapping: func8 belongs to groups: [[ResourceGroup{groupName='mvc-test-controller', position=0}]] 
2018-07-04 22:09:13.964 [main] INFO  c.m.swagger.scanners.ApiListingReferenceScanner Line:82 ----------------> Adding resource to group:ResourceGroup{groupName='mvc-test-controller', position=0} with description:Mvc Test Controller for handler method:func8
2018-07-04 22:09:13.965 [main] INFO  c.m.s.core.ClassOrApiAnnotationResourceGrouping Line:50 ----------------> Group for method func9 was mvc-test-controller
2018-07-04 22:09:13.966 [main] INFO  c.m.swagger.scanners.ApiListingReferenceScanner Line:78 ----------------> Request mapping: func9 belongs to groups: [[ResourceGroup{groupName='mvc-test-controller', position=0}]] 
2018-07-04 22:09:13.966 [main] INFO  c.m.swagger.scanners.ApiListingReferenceScanner Line:82 ----------------> Adding resource to group:ResourceGroup{groupName='mvc-test-controller', position=0} with description:Mvc Test Controller for handler method:func9
2018-07-04 22:09:13.968 [main] INFO  c.m.s.core.ClassOrApiAnnotationResourceGrouping Line:50 ----------------> Group for method getUser was user-controller
2018-07-04 22:09:13.968 [main] INFO  c.m.swagger.scanners.ApiListingReferenceScanner Line:78 ----------------> Request mapping: getUser belongs to groups: [[ResourceGroup{groupName='user-controller', position=0}]] 
2018-07-04 22:09:13.969 [main] INFO  c.m.swagger.scanners.ApiListingReferenceScanner Line:82 ----------------> Adding resource to group:ResourceGroup{groupName='user-controller', position=0} with description:User Controller for handler method:getUser
2018-07-04 22:09:13.970 [main] INFO  c.m.s.core.ClassOrApiAnnotationResourceGrouping Line:50 ----------------> Group for method test was user-controller
2018-07-04 22:09:13.970 [main] INFO  c.m.swagger.scanners.ApiListingReferenceScanner Line:78 ----------------> Request mapping: test belongs to groups: [[ResourceGroup{groupName='user-controller', position=0}]] 
2018-07-04 22:09:13.971 [main] INFO  c.m.swagger.scanners.ApiListingReferenceScanner Line:82 ----------------> Adding resource to group:ResourceGroup{groupName='user-controller', position=0} with description:User Controller for handler method:test
2018-07-04 22:09:13.971 [main] INFO  c.m.swagger.core.RequestMappingEvaluator Line:74 ----------------> Excluding method as it contains the excluded annotation: interface com.mangofactory.swagger.annotations.ApiIgnore
2018-07-04 22:09:13.972 [main] INFO  c.m.swagger.core.RequestMappingEvaluator Line:74 ----------------> Excluding method as it contains the excluded annotation: interface com.mangofactory.swagger.annotations.ApiIgnore
2018-07-04 22:09:13.973 [main] INFO  c.m.s.core.ClassOrApiAnnotationResourceGrouping Line:50 ----------------> Group for method error was basic-error-controller
2018-07-04 22:09:13.974 [main] INFO  c.m.swagger.scanners.ApiListingReferenceScanner Line:78 ----------------> Request mapping: error belongs to groups: [[ResourceGroup{groupName='basic-error-controller', position=0}]] 
2018-07-04 22:09:13.974 [main] INFO  c.m.swagger.scanners.ApiListingReferenceScanner Line:82 ----------------> Adding resource to group:ResourceGroup{groupName='basic-error-controller', position=0} with description:Basic Error Controller for handler method:error
2018-07-04 22:09:13.975 [main] INFO  c.m.s.core.ClassOrApiAnnotationResourceGrouping Line:50 ----------------> Group for method errorHtml was basic-error-controller
2018-07-04 22:09:13.976 [main] INFO  c.m.swagger.scanners.ApiListingReferenceScanner Line:78 ----------------> Request mapping: errorHtml belongs to groups: [[ResourceGroup{groupName='basic-error-controller', position=0}]] 
2018-07-04 22:09:13.977 [main] INFO  c.m.swagger.scanners.ApiListingReferenceScanner Line:82 ----------------> Adding resource to group:ResourceGroup{groupName='basic-error-controller', position=0} with description:Basic Error Controller for handler method:errorHtml
2018-07-04 22:09:14.000 [main] INFO  c.m.swagger.scanners.ApiListingReferenceScanner Line:96 ----------------> Created resource listing Path: /default/user-controller Description: user-controller Position: 0
2018-07-04 22:09:14.001 [main] INFO  c.m.swagger.scanners.ApiListingReferenceScanner Line:96 ----------------> Created resource listing Path: /default/basic-error-controller Description: basic-error-controller Position: 0
2018-07-04 22:09:14.002 [main] INFO  c.m.swagger.scanners.ApiListingReferenceScanner Line:96 ----------------> Created resource listing Path: /default/mvc-method-param-controller Description: mvc-method-param-controller Position: 0
2018-07-04 22:09:14.003 [main] INFO  c.m.swagger.scanners.ApiListingReferenceScanner Line:96 ----------------> Created resource listing Path: /default/mvc-test-controller Description: mvc-test-controller Position: 0
2018-07-04 22:09:14.496 [main] INFO  c.m.swagger.core.SwaggerApiResourceListing Line:89 ----------------> Added a resource listing with (4) api resources: 
2018-07-04 22:09:14.497 [main] INFO  c.m.swagger.core.SwaggerApiResourceListing Line:93 ---------------->   Basic Error Controller at location: /api-docs/default/basic-error-controller
2018-07-04 22:09:14.498 [main] INFO  c.m.swagger.core.SwaggerApiResourceListing Line:93 ---------------->   Mvc Method Param Controller at location: /api-docs/default/mvc-method-param-controller
2018-07-04 22:09:14.498 [main] INFO  c.m.swagger.core.SwaggerApiResourceListing Line:93 ---------------->   Mvc Test Controller at location: /api-docs/default/mvc-test-controller
2018-07-04 22:09:14.498 [main] INFO  c.m.swagger.core.SwaggerApiResourceListing Line:93 ---------------->   User Controller at location: /api-docs/default/user-controller
2018-07-04 22:09:14.613 [main] INFO  com.serviceImpl.UserServiceImplTest Line:59 ----------------> Started UserServiceImplTest in 12.869 seconds (JVM running for 15.237)
2018-07-04 22:09:14.763 [main] INFO  com.zaxxer.hikari.HikariDataSource Line:110 ----------------> mysqldatasource - Starting...
2018-07-04 22:09:17.897 [main] INFO  com.zaxxer.hikari.HikariDataSource Line:123 ----------------> mysqldatasource - Start completed.
2018-07-04 22:09:17.931 [main] INFO  o.s.test.context.transaction.TransactionContext Line:107 ----------------> Began transaction (1) for test context [DefaultTestContext@c9d0d6 testClass = UserServiceImplTest, testInstance = com.serviceImpl.UserServiceImplTest@78fc5eb, testMethod = getAll@UserServiceImplTest, testException = [null], mergedContextConfiguration = [WebMergedContextConfiguration@6ccdb29f testClass = UserServiceImplTest, locations = '{}', classes = '{class com.Application}', contextInitializerClasses = '[]', activeProfiles = '{}', propertySourceLocations = '{}', propertySourceProperties = '{org.springframework.boot.test.context.SpringBootTestContextBootstrapper=true}', contextCustomizers = set[org.springframework.boot.test.context.filter.ExcludeFilterContextCustomizer@5c671d7f, org.springframework.boot.test.json.DuplicateJsonObjectContextCustomizerFactory$DuplicateJsonObjectContextCustomizer@e4487af, org.springframework.boot.test.mock.mockito.MockitoContextCustomizer@0, org.springframework.boot.test.web.client.TestRestTemplateContextCustomizer@1ebd319f, org.springframework.boot.test.autoconfigure.properties.PropertyMappingContextCustomizer@0, org.springframework.boot.test.autoconfigure.web.servlet.WebDriverContextCustomizerFactory$Customizer@4470f8a6], resourceBasePath = 'src/main/webapp', contextLoader = 'org.springframework.boot.test.context.SpringBootContextLoader', parent = [null]], attributes = map['org.springframework.test.context.web.ServletTestExecutionListener.activateListener' -> true, 'org.springframework.test.context.web.ServletTestExecutionListener.populatedRequestContextHolder' -> true, 'org.springframework.test.context.web.ServletTestExecutionListener.resetRequestContextHolder' -> true]]; transaction manager [org.springframework.jdbc.datasource.DataSourceTransactionManager@5c96cbe7]; rollback [true]
2018-07-04 22:09:21.527 [main] INFO  o.s.test.context.transaction.TransactionContext Line:139 ----------------> Rolled back transaction for test: [DefaultTestContext@c9d0d6 testClass = UserServiceImplTest, testInstance = com.serviceImpl.UserServiceImplTest@78fc5eb, testMethod = getAll@UserServiceImplTest, testException = [null], mergedContextConfiguration = [WebMergedContextConfiguration@6ccdb29f testClass = UserServiceImplTest, locations = '{}', classes = '{class com.Application}', contextInitializerClasses = '[]', activeProfiles = '{}', propertySourceLocations = '{}', propertySourceProperties = '{org.springframework.boot.test.context.SpringBootTestContextBootstrapper=true}', contextCustomizers = set[org.springframework.boot.test.context.filter.ExcludeFilterContextCustomizer@5c671d7f, org.springframework.boot.test.json.DuplicateJsonObjectContextCustomizerFactory$DuplicateJsonObjectContextCustomizer@e4487af, org.springframework.boot.test.mock.mockito.MockitoContextCustomizer@0, org.springframework.boot.test.web.client.TestRestTemplateContextCustomizer@1ebd319f, org.springframework.boot.test.autoconfigure.properties.PropertyMappingContextCustomizer@0, org.springframework.boot.test.autoconfigure.web.servlet.WebDriverContextCustomizerFactory$Customizer@4470f8a6], resourceBasePath = 'src/main/webapp', contextLoader = 'org.springframework.boot.test.context.SpringBootContextLoader', parent = [null]], attributes = map['org.springframework.test.context.web.ServletTestExecutionListener.activateListener' -> true, 'org.springframework.test.context.web.ServletTestExecutionListener.populatedRequestContextHolder' -> true, 'org.springframework.test.context.web.ServletTestExecutionListener.resetRequestContextHolder' -> true]]
2018-07-04 22:09:21.530 [Thread-2] INFO  o.s.w.context.support.GenericWebApplicationContext Line:993 ----------------> Closing org.springframework.web.context.support.GenericWebApplicationContext@7544a1e4: startup date [Wed Jul 04 22:09:03 CST 2018]; root of context hierarchy
2018-07-04 22:09:21.544 [Thread-2] INFO  com.zaxxer.hikari.HikariDataSource Line:381 ----------------> mysqldatasource - Shutdown initiated...
2018-07-04 22:09:21.560 [Thread-2] INFO  com.zaxxer.hikari.HikariDataSource Line:383 ----------------> mysqldatasource - Shutdown completed.
2018-07-04 22:09:42.545 [main] INFO  com.serviceImpl.UserServiceImplTest Line:50 ----------------> Starting UserServiceImplTest on lgj-Lenovo-G470 with PID 31159 (started by lgj in /home/lgj/aProject/SpringBootStudy/ch4)
2018-07-04 22:09:42.549 [main] INFO  com.serviceImpl.UserServiceImplTest Line:659 ----------------> No active profile set, falling back to default profiles: default
2018-07-04 22:09:42.610 [main] INFO  o.s.w.context.support.GenericWebApplicationContext Line:590 ----------------> Refreshing org.springframework.web.context.support.GenericWebApplicationContext@7957dc72: startup date [Wed Jul 04 22:09:42 CST 2018]; root of context hierarchy
2018-07-04 22:09:46.049 [main] INFO  o.s.b.factory.support.DefaultListableBeanFactory Line:824 ----------------> Overriding bean definition for bean 'swaggerCache' with a different definition: replacing [Generic bean: class [com.mangofactory.swagger.core.SwaggerCache]; scope=singleton; abstract=false; lazyInit=false; autowireMode=0; dependencyCheck=0; autowireCandidate=true; primary=false; factoryBeanName=null; factoryMethodName=null; initMethodName=null; destroyMethodName=null; defined in URL [jar:file:/home/lgj/.m2/repository/com/mangofactory/swagger-springmvc/1.0.2/swagger-springmvc-1.0.2.jar!/com/mangofactory/swagger/core/SwaggerCache.class]] with [Root bean: class [null]; scope=; abstract=false; lazyInit=false; autowireMode=3; dependencyCheck=0; autowireCandidate=true; primary=false; factoryBeanName=springSwaggerConfig; factoryMethodName=swaggerCache; initMethodName=null; destroyMethodName=(inferred); defined in class path resource [com/mangofactory/swagger/configuration/SpringSwaggerConfig.class]]
2018-07-04 22:09:47.137 [main] WARN  o.s.w.context.support.GenericWebApplicationContext Line:558 ----------------> Exception encountered during context initialization - cancelling refresh attempt: org.springframework.beans.factory.UnsatisfiedDependencyException: Error creating bean with name 'userController': Unsatisfied dependency expressed through field 'userService'; nested exception is org.springframework.beans.factory.UnsatisfiedDependencyException: Error creating bean with name 'userServiceImpl': Unsatisfied dependency expressed through field 'userMapper'; nested exception is org.springframework.beans.factory.UnsatisfiedDependencyException: Error creating bean with name 'osUserMapper' defined in file [/home/lgj/aProject/SpringBootStudy/ch4/target/classes/com/dao/mapper/OsUserMapper.class]: Unsatisfied dependency expressed through bean property 'sqlSessionFactory'; nested exception is org.springframework.beans.factory.UnsatisfiedDependencyException: Error creating bean with name 'org.mybatis.spring.boot.autoconfigure.MybatisAutoConfiguration': Unsatisfied dependency expressed through constructor parameter 0; nested exception is org.springframework.boot.context.properties.ConfigurationPropertiesBindException: Error creating bean with name 'mybatis-org.mybatis.spring.boot.autoconfigure.MybatisProperties': Could not bind properties to 'MybatisProperties' : prefix=mybatis, ignoreInvalidFields=false, ignoreUnknownFields=true; nested exception is org.springframework.boot.context.properties.bind.BindException: Failed to bind properties under 'mybatis.configuration' to org.apache.ibatis.session.Configuration
2018-07-04 22:09:47.150 [main] INFO  o.s.b.a.l.ConditionEvaluationReportLoggingListener Line:101 ----------------> 

Error starting ApplicationContext. To display the conditions report re-run your application with 'debug' enabled.
2018-07-04 22:09:47.154 [main] ERROR o.s.b.diagnostics.LoggingFailureAnalysisReporter Line:42 ----------------> 

***************************
APPLICATION FAILED TO START
***************************

Description:

Failed to bind properties under 'mybatis.configuration' to org.apache.ibatis.session.Configuration:

    Property: mybatis.configuration
    Value: 
    Origin: class path resource [application.yml]:39:17
    Reason: No converter found capable of converting from type [java.lang.String] to type [@org.springframework.boot.context.properties.NestedConfigurationProperty org.apache.ibatis.session.Configuration]

Action:

Update your application's configuration

2018-07-04 22:09:47.185 [main] ERROR o.springframework.test.context.TestContextManager Line:250 ----------------> Caught exception while allowing TestExecutionListener [org.springframework.test.context.web.ServletTestExecutionListener@6d167f58] to prepare test instance [com.serviceImpl.UserServiceImplTest@6a7cbeed]
java.lang.IllegalStateException: Failed to load ApplicationContext
	at org.springframework.test.context.cache.DefaultCacheAwareContextLoaderDelegate.loadContext(DefaultCacheAwareContextLoaderDelegate.java:125)
	at org.springframework.test.context.support.DefaultTestContext.getApplicationContext(DefaultTestContext.java:108)
	at org.springframework.test.context.web.ServletTestExecutionListener.setUpRequestContextIfNecessary(ServletTestExecutionListener.java:190)
	at org.springframework.test.context.web.ServletTestExecutionListener.prepareTestInstance(ServletTestExecutionListener.java:132)
	at org.springframework.test.context.TestContextManager.prepareTestInstance(TestContextManager.java:246)
	at org.springframework.test.context.junit4.SpringJUnit4ClassRunner.createTest(SpringJUnit4ClassRunner.java:227)
	at org.springframework.test.context.junit4.SpringJUnit4ClassRunner$1.runReflectiveCall(SpringJUnit4ClassRunner.java:289)
	at org.junit.internal.runners.model.ReflectiveCallable.run(ReflectiveCallable.java:12)
	at org.springframework.test.context.junit4.SpringJUnit4ClassRunner.methodBlock(SpringJUnit4ClassRunner.java:291)
	at org.springframework.test.context.junit4.SpringJUnit4ClassRunner.runChild(SpringJUnit4ClassRunner.java:246)
	at org.springframework.test.context.junit4.SpringJUnit4ClassRunner.runChild(SpringJUnit4ClassRunner.java:97)
	at org.junit.runners.ParentRunner$3.run(ParentRunner.java:290)
	at org.junit.runners.ParentRunner$1.schedule(ParentRunner.java:71)
	at org.junit.runners.ParentRunner.runChildren(ParentRunner.java:288)
	at org.junit.runners.ParentRunner.access$000(ParentRunner.java:58)
	at org.junit.runners.ParentRunner$2.evaluate(ParentRunner.java:268)
	at org.springframework.test.context.junit4.statements.RunBeforeTestClassCallbacks.evaluate(RunBeforeTestClassCallbacks.java:61)
	at org.springframework.test.context.junit4.statements.RunAfterTestClassCallbacks.evaluate(RunAfterTestClassCallbacks.java:70)
	at org.junit.runners.ParentRunner.run(ParentRunner.java:363)
	at org.springframework.test.context.junit4.SpringJUnit4ClassRunner.run(SpringJUnit4ClassRunner.java:190)
	at org.junit.runner.JUnitCore.run(JUnitCore.java:137)
	at com.intellij.junit4.JUnit4IdeaTestRunner.startRunnerWithArgs(JUnit4IdeaTestRunner.java:68)
	at com.intellij.rt.execution.junit.IdeaTestRunner$Repeater.startRunnerWithArgs(IdeaTestRunner.java:47)
	at com.intellij.rt.execution.junit.JUnitStarter.prepareStreamsAndStart(JUnitStarter.java:242)
	at com.intellij.rt.execution.junit.JUnitStarter.main(JUnitStarter.java:70)
Caused by: org.springframework.beans.factory.UnsatisfiedDependencyException: Error creating bean with name 'userController': Unsatisfied dependency expressed through field 'userService'; nested exception is org.springframework.beans.factory.UnsatisfiedDependencyException: Error creating bean with name 'userServiceImpl': Unsatisfied dependency expressed through field 'userMapper'; nested exception is org.springframework.beans.factory.UnsatisfiedDependencyException: Error creating bean with name 'osUserMapper' defined in file [/home/lgj/aProject/SpringBootStudy/ch4/target/classes/com/dao/mapper/OsUserMapper.class]: Unsatisfied dependency expressed through bean property 'sqlSessionFactory'; nested exception is org.springframework.beans.factory.UnsatisfiedDependencyException: Error creating bean with name 'org.mybatis.spring.boot.autoconfigure.MybatisAutoConfiguration': Unsatisfied dependency expressed through constructor parameter 0; nested exception is org.springframework.boot.context.properties.ConfigurationPropertiesBindException: Error creating bean with name 'mybatis-org.mybatis.spring.boot.autoconfigure.MybatisProperties': Could not bind properties to 'MybatisProperties' : prefix=mybatis, ignoreInvalidFields=false, ignoreUnknownFields=true; nested exception is org.springframework.boot.context.properties.bind.BindException: Failed to bind properties under 'mybatis.configuration' to org.apache.ibatis.session.Configuration
	at org.springframework.beans.factory.annotation.AutowiredAnnotationBeanPostProcessor$AutowiredFieldElement.inject(AutowiredAnnotationBeanPostProcessor.java:587)
	at org.springframework.beans.factory.annotation.InjectionMetadata.inject(InjectionMetadata.java:91)
	at org.springframework.beans.factory.annotation.AutowiredAnnotationBeanPostProcessor.postProcessPropertyValues(AutowiredAnnotationBeanPostProcessor.java:373)
	at org.springframework.beans.factory.support.AbstractAutowireCapableBeanFactory.populateBean(AbstractAutowireCapableBeanFactory.java:1350)
	at org.springframework.beans.factory.support.AbstractAutowireCapableBeanFactory.doCreateBean(AbstractAutowireCapableBeanFactory.java:580)
	at org.springframework.beans.factory.support.AbstractAutowireCapableBeanFactory.createBean(AbstractAutowireCapableBeanFactory.java:503)
	at org.springframework.beans.factory.support.AbstractBeanFactory.lambda$doGetBean$0(AbstractBeanFactory.java:317)
	at org.springframework.beans.factory.support.DefaultSingletonBeanRegistry.getSingleton(DefaultSingletonBeanRegistry.java:222)
	at org.springframework.beans.factory.support.AbstractBeanFactory.doGetBean(AbstractBeanFactory.java:315)
	at org.springframework.beans.factory.support.AbstractBeanFactory.getBean(AbstractBeanFactory.java:199)
	at org.springframework.beans.factory.support.DefaultListableBeanFactory.preInstantiateSingletons(DefaultListableBeanFactory.java:760)
	at org.springframework.context.support.AbstractApplicationContext.finishBeanFactoryInitialization(AbstractApplicationContext.java:869)
	at org.springframework.context.support.AbstractApplicationContext.refresh(AbstractApplicationContext.java:550)
	at org.springframework.boot.SpringApplication.refresh(SpringApplication.java:759)
	at org.springframework.boot.SpringApplication.refreshContext(SpringApplication.java:395)
	at org.springframework.boot.SpringApplication.run(SpringApplication.java:327)
	at org.springframework.boot.test.context.SpringBootContextLoader.loadContext(SpringBootContextLoader.java:139)
	at org.springframework.test.context.cache.DefaultCacheAwareContextLoaderDelegate.loadContextInternal(DefaultCacheAwareContextLoaderDelegate.java:99)
	at org.springframework.test.context.cache.DefaultCacheAwareContextLoaderDelegate.loadContext(DefaultCacheAwareContextLoaderDelegate.java:117)
	... 24 common frames omitted
Caused by: org.springframework.beans.factory.UnsatisfiedDependencyException: Error creating bean with name 'userServiceImpl': Unsatisfied dependency expressed through field 'userMapper'; nested exception is org.springframework.beans.factory.UnsatisfiedDependencyException: Error creating bean with name 'osUserMapper' defined in file [/home/lgj/aProject/SpringBootStudy/ch4/target/classes/com/dao/mapper/OsUserMapper.class]: Unsatisfied dependency expressed through bean property 'sqlSessionFactory'; nested exception is org.springframework.beans.factory.UnsatisfiedDependencyException: Error creating bean with name 'org.mybatis.spring.boot.autoconfigure.MybatisAutoConfiguration': Unsatisfied dependency expressed through constructor parameter 0; nested exception is org.springframework.boot.context.properties.ConfigurationPropertiesBindException: Error creating bean with name 'mybatis-org.mybatis.spring.boot.autoconfigure.MybatisProperties': Could not bind properties to 'MybatisProperties' : prefix=mybatis, ignoreInvalidFields=false, ignoreUnknownFields=true; nested exception is org.springframework.boot.context.properties.bind.BindException: Failed to bind properties under 'mybatis.configuration' to org.apache.ibatis.session.Configuration
	at org.springframework.beans.factory.annotation.AutowiredAnnotationBeanPostProcessor$AutowiredFieldElement.inject(AutowiredAnnotationBeanPostProcessor.java:587)
	at org.springframework.beans.factory.annotation.InjectionMetadata.inject(InjectionMetadata.java:91)
	at org.springframework.beans.factory.annotation.AutowiredAnnotationBeanPostProcessor.postProcessPropertyValues(AutowiredAnnotationBeanPostProcessor.java:373)
	at org.springframework.beans.factory.support.AbstractAutowireCapableBeanFactory.populateBean(AbstractAutowireCapableBeanFactory.java:1350)
	at org.springframework.beans.factory.support.AbstractAutowireCapableBeanFactory.doCreateBean(AbstractAutowireCapableBeanFactory.java:580)
	at org.springframework.beans.factory.support.AbstractAutowireCapableBeanFactory.createBean(AbstractAutowireCapableBeanFactory.java:503)
	at org.springframework.beans.factory.support.AbstractBeanFactory.lambda$doGetBean$0(AbstractBeanFactory.java:317)
	at org.springframework.beans.factory.support.DefaultSingletonBeanRegistry.getSingleton(DefaultSingletonBeanRegistry.java:222)
	at org.springframework.beans.factory.support.AbstractBeanFactory.doGetBean(AbstractBeanFactory.java:315)
	at org.springframework.beans.factory.support.AbstractBeanFactory.getBean(AbstractBeanFactory.java:199)
	at org.springframework.beans.factory.config.DependencyDescriptor.resolveCandidate(DependencyDescriptor.java:251)
	at org.springframework.beans.factory.support.DefaultListableBeanFactory.doResolveDependency(DefaultListableBeanFactory.java:1138)
	at org.springframework.beans.factory.support.DefaultListableBeanFactory.resolveDependency(DefaultListableBeanFactory.java:1065)
	at org.springframework.beans.factory.annotation.AutowiredAnnotationBeanPostProcessor$AutowiredFieldElement.inject(AutowiredAnnotationBeanPostProcessor.java:584)
	... 42 common frames omitted
Caused by: org.springframework.beans.factory.UnsatisfiedDependencyException: Error creating bean with name 'osUserMapper' defined in file [/home/lgj/aProject/SpringBootStudy/ch4/target/classes/com/dao/mapper/OsUserMapper.class]: Unsatisfied dependency expressed through bean property 'sqlSessionFactory'; nested exception is org.springframework.beans.factory.UnsatisfiedDependencyException: Error creating bean with name 'org.mybatis.spring.boot.autoconfigure.MybatisAutoConfiguration': Unsatisfied dependency expressed through constructor parameter 0; nested exception is org.springframework.boot.context.properties.ConfigurationPropertiesBindException: Error creating bean with name 'mybatis-org.mybatis.spring.boot.autoconfigure.MybatisProperties': Could not bind properties to 'MybatisProperties' : prefix=mybatis, ignoreInvalidFields=false, ignoreUnknownFields=true; nested exception is org.springframework.boot.context.properties.bind.BindException: Failed to bind properties under 'mybatis.configuration' to org.apache.ibatis.session.Configuration
	at org.springframework.beans.factory.support.AbstractAutowireCapableBeanFactory.autowireByType(AbstractAutowireCapableBeanFactory.java:1445)
	at org.springframework.beans.factory.support.AbstractAutowireCapableBeanFactory.populateBean(AbstractAutowireCapableBeanFactory.java:1332)
	at org.springframework.beans.factory.support.AbstractAutowireCapableBeanFactory.doCreateBean(AbstractAutowireCapableBeanFactory.java:580)
	at org.springframework.beans.factory.support.AbstractAutowireCapableBeanFactory.createBean(AbstractAutowireCapableBeanFactory.java:503)
	at org.springframework.beans.factory.support.AbstractBeanFactory.lambda$doGetBean$0(AbstractBeanFactory.java:317)
	at org.springframework.beans.factory.support.DefaultSingletonBeanRegistry.getSingleton(DefaultSingletonBeanRegistry.java:222)
	at org.springframework.beans.factory.support.AbstractBeanFactory.doGetBean(AbstractBeanFactory.java:315)
	at org.springframework.beans.factory.support.AbstractBeanFactory.getBean(AbstractBeanFactory.java:199)
	at org.springframework.beans.factory.config.DependencyDescriptor.resolveCandidate(DependencyDescriptor.java:251)
	at org.springframework.beans.factory.support.DefaultListableBeanFactory.doResolveDependency(DefaultListableBeanFactory.java:1138)
	at org.springframework.beans.factory.support.DefaultListableBeanFactory.resolveDependency(DefaultListableBeanFactory.java:1065)
	at org.springframework.beans.factory.annotation.AutowiredAnnotationBeanPostProcessor$AutowiredFieldElement.inject(AutowiredAnnotationBeanPostProcessor.java:584)
	... 55 common frames omitted
Caused by: org.springframework.beans.factory.UnsatisfiedDependencyException: Error creating bean with name 'org.mybatis.spring.boot.autoconfigure.MybatisAutoConfiguration': Unsatisfied dependency expressed through constructor parameter 0; nested exception is org.springframework.boot.context.properties.ConfigurationPropertiesBindException: Error creating bean with name 'mybatis-org.mybatis.spring.boot.autoconfigure.MybatisProperties': Could not bind properties to 'MybatisProperties' : prefix=mybatis, ignoreInvalidFields=false, ignoreUnknownFields=true; nested exception is org.springframework.boot.context.properties.bind.BindException: Failed to bind properties under 'mybatis.configuration' to org.apache.ibatis.session.Configuration
	at org.springframework.beans.factory.support.ConstructorResolver.createArgumentArray(ConstructorResolver.java:732)
	at org.springframework.beans.factory.support.ConstructorResolver.autowireConstructor(ConstructorResolver.java:197)
	at org.springframework.beans.factory.support.AbstractAutowireCapableBeanFactory.autowireConstructor(AbstractAutowireCapableBeanFactory.java:1276)
	at org.springframework.beans.factory.support.AbstractAutowireCapableBeanFactory.createBeanInstance(AbstractAutowireCapableBeanFactory.java:1133)
	at org.springframework.beans.factory.support.AbstractAutowireCapableBeanFactory.doCreateBean(AbstractAutowireCapableBeanFactory.java:543)
	at org.springframework.beans.factory.support.AbstractAutowireCapableBeanFactory.createBean(AbstractAutowireCapableBeanFactory.java:503)
	at org.springframework.beans.factory.support.AbstractBeanFactory.lambda$doGetBean$0(AbstractBeanFactory.java:317)
	at org.springframework.beans.factory.support.DefaultSingletonBeanRegistry.getSingleton(DefaultSingletonBeanRegistry.java:222)
	at org.springframework.beans.factory.support.AbstractBeanFactory.doGetBean(AbstractBeanFactory.java:315)
	at org.springframework.beans.factory.support.AbstractBeanFactory.getBean(AbstractBeanFactory.java:199)
	at org.springframework.beans.factory.support.ConstructorResolver.instantiateUsingFactoryMethod(ConstructorResolver.java:372)
	at org.springframework.beans.factory.support.AbstractAutowireCapableBeanFactory.instantiateUsingFactoryMethod(AbstractAutowireCapableBeanFactory.java:1256)
	at org.springframework.beans.factory.support.AbstractAutowireCapableBeanFactory.createBeanInstance(AbstractAutowireCapableBeanFactory.java:1105)
	at org.springframework.beans.factory.support.AbstractAutowireCapableBeanFactory.doCreateBean(AbstractAutowireCapableBeanFactory.java:543)
	at org.springframework.beans.factory.support.AbstractAutowireCapableBeanFactory.createBean(AbstractAutowireCapableBeanFactory.java:503)
	at org.springframework.beans.factory.support.AbstractBeanFactory.lambda$doGetBean$0(AbstractBeanFactory.java:317)
	at org.springframework.beans.factory.support.DefaultSingletonBeanRegistry.getSingleton(DefaultSingletonBeanRegistry.java:222)
	at org.springframework.beans.factory.support.AbstractBeanFactory.doGetBean(AbstractBeanFactory.java:315)
	at org.springframework.beans.factory.support.AbstractBeanFactory.getBean(AbstractBeanFactory.java:199)
	at org.springframework.beans.factory.config.DependencyDescriptor.resolveCandidate(DependencyDescriptor.java:251)
	at org.springframework.beans.factory.support.DefaultListableBeanFactory.doResolveDependency(DefaultListableBeanFactory.java:1138)
	at org.springframework.beans.factory.support.DefaultListableBeanFactory.resolveDependency(DefaultListableBeanFactory.java:1065)
	at org.springframework.beans.factory.support.AbstractAutowireCapableBeanFactory.autowireByType(AbstractAutowireCapableBeanFactory.java:1430)
	... 66 common frames omitted
Caused by: org.springframework.boot.context.properties.ConfigurationPropertiesBindException: Error creating bean with name 'mybatis-org.mybatis.spring.boot.autoconfigure.MybatisProperties': Could not bind properties to 'MybatisProperties' : prefix=mybatis, ignoreInvalidFields=false, ignoreUnknownFields=true; nested exception is org.springframework.boot.context.properties.bind.BindException: Failed to bind properties under 'mybatis.configuration' to org.apache.ibatis.session.Configuration
	at org.springframework.boot.context.properties.ConfigurationPropertiesBindingPostProcessor.bind(ConfigurationPropertiesBindingPostProcessor.java:110)
	at org.springframework.boot.context.properties.ConfigurationPropertiesBindingPostProcessor.postProcessBeforeInitialization(ConfigurationPropertiesBindingPostProcessor.java:93)
	at org.springframework.beans.factory.support.AbstractAutowireCapableBeanFactory.applyBeanPostProcessorsBeforeInitialization(AbstractAutowireCapableBeanFactory.java:424)
	at org.springframework.beans.factory.support.AbstractAutowireCapableBeanFactory.initializeBean(AbstractAutowireCapableBeanFactory.java:1700)
	at org.springframework.beans.factory.support.AbstractAutowireCapableBeanFactory.doCreateBean(AbstractAutowireCapableBeanFactory.java:581)
	at org.springframework.beans.factory.support.AbstractAutowireCapableBeanFactory.createBean(AbstractAutowireCapableBeanFactory.java:503)
	at org.springframework.beans.factory.support.AbstractBeanFactory.lambda$doGetBean$0(AbstractBeanFactory.java:317)
	at org.springframework.beans.factory.support.DefaultSingletonBeanRegistry.getSingleton(DefaultSingletonBeanRegistry.java:222)
	at org.springframework.beans.factory.support.AbstractBeanFactory.doGetBean(AbstractBeanFactory.java:315)
	at org.springframework.beans.factory.support.AbstractBeanFactory.getBean(AbstractBeanFactory.java:199)
	at org.springframework.beans.factory.config.DependencyDescriptor.resolveCandidate(DependencyDescriptor.java:251)
	at org.springframework.beans.factory.support.DefaultListableBeanFactory.doResolveDependency(DefaultListableBeanFactory.java:1138)
	at org.springframework.beans.factory.support.DefaultListableBeanFactory.resolveDependency(DefaultListableBeanFactory.java:1065)
	at org.springframework.beans.factory.support.ConstructorResolver.resolveAutowiredArgument(ConstructorResolver.java:818)
	at org.springframework.beans.factory.support.ConstructorResolver.createArgumentArray(ConstructorResolver.java:724)
	... 88 common frames omitted
Caused by: org.springframework.boot.context.properties.bind.BindException: Failed to bind properties under 'mybatis.configuration' to org.apache.ibatis.session.Configuration
	at org.springframework.boot.context.properties.bind.Binder.handleBindError(Binder.java:250)
	at org.springframework.boot.context.properties.bind.Binder.bind(Binder.java:226)
	at org.springframework.boot.context.properties.bind.Binder.lambda$bindBean$4(Binder.java:333)
	at org.springframework.boot.context.properties.bind.JavaBeanBinder.bind(JavaBeanBinder.java:73)
	at org.springframework.boot.context.properties.bind.JavaBeanBinder.bind(JavaBeanBinder.java:62)
	at org.springframework.boot.context.properties.bind.JavaBeanBinder.bind(JavaBeanBinder.java:54)
	at org.springframework.boot.context.properties.bind.Binder.lambda$null$5(Binder.java:341)
	at java.base/java.util.stream.ReferencePipeline$3$1.accept(ReferencePipeline.java:195)
	at java.base/java.util.ArrayList$ArrayListSpliterator.tryAdvance(ArrayList.java:1471)
	at java.base/java.util.stream.ReferencePipeline.forEachWithCancel(ReferencePipeline.java:127)
	at java.base/java.util.stream.AbstractPipeline.copyIntoWithCancel(AbstractPipeline.java:502)
	at java.base/java.util.stream.AbstractPipeline.copyInto(AbstractPipeline.java:488)
	at java.base/java.util.stream.AbstractPipeline.wrapAndCopyInto(AbstractPipeline.java:474)
	at java.base/java.util.stream.FindOps$FindOp.evaluateSequential(FindOps.java:152)
	at java.base/java.util.stream.AbstractPipeline.evaluate(AbstractPipeline.java:234)
	at java.base/java.util.stream.ReferencePipeline.findFirst(ReferencePipeline.java:476)
	at org.springframework.boot.context.properties.bind.Binder.lambda$bindBean$6(Binder.java:342)
	at org.springframework.boot.context.properties.bind.Binder$Context.withIncreasedDepth(Binder.java:441)
	at org.springframework.boot.context.properties.bind.Binder$Context.withBean(Binder.java:427)
	at org.springframework.boot.context.properties.bind.Binder$Context.access$400(Binder.java:381)
	at org.springframework.boot.context.properties.bind.Binder.bindBean(Binder.java:339)
	at org.springframework.boot.context.properties.bind.Binder.bindObject(Binder.java:278)
	at org.springframework.boot.context.properties.bind.Binder.bind(Binder.java:221)
	at org.springframework.boot.context.properties.bind.Binder.bind(Binder.java:210)
	at org.springframework.boot.context.properties.bind.Binder.bind(Binder.java:192)
	at org.springframework.boot.context.properties.ConfigurationPropertiesBinder.bind(ConfigurationPropertiesBinder.java:82)
	at org.springframework.boot.context.properties.ConfigurationPropertiesBindingPostProcessor.bind(ConfigurationPropertiesBindingPostProcessor.java:107)
	... 102 common frames omitted
Caused by: org.springframework.core.convert.ConverterNotFoundException: No converter found capable of converting from type [java.lang.String] to type [@org.springframework.boot.context.properties.NestedConfigurationProperty org.apache.ibatis.session.Configuration]
	at org.springframework.core.convert.support.GenericConversionService.handleConverterNotFound(GenericConversionService.java:321)
	at org.springframework.core.convert.support.GenericConversionService.convert(GenericConversionService.java:194)
	at org.springframework.boot.context.properties.bind.BindConverter$CompositeConversionService.convert(BindConverter.java:162)
	at org.springframework.boot.context.properties.bind.BindConverter.convert(BindConverter.java:96)
	at org.springframework.boot.context.properties.bind.BindConverter.convert(BindConverter.java:88)
	at org.springframework.boot.context.properties.bind.Binder.bindProperty(Binder.java:323)
	at org.springframework.boot.context.properties.bind.Binder.bindObject(Binder.java:266)
	at org.springframework.boot.context.properties.bind.Binder.bind(Binder.java:221)
	... 127 common frames omitted
2018-07-04 22:10:04.513 [main] INFO  com.serviceImpl.UserServiceImplTest Line:50 ----------------> Starting UserServiceImplTest on lgj-Lenovo-G470 with PID 31232 (started by lgj in /home/lgj/aProject/SpringBootStudy/ch4)
2018-07-04 22:10:04.518 [main] INFO  com.serviceImpl.UserServiceImplTest Line:659 ----------------> No active profile set, falling back to default profiles: default
2018-07-04 22:10:04.608 [main] INFO  o.s.w.context.support.GenericWebApplicationContext Line:590 ----------------> Refreshing org.springframework.web.context.support.GenericWebApplicationContext@2ef8a8c3: startup date [Wed Jul 04 22:10:04 CST 2018]; root of context hierarchy
2018-07-04 22:10:08.860 [main] INFO  o.s.b.factory.support.DefaultListableBeanFactory Line:824 ----------------> Overriding bean definition for bean 'swaggerCache' with a different definition: replacing [Generic bean: class [com.mangofactory.swagger.core.SwaggerCache]; scope=singleton; abstract=false; lazyInit=false; autowireMode=0; dependencyCheck=0; autowireCandidate=true; primary=false; factoryBeanName=null; factoryMethodName=null; initMethodName=null; destroyMethodName=null; defined in URL [jar:file:/home/lgj/.m2/repository/com/mangofactory/swagger-springmvc/1.0.2/swagger-springmvc-1.0.2.jar!/com/mangofactory/swagger/core/SwaggerCache.class]] with [Root bean: class [null]; scope=; abstract=false; lazyInit=false; autowireMode=3; dependencyCheck=0; autowireCandidate=true; primary=false; factoryBeanName=springSwaggerConfig; factoryMethodName=swaggerCache; initMethodName=null; destroyMethodName=(inferred); defined in class path resource [com/mangofactory/swagger/configuration/SpringSwaggerConfig.class]]
2018-07-04 22:10:11.058 [main] INFO  o.s.w.s.m.m.a.RequestMappingHandlerMapping Line:547 ----------------> Mapped "{[/mvc/method/param/func3]}" onto public org.springframework.web.servlet.ModelAndView com.controller.MvcMethodParamController.func3(org.springframework.ui.Model)
2018-07-04 22:10:11.061 [main] INFO  o.s.w.s.m.m.a.RequestMappingHandlerMapping Line:547 ----------------> Mapped "{[/mvc/method/param/func4]}" onto public java.lang.String com.controller.MvcMethodParamController.func4(java.lang.String)
2018-07-04 22:10:11.062 [main] INFO  o.s.w.s.m.m.a.RequestMappingHandlerMapping Line:547 ----------------> Mapped "{[/mvc/method/param/func5]}" onto public java.lang.String com.controller.MvcMethodParamController.func5(com.controller.Student)
2018-07-04 22:10:11.063 [main] INFO  o.s.w.s.m.m.a.RequestMappingHandlerMapping Line:547 ----------------> Mapped "{[/mvc/method/param/func2]}" onto public java.lang.String com.controller.MvcMethodParamController.func2(org.springframework.ui.Model)
2018-07-04 22:10:11.064 [main] INFO  o.s.w.s.m.m.a.RequestMappingHandlerMapping Line:547 ----------------> Mapped "{[/mvc/method/param/func1/{id}]}" onto public java.lang.String com.controller.MvcMethodParamController.func2(int)
2018-07-04 22:10:11.065 [main] INFO  o.s.w.s.m.m.a.RequestMappingHandlerMapping Line:547 ----------------> Mapped "{[/mvc/method/param/func6]}" onto public java.lang.String com.controller.MvcMethodParamController.func6(java.util.List<org.springframework.web.multipart.MultipartFile>)
2018-07-04 22:10:11.084 [main] INFO  o.s.w.s.m.m.a.RequestMappingHandlerMapping Line:547 ----------------> Mapped "{[/mvc/func1]}" onto public java.lang.String com.controller.MvcTestController.func1()
2018-07-04 22:10:11.085 [main] INFO  o.s.w.s.m.m.a.RequestMappingHandlerMapping Line:547 ----------------> Mapped "{[/mvc/func3/**]}" onto public java.lang.String com.controller.MvcTestController.func3()
2018-07-04 22:10:11.086 [main] INFO  o.s.w.s.m.m.a.RequestMappingHandlerMapping Line:547 ----------------> Mapped "{[/mvc/func4/get],methods=[GET]}" onto public java.lang.String com.controller.MvcTestController.func4()
2018-07-04 22:10:11.087 [main] INFO  o.s.w.s.m.m.a.RequestMappingHandlerMapping Line:547 ----------------> Mapped "{[/mvc/func5/post],methods=[POST]}" onto public java.lang.String com.controller.MvcTestController.func5()
2018-07-04 22:10:11.088 [main] INFO  o.s.w.s.m.m.a.RequestMappingHandlerMapping Line:547 ----------------> Mapped "{[/mvc/func2/{id}]}" onto public java.lang.String com.controller.MvcTestController.func2(int)
2018-07-04 22:10:11.089 [main] INFO  o.s.w.s.m.m.a.RequestMappingHandlerMapping Line:547 ----------------> Mapped "{[/mvc/func7/put],methods=[PUT]}" onto public java.lang.String com.controller.MvcTestController.func7()
2018-07-04 22:10:11.091 [main] INFO  o.s.w.s.m.m.a.RequestMappingHandlerMapping Line:547 ----------------> Mapped "{[/mvc/func8],consumes=[application/json]}" onto public java.lang.String com.controller.MvcTestController.func8()
2018-07-04 22:10:11.092 [main] INFO  o.s.w.s.m.m.a.RequestMappingHandlerMapping Line:547 ----------------> Mapped "{[/mvc/func9],produces=[application/json]}" onto public java.lang.String com.controller.MvcTestController.func9()
2018-07-04 22:10:11.094 [main] INFO  o.s.w.s.m.m.a.RequestMappingHandlerMapping Line:547 ----------------> Mapped "{[/mvc/func6/delete],methods=[DELETE]}" onto public java.lang.String com.controller.MvcTestController.func6()
2018-07-04 22:10:11.096 [main] INFO  o.s.w.s.m.m.a.RequestMappingHandlerMapping Line:547 ----------------> Mapped "{[/user/all]}" onto public java.util.List<com.dao.model.OsUser> com.controller.UserController.getUser()
2018-07-04 22:10:11.097 [main] INFO  o.s.w.s.m.m.a.RequestMappingHandlerMapping Line:547 ----------------> Mapped "{[/user/test]}" onto public void com.controller.UserController.test()
2018-07-04 22:10:11.102 [main] INFO  o.s.w.s.m.m.a.RequestMappingHandlerMapping Line:547 ----------------> Mapped "{[/api-docs],methods=[GET]}" onto public org.springframework.http.ResponseEntity<com.mangofactory.swagger.models.dto.ResourceListing> com.mangofactory.swagger.controllers.DefaultSwaggerController.getResourceListing(java.lang.String)
2018-07-04 22:10:11.104 [main] INFO  o.s.w.s.m.m.a.RequestMappingHandlerMapping Line:547 ----------------> Mapped "{[/api-docs/{swaggerGroup}/{apiDeclaration}],methods=[GET]}" onto public org.springframework.http.ResponseEntity<com.mangofactory.swagger.models.dto.ApiListing> com.mangofactory.swagger.controllers.DefaultSwaggerController.getApiListing(java.lang.String,java.lang.String)
2018-07-04 22:10:11.115 [main] INFO  o.s.w.s.m.m.a.RequestMappingHandlerMapping Line:547 ----------------> Mapped "{[/error]}" onto public org.springframework.http.ResponseEntity<java.util.Map<java.lang.String, java.lang.Object>> org.springframework.boot.autoconfigure.web.servlet.error.BasicErrorController.error(javax.servlet.http.HttpServletRequest)
2018-07-04 22:10:11.116 [main] INFO  o.s.w.s.m.m.a.RequestMappingHandlerMapping Line:547 ----------------> Mapped "{[/error],produces=[text/html]}" onto public org.springframework.web.servlet.ModelAndView org.springframework.boot.autoconfigure.web.servlet.error.BasicErrorController.errorHtml(javax.servlet.http.HttpServletRequest,javax.servlet.http.HttpServletResponse)
2018-07-04 22:10:11.513 [main] INFO  o.s.w.s.m.m.a.RequestMappingHandlerAdapter Line:574 ----------------> Looking for @ControllerAdvice: org.springframework.web.context.support.GenericWebApplicationContext@2ef8a8c3: startup date [Wed Jul 04 22:10:04 CST 2018]; root of context hierarchy
2018-07-04 22:10:11.971 [main] INFO  o.s.web.servlet.handler.SimpleUrlHandlerMapping Line:373 ----------------> Mapped URL path [/**/favicon.ico] onto handler of type [class org.springframework.web.servlet.resource.ResourceHttpRequestHandler]
2018-07-04 22:10:12.011 [main] INFO  o.s.web.servlet.handler.SimpleUrlHandlerMapping Line:373 ----------------> Mapped URL path [/webjars/**] onto handler of type [class org.springframework.web.servlet.resource.ResourceHttpRequestHandler]
2018-07-04 22:10:12.012 [main] INFO  o.s.web.servlet.handler.SimpleUrlHandlerMapping Line:373 ----------------> Mapped URL path [/**] onto handler of type [class org.springframework.web.servlet.resource.ResourceHttpRequestHandler]
2018-07-04 22:10:12.623 [main] INFO  c.mangofactory.swagger.plugin.SwaggerPluginAdapter Line:33 ----------------> Context refreshed
2018-07-04 22:10:12.625 [main] INFO  c.mangofactory.swagger.plugin.SwaggerPluginAdapter Line:41 ----------------> Did not find any SwaggerSpringMvcPlugins so creating a default one
2018-07-04 22:10:12.648 [main] INFO  c.m.swagger.scanners.ApiListingReferenceScanner Line:55 ----------------> Scanning for api listing references
2018-07-04 22:10:12.653 [main] INFO  c.m.s.core.ClassOrApiAnnotationResourceGrouping Line:50 ----------------> Group for method func3 was mvc-method-param-controller
2018-07-04 22:10:12.659 [main] INFO  c.m.swagger.scanners.ApiListingReferenceScanner Line:78 ----------------> Request mapping: func3 belongs to groups: [[ResourceGroup{groupName='mvc-method-param-controller', position=0}]] 
2018-07-04 22:10:12.661 [main] INFO  c.m.swagger.scanners.ApiListingReferenceScanner Line:82 ----------------> Adding resource to group:ResourceGroup{groupName='mvc-method-param-controller', position=0} with description:Mvc Method Param Controller for handler method:func3
2018-07-04 22:10:12.662 [main] INFO  c.m.s.core.ClassOrApiAnnotationResourceGrouping Line:50 ----------------> Group for method func4 was mvc-method-param-controller
2018-07-04 22:10:12.664 [main] INFO  c.m.swagger.scanners.ApiListingReferenceScanner Line:78 ----------------> Request mapping: func4 belongs to groups: [[ResourceGroup{groupName='mvc-method-param-controller', position=0}]] 
2018-07-04 22:10:12.665 [main] INFO  c.m.swagger.scanners.ApiListingReferenceScanner Line:82 ----------------> Adding resource to group:ResourceGroup{groupName='mvc-method-param-controller', position=0} with description:Mvc Method Param Controller for handler method:func4
2018-07-04 22:10:12.666 [main] INFO  c.m.s.core.ClassOrApiAnnotationResourceGrouping Line:50 ----------------> Group for method func5 was mvc-method-param-controller
2018-07-04 22:10:12.668 [main] INFO  c.m.swagger.scanners.ApiListingReferenceScanner Line:78 ----------------> Request mapping: func5 belongs to groups: [[ResourceGroup{groupName='mvc-method-param-controller', position=0}]] 
2018-07-04 22:10:12.669 [main] INFO  c.m.swagger.scanners.ApiListingReferenceScanner Line:82 ----------------> Adding resource to group:ResourceGroup{groupName='mvc-method-param-controller', position=0} with description:Mvc Method Param Controller for handler method:func5
2018-07-04 22:10:12.670 [main] INFO  c.m.s.core.ClassOrApiAnnotationResourceGrouping Line:50 ----------------> Group for method func2 was mvc-method-param-controller
2018-07-04 22:10:12.670 [main] INFO  c.m.swagger.scanners.ApiListingReferenceScanner Line:78 ----------------> Request mapping: func2 belongs to groups: [[ResourceGroup{groupName='mvc-method-param-controller', position=0}]] 
2018-07-04 22:10:12.671 [main] INFO  c.m.swagger.scanners.ApiListingReferenceScanner Line:82 ----------------> Adding resource to group:ResourceGroup{groupName='mvc-method-param-controller', position=0} with description:Mvc Method Param Controller for handler method:func2
2018-07-04 22:10:12.672 [main] INFO  c.m.s.core.ClassOrApiAnnotationResourceGrouping Line:50 ----------------> Group for method func2 was mvc-method-param-controller
2018-07-04 22:10:12.673 [main] INFO  c.m.swagger.scanners.ApiListingReferenceScanner Line:78 ----------------> Request mapping: func2 belongs to groups: [[ResourceGroup{groupName='mvc-method-param-controller', position=0}]] 
2018-07-04 22:10:12.674 [main] INFO  c.m.swagger.scanners.ApiListingReferenceScanner Line:82 ----------------> Adding resource to group:ResourceGroup{groupName='mvc-method-param-controller', position=0} with description:Mvc Method Param Controller for handler method:func2
2018-07-04 22:10:12.675 [main] INFO  c.m.s.core.ClassOrApiAnnotationResourceGrouping Line:50 ----------------> Group for method func6 was mvc-method-param-controller
2018-07-04 22:10:12.676 [main] INFO  c.m.swagger.scanners.ApiListingReferenceScanner Line:78 ----------------> Request mapping: func6 belongs to groups: [[ResourceGroup{groupName='mvc-method-param-controller', position=0}]] 
2018-07-04 22:10:12.677 [main] INFO  c.m.swagger.scanners.ApiListingReferenceScanner Line:82 ----------------> Adding resource to group:ResourceGroup{groupName='mvc-method-param-controller', position=0} with description:Mvc Method Param Controller for handler method:func6
2018-07-04 22:10:12.678 [main] INFO  c.m.s.core.ClassOrApiAnnotationResourceGrouping Line:50 ----------------> Group for method func1 was mvc-test-controller
2018-07-04 22:10:12.679 [main] INFO  c.m.swagger.scanners.ApiListingReferenceScanner Line:78 ----------------> Request mapping: func1 belongs to groups: [[ResourceGroup{groupName='mvc-test-controller', position=0}]] 
2018-07-04 22:10:12.680 [main] INFO  c.m.swagger.scanners.ApiListingReferenceScanner Line:82 ----------------> Adding resource to group:ResourceGroup{groupName='mvc-test-controller', position=0} with description:Mvc Test Controller for handler method:func1
2018-07-04 22:10:12.681 [main] INFO  c.m.s.core.ClassOrApiAnnotationResourceGrouping Line:50 ----------------> Group for method func3 was mvc-test-controller
2018-07-04 22:10:12.682 [main] INFO  c.m.swagger.scanners.ApiListingReferenceScanner Line:78 ----------------> Request mapping: func3 belongs to groups: [[ResourceGroup{groupName='mvc-test-controller', position=0}]] 
2018-07-04 22:10:12.683 [main] INFO  c.m.swagger.scanners.ApiListingReferenceScanner Line:82 ----------------> Adding resource to group:ResourceGroup{groupName='mvc-test-controller', position=0} with description:Mvc Test Controller for handler method:func3
2018-07-04 22:10:12.684 [main] INFO  c.m.s.core.ClassOrApiAnnotationResourceGrouping Line:50 ----------------> Group for method func4 was mvc-test-controller
2018-07-04 22:10:12.685 [main] INFO  c.m.swagger.scanners.ApiListingReferenceScanner Line:78 ----------------> Request mapping: func4 belongs to groups: [[ResourceGroup{groupName='mvc-test-controller', position=0}]] 
2018-07-04 22:10:12.686 [main] INFO  c.m.swagger.scanners.ApiListingReferenceScanner Line:82 ----------------> Adding resource to group:ResourceGroup{groupName='mvc-test-controller', position=0} with description:Mvc Test Controller for handler method:func4
2018-07-04 22:10:12.687 [main] INFO  c.m.s.core.ClassOrApiAnnotationResourceGrouping Line:50 ----------------> Group for method func5 was mvc-test-controller
2018-07-04 22:10:12.688 [main] INFO  c.m.swagger.scanners.ApiListingReferenceScanner Line:78 ----------------> Request mapping: func5 belongs to groups: [[ResourceGroup{groupName='mvc-test-controller', position=0}]] 
2018-07-04 22:10:12.689 [main] INFO  c.m.swagger.scanners.ApiListingReferenceScanner Line:82 ----------------> Adding resource to group:ResourceGroup{groupName='mvc-test-controller', position=0} with description:Mvc Test Controller for handler method:func5
2018-07-04 22:10:12.690 [main] INFO  c.m.s.core.ClassOrApiAnnotationResourceGrouping Line:50 ----------------> Group for method func2 was mvc-test-controller
2018-07-04 22:10:12.691 [main] INFO  c.m.swagger.scanners.ApiListingReferenceScanner Line:78 ----------------> Request mapping: func2 belongs to groups: [[ResourceGroup{groupName='mvc-test-controller', position=0}]] 
2018-07-04 22:10:12.691 [main] INFO  c.m.swagger.scanners.ApiListingReferenceScanner Line:82 ----------------> Adding resource to group:ResourceGroup{groupName='mvc-test-controller', position=0} with description:Mvc Test Controller for handler method:func2
2018-07-04 22:10:12.692 [main] INFO  c.m.s.core.ClassOrApiAnnotationResourceGrouping Line:50 ----------------> Group for method func7 was mvc-test-controller
2018-07-04 22:10:12.693 [main] INFO  c.m.swagger.scanners.ApiListingReferenceScanner Line:78 ----------------> Request mapping: func7 belongs to groups: [[ResourceGroup{groupName='mvc-test-controller', position=0}]] 
2018-07-04 22:10:12.694 [main] INFO  c.m.swagger.scanners.ApiListingReferenceScanner Line:82 ----------------> Adding resource to group:ResourceGroup{groupName='mvc-test-controller', position=0} with description:Mvc Test Controller for handler method:func7
2018-07-04 22:10:12.695 [main] INFO  c.m.s.core.ClassOrApiAnnotationResourceGrouping Line:50 ----------------> Group for method func8 was mvc-test-controller
2018-07-04 22:10:12.696 [main] INFO  c.m.swagger.scanners.ApiListingReferenceScanner Line:78 ----------------> Request mapping: func8 belongs to groups: [[ResourceGroup{groupName='mvc-test-controller', position=0}]] 
2018-07-04 22:10:12.696 [main] INFO  c.m.swagger.scanners.ApiListingReferenceScanner Line:82 ----------------> Adding resource to group:ResourceGroup{groupName='mvc-test-controller', position=0} with description:Mvc Test Controller for handler method:func8
2018-07-04 22:10:12.697 [main] INFO  c.m.s.core.ClassOrApiAnnotationResourceGrouping Line:50 ----------------> Group for method func9 was mvc-test-controller
2018-07-04 22:10:12.698 [main] INFO  c.m.swagger.scanners.ApiListingReferenceScanner Line:78 ----------------> Request mapping: func9 belongs to groups: [[ResourceGroup{groupName='mvc-test-controller', position=0}]] 
2018-07-04 22:10:12.699 [main] INFO  c.m.swagger.scanners.ApiListingReferenceScanner Line:82 ----------------> Adding resource to group:ResourceGroup{groupName='mvc-test-controller', position=0} with description:Mvc Test Controller for handler method:func9
2018-07-04 22:10:12.700 [main] INFO  c.m.s.core.ClassOrApiAnnotationResourceGrouping Line:50 ----------------> Group for method func6 was mvc-test-controller
2018-07-04 22:10:12.701 [main] INFO  c.m.swagger.scanners.ApiListingReferenceScanner Line:78 ----------------> Request mapping: func6 belongs to groups: [[ResourceGroup{groupName='mvc-test-controller', position=0}]] 
2018-07-04 22:10:12.702 [main] INFO  c.m.swagger.scanners.ApiListingReferenceScanner Line:82 ----------------> Adding resource to group:ResourceGroup{groupName='mvc-test-controller', position=0} with description:Mvc Test Controller for handler method:func6
2018-07-04 22:10:12.703 [main] INFO  c.m.s.core.ClassOrApiAnnotationResourceGrouping Line:50 ----------------> Group for method getUser was user-controller
2018-07-04 22:10:12.704 [main] INFO  c.m.swagger.scanners.ApiListingReferenceScanner Line:78 ----------------> Request mapping: getUser belongs to groups: [[ResourceGroup{groupName='user-controller', position=0}]] 
2018-07-04 22:10:12.704 [main] INFO  c.m.swagger.scanners.ApiListingReferenceScanner Line:82 ----------------> Adding resource to group:ResourceGroup{groupName='user-controller', position=0} with description:User Controller for handler method:getUser
2018-07-04 22:10:12.705 [main] INFO  c.m.s.core.ClassOrApiAnnotationResourceGrouping Line:50 ----------------> Group for method test was user-controller
2018-07-04 22:10:12.707 [main] INFO  c.m.swagger.scanners.ApiListingReferenceScanner Line:78 ----------------> Request mapping: test belongs to groups: [[ResourceGroup{groupName='user-controller', position=0}]] 
2018-07-04 22:10:12.707 [main] INFO  c.m.swagger.scanners.ApiListingReferenceScanner Line:82 ----------------> Adding resource to group:ResourceGroup{groupName='user-controller', position=0} with description:User Controller for handler method:test
2018-07-04 22:10:12.708 [main] INFO  c.m.swagger.core.RequestMappingEvaluator Line:74 ----------------> Excluding method as it contains the excluded annotation: interface com.mangofactory.swagger.annotations.ApiIgnore
2018-07-04 22:10:12.709 [main] INFO  c.m.swagger.core.RequestMappingEvaluator Line:74 ----------------> Excluding method as it contains the excluded annotation: interface com.mangofactory.swagger.annotations.ApiIgnore
2018-07-04 22:10:12.710 [main] INFO  c.m.s.core.ClassOrApiAnnotationResourceGrouping Line:50 ----------------> Group for method error was basic-error-controller
2018-07-04 22:10:12.711 [main] INFO  c.m.swagger.scanners.ApiListingReferenceScanner Line:78 ----------------> Request mapping: error belongs to groups: [[ResourceGroup{groupName='basic-error-controller', position=0}]] 
2018-07-04 22:10:12.712 [main] INFO  c.m.swagger.scanners.ApiListingReferenceScanner Line:82 ----------------> Adding resource to group:ResourceGroup{groupName='basic-error-controller', position=0} with description:Basic Error Controller for handler method:error
2018-07-04 22:10:12.713 [main] INFO  c.m.s.core.ClassOrApiAnnotationResourceGrouping Line:50 ----------------> Group for method errorHtml was basic-error-controller
2018-07-04 22:10:12.714 [main] INFO  c.m.swagger.scanners.ApiListingReferenceScanner Line:78 ----------------> Request mapping: errorHtml belongs to groups: [[ResourceGroup{groupName='basic-error-controller', position=0}]] 
2018-07-04 22:10:12.715 [main] INFO  c.m.swagger.scanners.ApiListingReferenceScanner Line:82 ----------------> Adding resource to group:ResourceGroup{groupName='basic-error-controller', position=0} with description:Basic Error Controller for handler method:errorHtml
2018-07-04 22:10:12.728 [main] INFO  c.m.swagger.scanners.ApiListingReferenceScanner Line:96 ----------------> Created resource listing Path: /default/user-controller Description: user-controller Position: 0
2018-07-04 22:10:12.729 [main] INFO  c.m.swagger.scanners.ApiListingReferenceScanner Line:96 ----------------> Created resource listing Path: /default/basic-error-controller Description: basic-error-controller Position: 0
2018-07-04 22:10:12.730 [main] INFO  c.m.swagger.scanners.ApiListingReferenceScanner Line:96 ----------------> Created resource listing Path: /default/mvc-method-param-controller Description: mvc-method-param-controller Position: 0
2018-07-04 22:10:12.730 [main] INFO  c.m.swagger.scanners.ApiListingReferenceScanner Line:96 ----------------> Created resource listing Path: /default/mvc-test-controller Description: mvc-test-controller Position: 0
2018-07-04 22:10:13.219 [main] INFO  c.m.swagger.core.SwaggerApiResourceListing Line:89 ----------------> Added a resource listing with (4) api resources: 
2018-07-04 22:10:13.220 [main] INFO  c.m.swagger.core.SwaggerApiResourceListing Line:93 ---------------->   Basic Error Controller at location: /api-docs/default/basic-error-controller
2018-07-04 22:10:13.220 [main] INFO  c.m.swagger.core.SwaggerApiResourceListing Line:93 ---------------->   Mvc Method Param Controller at location: /api-docs/default/mvc-method-param-controller
2018-07-04 22:10:13.220 [main] INFO  c.m.swagger.core.SwaggerApiResourceListing Line:93 ---------------->   Mvc Test Controller at location: /api-docs/default/mvc-test-controller
2018-07-04 22:10:13.220 [main] INFO  c.m.swagger.core.SwaggerApiResourceListing Line:93 ---------------->   User Controller at location: /api-docs/default/user-controller
2018-07-04 22:10:13.230 [main] INFO  com.serviceImpl.UserServiceImplTest Line:59 ----------------> Started UserServiceImplTest in 10.229 seconds (JVM running for 12.453)
2018-07-04 22:10:13.298 [main] INFO  com.zaxxer.hikari.HikariDataSource Line:110 ----------------> mysqldatasource - Starting...
2018-07-04 22:10:13.618 [main] INFO  com.zaxxer.hikari.HikariDataSource Line:123 ----------------> mysqldatasource - Start completed.
2018-07-04 22:10:13.627 [main] INFO  o.s.test.context.transaction.TransactionContext Line:107 ----------------> Began transaction (1) for test context [DefaultTestContext@c9d0d6 testClass = UserServiceImplTest, testInstance = com.serviceImpl.UserServiceImplTest@3705e3fb, testMethod = getAll@UserServiceImplTest, testException = [null], mergedContextConfiguration = [WebMergedContextConfiguration@6ccdb29f testClass = UserServiceImplTest, locations = '{}', classes = '{class com.Application}', contextInitializerClasses = '[]', activeProfiles = '{}', propertySourceLocations = '{}', propertySourceProperties = '{org.springframework.boot.test.context.SpringBootTestContextBootstrapper=true}', contextCustomizers = set[org.springframework.boot.test.context.filter.ExcludeFilterContextCustomizer@5c671d7f, org.springframework.boot.test.json.DuplicateJsonObjectContextCustomizerFactory$DuplicateJsonObjectContextCustomizer@e4487af, org.springframework.boot.test.mock.mockito.MockitoContextCustomizer@0, org.springframework.boot.test.web.client.TestRestTemplateContextCustomizer@1ebd319f, org.springframework.boot.test.autoconfigure.properties.PropertyMappingContextCustomizer@0, org.springframework.boot.test.autoconfigure.web.servlet.WebDriverContextCustomizerFactory$Customizer@4470f8a6], resourceBasePath = 'src/main/webapp', contextLoader = 'org.springframework.boot.test.context.SpringBootContextLoader', parent = [null]], attributes = map['org.springframework.test.context.web.ServletTestExecutionListener.activateListener' -> true, 'org.springframework.test.context.web.ServletTestExecutionListener.populatedRequestContextHolder' -> true, 'org.springframework.test.context.web.ServletTestExecutionListener.resetRequestContextHolder' -> true]]; transaction manager [org.springframework.jdbc.datasource.DataSourceTransactionManager@cfe7be3]; rollback [true]
2018-07-04 22:10:13.831 [main] INFO  o.s.test.context.transaction.TransactionContext Line:139 ----------------> Rolled back transaction for test: [DefaultTestContext@c9d0d6 testClass = UserServiceImplTest, testInstance = com.serviceImpl.UserServiceImplTest@3705e3fb, testMethod = getAll@UserServiceImplTest, testException = [null], mergedContextConfiguration = [WebMergedContextConfiguration@6ccdb29f testClass = UserServiceImplTest, locations = '{}', classes = '{class com.Application}', contextInitializerClasses = '[]', activeProfiles = '{}', propertySourceLocations = '{}', propertySourceProperties = '{org.springframework.boot.test.context.SpringBootTestContextBootstrapper=true}', contextCustomizers = set[org.springframework.boot.test.context.filter.ExcludeFilterContextCustomizer@5c671d7f, org.springframework.boot.test.json.DuplicateJsonObjectContextCustomizerFactory$DuplicateJsonObjectContextCustomizer@e4487af, org.springframework.boot.test.mock.mockito.MockitoContextCustomizer@0, org.springframework.boot.test.web.client.TestRestTemplateContextCustomizer@1ebd319f, org.springframework.boot.test.autoconfigure.properties.PropertyMappingContextCustomizer@0, org.springframework.boot.test.autoconfigure.web.servlet.WebDriverContextCustomizerFactory$Customizer@4470f8a6], resourceBasePath = 'src/main/webapp', contextLoader = 'org.springframework.boot.test.context.SpringBootContextLoader', parent = [null]], attributes = map['org.springframework.test.context.web.ServletTestExecutionListener.activateListener' -> true, 'org.springframework.test.context.web.ServletTestExecutionListener.populatedRequestContextHolder' -> true, 'org.springframework.test.context.web.ServletTestExecutionListener.resetRequestContextHolder' -> true]]
2018-07-04 22:10:13.834 [Thread-2] INFO  o.s.w.context.support.GenericWebApplicationContext Line:993 ----------------> Closing org.springframework.web.context.support.GenericWebApplicationContext@2ef8a8c3: startup date [Wed Jul 04 22:10:04 CST 2018]; root of context hierarchy
2018-07-04 22:10:13.853 [Thread-2] INFO  com.zaxxer.hikari.HikariDataSource Line:381 ----------------> mysqldatasource - Shutdown initiated...
2018-07-04 22:10:13.904 [Thread-2] INFO  com.zaxxer.hikari.HikariDataSource Line:383 ----------------> mysqldatasource - Shutdown completed.
