2018-11-14 11:57:22.892 [restartedMain] INFO  com.Application Line:50 ----------------> Starting Application on lgj-Lenovo-G470 with PID 29719 (/home/lgj/aProject/Redis/Redis/target/classes started by lgj in /home/lgj/aProject/Redis/Redis)
2018-11-14 11:57:22.896 [restartedMain] INFO  com.Application Line:659 ----------------> No active profile set, falling back to default profiles: default
2018-11-14 11:57:22.976 [restartedMain] INFO  o.s.b.w.s.c.AnnotationConfigServletWebServerApplicationContext Line:590 ----------------> Refreshing org.springframework.boot.web.servlet.context.AnnotationConfigServletWebServerApplicationContext@6db184df: startup date [Wed Nov 14 11:57:22 CST 2018]; root of context hierarchy
2018-11-14 11:57:26.829 [restartedMain] WARN  org.mybatis.spring.mapper.ClassPathMapperScanner Line:166 ----------------> No MyBatis mapper was found in '[com]' package. Please check your configuration.
2018-11-14 11:57:26.867 [restartedMain] INFO  o.s.d.r.config.RepositoryConfigurationDelegate Line:163 ----------------> Multiple Spring Data modules found, entering strict repository configuration mode!
2018-11-14 11:57:27.586 [restartedMain] INFO  o.s.c.s.PostProcessorRegistrationDelegate$BeanPostProcessorChecker Line:328 ----------------> Bean 'org.springframework.transaction.annotation.ProxyTransactionManagementConfiguration' of type [org.springframework.transaction.annotation.ProxyTransactionManagementConfiguration$$EnhancerBySpringCGLIB$$b94cb773] is not eligible for getting processed by all BeanPostProcessors (for example: not eligible for auto-proxying)
2018-11-14 11:57:27.965 [restartedMain] INFO  org.xnio Line:104 ----------------> XNIO version 3.3.8.Final
2018-11-14 11:57:28.007 [restartedMain] INFO  org.xnio.nio Line:55 ----------------> XNIO NIO Implementation Version 3.3.8.Final
2018-11-14 11:57:28.030 [restartedMain] WARN  io.undertow.websockets.jsr Line:67 ----------------> UT026009: XNIO worker was not set on WebSocketDeploymentInfo, the default worker will be used
2018-11-14 11:57:28.030 [restartedMain] WARN  io.undertow.websockets.jsr Line:76 ----------------> UT026010: Buffer pool was not set on WebSocketDeploymentInfo, the default pool will be used
2018-11-14 11:57:28.051 [restartedMain] INFO  io.undertow.servlet Line:360 ----------------> Initializing Spring embedded WebApplicationContext
2018-11-14 11:57:28.053 [restartedMain] INFO  org.springframework.web.context.ContextLoader Line:285 ----------------> Root WebApplicationContext: initialization completed in 5077 ms
2018-11-14 11:57:28.246 [restartedMain] INFO  o.s.boot.web.servlet.ServletRegistrationBean Line:186 ----------------> Servlet dispatcherServlet mapped to [/]
2018-11-14 11:57:28.253 [restartedMain] INFO  o.s.boot.web.servlet.FilterRegistrationBean Line:245 ----------------> Mapping filter: 'characterEncodingFilter' to: [/*]
2018-11-14 11:57:28.254 [restartedMain] INFO  o.s.boot.web.servlet.FilterRegistrationBean Line:245 ----------------> Mapping filter: 'hiddenHttpMethodFilter' to: [/*]
2018-11-14 11:57:28.255 [restartedMain] INFO  o.s.boot.web.servlet.FilterRegistrationBean Line:245 ----------------> Mapping filter: 'httpPutFormContentFilter' to: [/*]
2018-11-14 11:57:28.255 [restartedMain] INFO  o.s.boot.web.servlet.FilterRegistrationBean Line:245 ----------------> Mapping filter: 'requestContextFilter' to: [/*]
2018-11-14 11:57:28.982 [restartedMain] INFO  o.s.w.s.m.m.a.RequestMappingHandlerMapping Line:547 ----------------> Mapped "{[/swagger-resources/configuration/ui]}" onto public org.springframework.http.ResponseEntity<springfox.documentation.swagger.web.UiConfiguration> springfox.documentation.swagger.web.ApiResourceController.uiConfiguration()
2018-11-14 11:57:28.983 [restartedMain] INFO  o.s.w.s.m.m.a.RequestMappingHandlerMapping Line:547 ----------------> Mapped "{[/swagger-resources]}" onto public org.springframework.http.ResponseEntity<java.util.List<springfox.documentation.swagger.web.SwaggerResource>> springfox.documentation.swagger.web.ApiResourceController.swaggerResources()
2018-11-14 11:57:28.984 [restartedMain] INFO  o.s.w.s.m.m.a.RequestMappingHandlerMapping Line:547 ----------------> Mapped "{[/swagger-resources/configuration/security]}" onto public org.springframework.http.ResponseEntity<springfox.documentation.swagger.web.SecurityConfiguration> springfox.documentation.swagger.web.ApiResourceController.securityConfiguration()
2018-11-14 11:57:28.990 [restartedMain] INFO  o.s.w.s.m.m.a.RequestMappingHandlerMapping Line:547 ----------------> Mapped "{[/error],produces=[text/html]}" onto public org.springframework.web.servlet.ModelAndView org.springframework.boot.autoconfigure.web.servlet.error.BasicErrorController.errorHtml(javax.servlet.http.HttpServletRequest,javax.servlet.http.HttpServletResponse)
2018-11-14 11:57:28.991 [restartedMain] INFO  o.s.w.s.m.m.a.RequestMappingHandlerMapping Line:547 ----------------> Mapped "{[/error]}" onto public org.springframework.http.ResponseEntity<java.util.Map<java.lang.String, java.lang.Object>> org.springframework.boot.autoconfigure.web.servlet.error.BasicErrorController.error(javax.servlet.http.HttpServletRequest)
2018-11-14 11:57:29.180 [restartedMain] INFO  s.d.s.w.PropertySourcedRequestMappingHandlerMapping Line:69 ----------------> Mapped URL path [/v2/api-docs] onto method [public org.springframework.http.ResponseEntity<springfox.documentation.spring.web.json.Json> springfox.documentation.swagger2.web.Swagger2Controller.getDocumentation(java.lang.String,javax.servlet.http.HttpServletRequest)]
2018-11-14 11:57:29.362 [restartedMain] INFO  o.s.web.servlet.handler.SimpleUrlHandlerMapping Line:373 ----------------> Mapped URL path [/**/favicon.ico] onto handler of type [class org.springframework.web.servlet.resource.ResourceHttpRequestHandler]
2018-11-14 11:57:29.541 [restartedMain] INFO  o.s.w.s.m.m.a.RequestMappingHandlerAdapter Line:574 ----------------> Looking for @ControllerAdvice: org.springframework.boot.web.servlet.context.AnnotationConfigServletWebServerApplicationContext@6db184df: startup date [Wed Nov 14 11:57:22 CST 2018]; root of context hierarchy
2018-11-14 11:57:29.594 [restartedMain] INFO  o.s.web.servlet.handler.SimpleUrlHandlerMapping Line:373 ----------------> Mapped URL path [/webjars/**] onto handler of type [class org.springframework.web.servlet.resource.ResourceHttpRequestHandler]
2018-11-14 11:57:29.594 [restartedMain] INFO  o.s.web.servlet.handler.SimpleUrlHandlerMapping Line:373 ----------------> Mapped URL path [/**] onto handler of type [class org.springframework.web.servlet.resource.ResourceHttpRequestHandler]
2018-11-14 11:57:30.455 [restartedMain] INFO  o.s.b.d.autoconfigure.OptionalLiveReloadServer Line:57 ----------------> LiveReload server is running on port 35729
2018-11-14 11:57:30.500 [restartedMain] INFO  o.s.jmx.export.annotation.AnnotationMBeanExporter Line:433 ----------------> Registering beans for JMX exposure on startup
2018-11-14 11:57:30.503 [restartedMain] INFO  o.s.jmx.export.annotation.AnnotationMBeanExporter Line:895 ----------------> Bean with name 'dataSource' has been autodetected for JMX exposure
2018-11-14 11:57:30.512 [restartedMain] INFO  o.s.jmx.export.annotation.AnnotationMBeanExporter Line:668 ----------------> Located MBean 'dataSource': registering with JMX server as MBean [com.zaxxer.hikari:name=dataSource,type=HikariDataSource]
2018-11-14 11:57:30.517 [restartedMain] INFO  o.s.context.support.DefaultLifecycleProcessor Line:351 ----------------> Starting beans in phase 2147483647
2018-11-14 11:57:30.518 [restartedMain] INFO  s.d.s.web.plugins.DocumentationPluginsBootstrapper Line:160 ----------------> Context refreshed
2018-11-14 11:57:30.534 [restartedMain] INFO  s.d.s.web.plugins.DocumentationPluginsBootstrapper Line:163 ----------------> Found 1 custom documentation plugin(s)
2018-11-14 11:57:30.561 [restartedMain] INFO  s.d.spring.web.scanners.ApiListingReferenceScanner Line:41 ----------------> Scanning for api listing references
2018-11-14 11:57:30.690 [restartedMain] INFO  o.s.b.w.embedded.undertow.UndertowServletWebServer Line:148 ----------------> Undertow started on port(s) 8080 (http) with context path '/spring/boot'
2018-11-14 11:57:30.698 [restartedMain] INFO  com.Application Line:59 ----------------> Started Application in 9.107 seconds (JVM running for 12.782)
2018-11-14 11:58:03.831 [Thread-8] INFO  o.s.b.w.s.c.AnnotationConfigServletWebServerApplicationContext Line:993 ----------------> Closing org.springframework.boot.web.servlet.context.AnnotationConfigServletWebServerApplicationContext@6db184df: startup date [Wed Nov 14 11:57:22 CST 2018]; root of context hierarchy
2018-11-14 11:58:03.836 [Thread-8] INFO  o.s.context.support.DefaultLifecycleProcessor Line:366 ----------------> Stopping beans in phase 2147483647
2018-11-14 11:58:03.883 [Thread-8] INFO  o.s.jmx.export.annotation.AnnotationMBeanExporter Line:451 ----------------> Unregistering JMX-exposed beans on shutdown
2018-11-14 11:58:03.884 [Thread-8] INFO  o.s.jmx.export.annotation.AnnotationMBeanExporter Line:183 ----------------> Unregistering JMX-exposed beans
2018-11-14 11:58:10.869 [restartedMain] INFO  com.Application Line:50 ----------------> Starting Application on lgj-Lenovo-G470 with PID 29902 (/home/lgj/aProject/Redis/Redis/target/classes started by lgj in /home/lgj/aProject/Redis/Redis)
2018-11-14 11:58:10.874 [restartedMain] INFO  com.Application Line:659 ----------------> No active profile set, falling back to default profiles: default
2018-11-14 11:58:10.975 [restartedMain] INFO  o.s.b.w.s.c.AnnotationConfigServletWebServerApplicationContext Line:590 ----------------> Refreshing org.springframework.boot.web.servlet.context.AnnotationConfigServletWebServerApplicationContext@6312cc91: startup date [Wed Nov 14 11:58:10 CST 2018]; root of context hierarchy
2018-11-14 15:27:14.982 [restartedMain] INFO  com.Application Line:50 ----------------> Starting Application on lgj-Lenovo-G470 with PID 3529 (/home/lgj/aProject/Redis/Redis/target/classes started by lgj in /home/lgj/aProject/Redis/Redis)
2018-11-14 15:27:14.985 [restartedMain] INFO  com.Application Line:659 ----------------> No active profile set, falling back to default profiles: default
2018-11-14 15:27:15.080 [restartedMain] INFO  o.s.b.w.s.c.AnnotationConfigServletWebServerApplicationContext Line:590 ----------------> Refreshing org.springframework.boot.web.servlet.context.AnnotationConfigServletWebServerApplicationContext@5034f70e: startup date [Wed Nov 14 15:27:15 CST 2018]; root of context hierarchy
2018-11-14 15:27:34.351 [restartedMain] INFO  com.Application Line:50 ----------------> Starting Application on lgj-Lenovo-G470 with PID 3639 (/home/lgj/aProject/Redis/Redis/target/classes started by lgj in /home/lgj/aProject/Redis/Redis)
2018-11-14 15:27:34.356 [restartedMain] INFO  com.Application Line:659 ----------------> No active profile set, falling back to default profiles: default
2018-11-14 15:27:34.489 [restartedMain] INFO  o.s.b.w.s.c.AnnotationConfigServletWebServerApplicationContext Line:590 ----------------> Refreshing org.springframework.boot.web.servlet.context.AnnotationConfigServletWebServerApplicationContext@2823c4d0: startup date [Wed Nov 14 15:27:34 CST 2018]; root of context hierarchy
2018-11-14 15:27:39.766 [restartedMain] WARN  org.mybatis.spring.mapper.ClassPathMapperScanner Line:166 ----------------> No MyBatis mapper was found in '[com]' package. Please check your configuration.
2018-11-14 15:27:39.844 [restartedMain] INFO  o.s.d.r.config.RepositoryConfigurationDelegate Line:163 ----------------> Multiple Spring Data modules found, entering strict repository configuration mode!
2018-11-14 15:27:40.891 [restartedMain] INFO  o.s.c.s.PostProcessorRegistrationDelegate$BeanPostProcessorChecker Line:328 ----------------> Bean 'org.springframework.transaction.annotation.ProxyTransactionManagementConfiguration' of type [org.springframework.transaction.annotation.ProxyTransactionManagementConfiguration$$EnhancerBySpringCGLIB$$571e1ae8] is not eligible for getting processed by all BeanPostProcessors (for example: not eligible for auto-proxying)
2018-11-14 15:27:41.290 [restartedMain] INFO  org.xnio Line:104 ----------------> XNIO version 3.3.8.Final
2018-11-14 15:27:41.304 [restartedMain] INFO  org.xnio.nio Line:55 ----------------> XNIO NIO Implementation Version 3.3.8.Final
2018-11-14 15:27:41.325 [restartedMain] WARN  io.undertow.websockets.jsr Line:67 ----------------> UT026009: XNIO worker was not set on WebSocketDeploymentInfo, the default worker will be used
2018-11-14 15:27:41.325 [restartedMain] WARN  io.undertow.websockets.jsr Line:76 ----------------> UT026010: Buffer pool was not set on WebSocketDeploymentInfo, the default pool will be used
2018-11-14 15:27:41.347 [restartedMain] INFO  io.undertow.servlet Line:360 ----------------> Initializing Spring embedded WebApplicationContext
2018-11-14 15:27:41.347 [restartedMain] INFO  org.springframework.web.context.ContextLoader Line:285 ----------------> Root WebApplicationContext: initialization completed in 6859 ms
2018-11-14 15:27:41.490 [restartedMain] INFO  o.s.boot.web.servlet.ServletRegistrationBean Line:186 ----------------> Servlet dispatcherServlet mapped to [/]
2018-11-14 15:27:41.494 [restartedMain] INFO  o.s.boot.web.servlet.FilterRegistrationBean Line:245 ----------------> Mapping filter: 'characterEncodingFilter' to: [/*]
2018-11-14 15:27:41.495 [restartedMain] INFO  o.s.boot.web.servlet.FilterRegistrationBean Line:245 ----------------> Mapping filter: 'hiddenHttpMethodFilter' to: [/*]
2018-11-14 15:27:41.496 [restartedMain] INFO  o.s.boot.web.servlet.FilterRegistrationBean Line:245 ----------------> Mapping filter: 'httpPutFormContentFilter' to: [/*]
2018-11-14 15:27:41.496 [restartedMain] INFO  o.s.boot.web.servlet.FilterRegistrationBean Line:245 ----------------> Mapping filter: 'requestContextFilter' to: [/*]
2018-11-14 15:27:42.409 [restartedMain] INFO  o.s.w.s.m.m.a.RequestMappingHandlerMapping Line:547 ----------------> Mapped "{[/swagger-resources]}" onto public org.springframework.http.ResponseEntity<java.util.List<springfox.documentation.swagger.web.SwaggerResource>> springfox.documentation.swagger.web.ApiResourceController.swaggerResources()
2018-11-14 15:27:42.411 [restartedMain] INFO  o.s.w.s.m.m.a.RequestMappingHandlerMapping Line:547 ----------------> Mapped "{[/swagger-resources/configuration/security]}" onto public org.springframework.http.ResponseEntity<springfox.documentation.swagger.web.SecurityConfiguration> springfox.documentation.swagger.web.ApiResourceController.securityConfiguration()
2018-11-14 15:27:42.414 [restartedMain] INFO  o.s.w.s.m.m.a.RequestMappingHandlerMapping Line:547 ----------------> Mapped "{[/swagger-resources/configuration/ui]}" onto public org.springframework.http.ResponseEntity<springfox.documentation.swagger.web.UiConfiguration> springfox.documentation.swagger.web.ApiResourceController.uiConfiguration()
2018-11-14 15:27:42.423 [restartedMain] INFO  o.s.w.s.m.m.a.RequestMappingHandlerMapping Line:547 ----------------> Mapped "{[/error],produces=[text/html]}" onto public org.springframework.web.servlet.ModelAndView org.springframework.boot.autoconfigure.web.servlet.error.BasicErrorController.errorHtml(javax.servlet.http.HttpServletRequest,javax.servlet.http.HttpServletResponse)
2018-11-14 15:27:42.424 [restartedMain] INFO  o.s.w.s.m.m.a.RequestMappingHandlerMapping Line:547 ----------------> Mapped "{[/error]}" onto public org.springframework.http.ResponseEntity<java.util.Map<java.lang.String, java.lang.Object>> org.springframework.boot.autoconfigure.web.servlet.error.BasicErrorController.error(javax.servlet.http.HttpServletRequest)
2018-11-14 15:27:42.640 [restartedMain] INFO  s.d.s.w.PropertySourcedRequestMappingHandlerMapping Line:69 ----------------> Mapped URL path [/v2/api-docs] onto method [public org.springframework.http.ResponseEntity<springfox.documentation.spring.web.json.Json> springfox.documentation.swagger2.web.Swagger2Controller.getDocumentation(java.lang.String,javax.servlet.http.HttpServletRequest)]
2018-11-14 15:27:42.749 [restartedMain] INFO  o.s.web.servlet.handler.SimpleUrlHandlerMapping Line:373 ----------------> Mapped URL path [/**/favicon.ico] onto handler of type [class org.springframework.web.servlet.resource.ResourceHttpRequestHandler]
2018-11-14 15:27:42.964 [restartedMain] INFO  o.s.w.s.m.m.a.RequestMappingHandlerAdapter Line:574 ----------------> Looking for @ControllerAdvice: org.springframework.boot.web.servlet.context.AnnotationConfigServletWebServerApplicationContext@2823c4d0: startup date [Wed Nov 14 15:27:34 CST 2018]; root of context hierarchy
2018-11-14 15:27:43.027 [restartedMain] INFO  o.s.web.servlet.handler.SimpleUrlHandlerMapping Line:373 ----------------> Mapped URL path [/webjars/**] onto handler of type [class org.springframework.web.servlet.resource.ResourceHttpRequestHandler]
2018-11-14 15:27:43.028 [restartedMain] INFO  o.s.web.servlet.handler.SimpleUrlHandlerMapping Line:373 ----------------> Mapped URL path [/**] onto handler of type [class org.springframework.web.servlet.resource.ResourceHttpRequestHandler]
2018-11-14 15:27:43.914 [restartedMain] INFO  o.s.b.d.autoconfigure.OptionalLiveReloadServer Line:57 ----------------> LiveReload server is running on port 35729
2018-11-14 15:27:43.967 [restartedMain] INFO  o.s.jmx.export.annotation.AnnotationMBeanExporter Line:433 ----------------> Registering beans for JMX exposure on startup
2018-11-14 15:27:43.971 [restartedMain] INFO  o.s.jmx.export.annotation.AnnotationMBeanExporter Line:895 ----------------> Bean with name 'dataSource' has been autodetected for JMX exposure
2018-11-14 15:27:43.983 [restartedMain] INFO  o.s.jmx.export.annotation.AnnotationMBeanExporter Line:668 ----------------> Located MBean 'dataSource': registering with JMX server as MBean [com.zaxxer.hikari:name=dataSource,type=HikariDataSource]
2018-11-14 15:27:43.989 [restartedMain] INFO  o.s.context.support.DefaultLifecycleProcessor Line:351 ----------------> Starting beans in phase 2147483647
2018-11-14 15:27:43.989 [restartedMain] INFO  s.d.s.web.plugins.DocumentationPluginsBootstrapper Line:160 ----------------> Context refreshed
2018-11-14 15:27:44.006 [restartedMain] INFO  s.d.s.web.plugins.DocumentationPluginsBootstrapper Line:163 ----------------> Found 1 custom documentation plugin(s)
2018-11-14 15:27:44.039 [restartedMain] INFO  s.d.spring.web.scanners.ApiListingReferenceScanner Line:41 ----------------> Scanning for api listing references
2018-11-14 15:27:44.134 [restartedMain] INFO  o.s.b.w.embedded.undertow.UndertowServletWebServer Line:148 ----------------> Undertow started on port(s) 8080 (http) with context path '/spring/boot'
2018-11-14 15:27:44.143 [restartedMain] INFO  com.Application Line:59 ----------------> Started Application in 10.983 seconds (JVM running for 13.408)
2018-11-14 16:34:56.655 [Thread-8] INFO  o.s.b.w.s.c.AnnotationConfigServletWebServerApplicationContext Line:993 ----------------> Closing org.springframework.boot.web.servlet.context.AnnotationConfigServletWebServerApplicationContext@2823c4d0: startup date [Wed Nov 14 15:27:34 CST 2018]; root of context hierarchy
2018-11-14 16:34:56.660 [Thread-8] INFO  o.s.context.support.DefaultLifecycleProcessor Line:366 ----------------> Stopping beans in phase 2147483647
2018-11-14 16:34:56.671 [Thread-8] INFO  o.s.jmx.export.annotation.AnnotationMBeanExporter Line:451 ----------------> Unregistering JMX-exposed beans on shutdown
2018-11-14 16:34:56.673 [Thread-8] INFO  o.s.jmx.export.annotation.AnnotationMBeanExporter Line:183 ----------------> Unregistering JMX-exposed beans
2018-11-14 16:35:09.925 [restartedMain] INFO  com.Application Line:50 ----------------> Starting Application on lgj-Lenovo-G470 with PID 6134 (/home/lgj/aProject/Redis/Redis/target/classes started by lgj in /home/lgj/aProject/Redis/Redis)
2018-11-14 16:35:09.929 [restartedMain] INFO  com.Application Line:659 ----------------> No active profile set, falling back to default profiles: default
2018-11-14 16:35:10.030 [restartedMain] INFO  o.s.b.w.s.c.AnnotationConfigServletWebServerApplicationContext Line:590 ----------------> Refreshing org.springframework.boot.web.servlet.context.AnnotationConfigServletWebServerApplicationContext@36428c77: startup date [Wed Nov 14 16:35:10 CST 2018]; root of context hierarchy
2018-11-14 16:35:13.215 [restartedMain] WARN  org.mybatis.spring.mapper.ClassPathMapperScanner Line:166 ----------------> No MyBatis mapper was found in '[com]' package. Please check your configuration.
2018-11-14 16:35:13.268 [restartedMain] INFO  o.s.d.r.config.RepositoryConfigurationDelegate Line:163 ----------------> Multiple Spring Data modules found, entering strict repository configuration mode!
2018-11-14 16:35:14.221 [restartedMain] INFO  o.s.c.s.PostProcessorRegistrationDelegate$BeanPostProcessorChecker Line:328 ----------------> Bean 'org.springframework.transaction.annotation.ProxyTransactionManagementConfiguration' of type [org.springframework.transaction.annotation.ProxyTransactionManagementConfiguration$$EnhancerBySpringCGLIB$$fed62dd0] is not eligible for getting processed by all BeanPostProcessors (for example: not eligible for auto-proxying)
2018-11-14 16:35:14.561 [restartedMain] INFO  org.xnio Line:104 ----------------> XNIO version 3.3.8.Final
2018-11-14 16:35:14.574 [restartedMain] INFO  org.xnio.nio Line:55 ----------------> XNIO NIO Implementation Version 3.3.8.Final
2018-11-14 16:35:14.598 [restartedMain] WARN  io.undertow.websockets.jsr Line:67 ----------------> UT026009: XNIO worker was not set on WebSocketDeploymentInfo, the default worker will be used
2018-11-14 16:35:14.598 [restartedMain] WARN  io.undertow.websockets.jsr Line:76 ----------------> UT026010: Buffer pool was not set on WebSocketDeploymentInfo, the default pool will be used
2018-11-14 16:35:14.620 [restartedMain] INFO  io.undertow.servlet Line:360 ----------------> Initializing Spring embedded WebApplicationContext
2018-11-14 16:35:14.620 [restartedMain] INFO  org.springframework.web.context.ContextLoader Line:285 ----------------> Root WebApplicationContext: initialization completed in 4590 ms
2018-11-14 16:35:14.780 [restartedMain] INFO  o.s.boot.web.servlet.ServletRegistrationBean Line:186 ----------------> Servlet dispatcherServlet mapped to [/]
2018-11-14 16:35:14.785 [restartedMain] INFO  o.s.boot.web.servlet.FilterRegistrationBean Line:245 ----------------> Mapping filter: 'characterEncodingFilter' to: [/*]
2018-11-14 16:35:14.787 [restartedMain] INFO  o.s.boot.web.servlet.FilterRegistrationBean Line:245 ----------------> Mapping filter: 'hiddenHttpMethodFilter' to: [/*]
2018-11-14 16:35:14.787 [restartedMain] INFO  o.s.boot.web.servlet.FilterRegistrationBean Line:245 ----------------> Mapping filter: 'httpPutFormContentFilter' to: [/*]
2018-11-14 16:35:14.787 [restartedMain] INFO  o.s.boot.web.servlet.FilterRegistrationBean Line:245 ----------------> Mapping filter: 'requestContextFilter' to: [/*]
2018-11-14 16:35:15.545 [restartedMain] INFO  o.s.w.s.m.m.a.RequestMappingHandlerMapping Line:547 ----------------> Mapped "{[/swagger-resources]}" onto public org.springframework.http.ResponseEntity<java.util.List<springfox.documentation.swagger.web.SwaggerResource>> springfox.documentation.swagger.web.ApiResourceController.swaggerResources()
2018-11-14 16:35:15.547 [restartedMain] INFO  o.s.w.s.m.m.a.RequestMappingHandlerMapping Line:547 ----------------> Mapped "{[/swagger-resources/configuration/security]}" onto public org.springframework.http.ResponseEntity<springfox.documentation.swagger.web.SecurityConfiguration> springfox.documentation.swagger.web.ApiResourceController.securityConfiguration()
2018-11-14 16:35:15.548 [restartedMain] INFO  o.s.w.s.m.m.a.RequestMappingHandlerMapping Line:547 ----------------> Mapped "{[/swagger-resources/configuration/ui]}" onto public org.springframework.http.ResponseEntity<springfox.documentation.swagger.web.UiConfiguration> springfox.documentation.swagger.web.ApiResourceController.uiConfiguration()
2018-11-14 16:35:15.554 [restartedMain] INFO  o.s.w.s.m.m.a.RequestMappingHandlerMapping Line:547 ----------------> Mapped "{[/error],produces=[text/html]}" onto public org.springframework.web.servlet.ModelAndView org.springframework.boot.autoconfigure.web.servlet.error.BasicErrorController.errorHtml(javax.servlet.http.HttpServletRequest,javax.servlet.http.HttpServletResponse)
2018-11-14 16:35:15.555 [restartedMain] INFO  o.s.w.s.m.m.a.RequestMappingHandlerMapping Line:547 ----------------> Mapped "{[/error]}" onto public org.springframework.http.ResponseEntity<java.util.Map<java.lang.String, java.lang.Object>> org.springframework.boot.autoconfigure.web.servlet.error.BasicErrorController.error(javax.servlet.http.HttpServletRequest)
2018-11-14 16:35:15.751 [restartedMain] INFO  s.d.s.w.PropertySourcedRequestMappingHandlerMapping Line:69 ----------------> Mapped URL path [/v2/api-docs] onto method [public org.springframework.http.ResponseEntity<springfox.documentation.spring.web.json.Json> springfox.documentation.swagger2.web.Swagger2Controller.getDocumentation(java.lang.String,javax.servlet.http.HttpServletRequest)]
2018-11-14 16:35:15.861 [restartedMain] INFO  o.s.web.servlet.handler.SimpleUrlHandlerMapping Line:373 ----------------> Mapped URL path [/**/favicon.ico] onto handler of type [class org.springframework.web.servlet.resource.ResourceHttpRequestHandler]
2018-11-14 16:35:16.066 [restartedMain] INFO  o.s.w.s.m.m.a.RequestMappingHandlerAdapter Line:574 ----------------> Looking for @ControllerAdvice: org.springframework.boot.web.servlet.context.AnnotationConfigServletWebServerApplicationContext@36428c77: startup date [Wed Nov 14 16:35:10 CST 2018]; root of context hierarchy
2018-11-14 16:35:16.126 [restartedMain] INFO  o.s.web.servlet.handler.SimpleUrlHandlerMapping Line:373 ----------------> Mapped URL path [/webjars/**] onto handler of type [class org.springframework.web.servlet.resource.ResourceHttpRequestHandler]
2018-11-14 16:35:16.127 [restartedMain] INFO  o.s.web.servlet.handler.SimpleUrlHandlerMapping Line:373 ----------------> Mapped URL path [/**] onto handler of type [class org.springframework.web.servlet.resource.ResourceHttpRequestHandler]
2018-11-14 16:35:16.918 [restartedMain] INFO  o.s.b.d.autoconfigure.OptionalLiveReloadServer Line:57 ----------------> LiveReload server is running on port 35729
2018-11-14 16:35:16.974 [restartedMain] INFO  o.s.jmx.export.annotation.AnnotationMBeanExporter Line:433 ----------------> Registering beans for JMX exposure on startup
2018-11-14 16:35:16.978 [restartedMain] INFO  o.s.jmx.export.annotation.AnnotationMBeanExporter Line:895 ----------------> Bean with name 'dataSource' has been autodetected for JMX exposure
2018-11-14 16:35:16.988 [restartedMain] INFO  o.s.jmx.export.annotation.AnnotationMBeanExporter Line:668 ----------------> Located MBean 'dataSource': registering with JMX server as MBean [com.zaxxer.hikari:name=dataSource,type=HikariDataSource]
2018-11-14 16:35:16.994 [restartedMain] INFO  o.s.context.support.DefaultLifecycleProcessor Line:351 ----------------> Starting beans in phase 2147483647
2018-11-14 16:35:16.994 [restartedMain] INFO  s.d.s.web.plugins.DocumentationPluginsBootstrapper Line:160 ----------------> Context refreshed
2018-11-14 16:35:17.010 [restartedMain] INFO  s.d.s.web.plugins.DocumentationPluginsBootstrapper Line:163 ----------------> Found 1 custom documentation plugin(s)
2018-11-14 16:35:17.040 [restartedMain] INFO  s.d.spring.web.scanners.ApiListingReferenceScanner Line:41 ----------------> Scanning for api listing references
2018-11-14 16:35:17.138 [restartedMain] INFO  o.s.b.w.embedded.undertow.UndertowServletWebServer Line:148 ----------------> Undertow started on port(s) 8080 (http) with context path '/spring/boot'
2018-11-14 16:35:17.145 [restartedMain] INFO  com.Application Line:59 ----------------> Started Application in 8.485 seconds (JVM running for 10.323)
2018-11-14 16:35:35.016 [Thread-8] INFO  o.s.b.w.s.c.AnnotationConfigServletWebServerApplicationContext Line:993 ----------------> Closing org.springframework.boot.web.servlet.context.AnnotationConfigServletWebServerApplicationContext@36428c77: startup date [Wed Nov 14 16:35:10 CST 2018]; root of context hierarchy
2018-11-14 16:35:35.024 [Thread-8] INFO  o.s.context.support.DefaultLifecycleProcessor Line:366 ----------------> Stopping beans in phase 2147483647
2018-11-14 16:35:35.033 [Thread-8] INFO  o.s.jmx.export.annotation.AnnotationMBeanExporter Line:451 ----------------> Unregistering JMX-exposed beans on shutdown
2018-11-14 16:35:35.035 [Thread-8] INFO  o.s.jmx.export.annotation.AnnotationMBeanExporter Line:183 ----------------> Unregistering JMX-exposed beans
2018-11-14 16:35:39.616 [restartedMain] INFO  com.Application Line:50 ----------------> Starting Application on lgj-Lenovo-G470 with PID 6285 (/home/lgj/aProject/Redis/Redis/target/classes started by lgj in /home/lgj/aProject/Redis/Redis)
2018-11-14 16:35:39.624 [restartedMain] INFO  com.Application Line:659 ----------------> No active profile set, falling back to default profiles: default
2018-11-14 16:35:39.740 [restartedMain] INFO  o.s.b.w.s.c.AnnotationConfigServletWebServerApplicationContext Line:590 ----------------> Refreshing org.springframework.boot.web.servlet.context.AnnotationConfigServletWebServerApplicationContext@420aa641: startup date [Wed Nov 14 16:35:39 CST 2018]; root of context hierarchy
2018-11-14 16:35:43.332 [restartedMain] WARN  org.mybatis.spring.mapper.ClassPathMapperScanner Line:166 ----------------> No MyBatis mapper was found in '[com]' package. Please check your configuration.
2018-11-14 16:35:43.379 [restartedMain] INFO  o.s.d.r.config.RepositoryConfigurationDelegate Line:163 ----------------> Multiple Spring Data modules found, entering strict repository configuration mode!
2018-11-14 16:35:44.159 [restartedMain] INFO  o.s.c.s.PostProcessorRegistrationDelegate$BeanPostProcessorChecker Line:328 ----------------> Bean 'org.springframework.transaction.annotation.ProxyTransactionManagementConfiguration' of type [org.springframework.transaction.annotation.ProxyTransactionManagementConfiguration$$EnhancerBySpringCGLIB$$aee4e73b] is not eligible for getting processed by all BeanPostProcessors (for example: not eligible for auto-proxying)
2018-11-14 16:35:44.486 [restartedMain] INFO  org.xnio Line:104 ----------------> XNIO version 3.3.8.Final
2018-11-14 16:35:44.499 [restartedMain] INFO  org.xnio.nio Line:55 ----------------> XNIO NIO Implementation Version 3.3.8.Final
2018-11-14 16:35:44.525 [restartedMain] WARN  io.undertow.websockets.jsr Line:67 ----------------> UT026009: XNIO worker was not set on WebSocketDeploymentInfo, the default worker will be used
2018-11-14 16:35:44.525 [restartedMain] WARN  io.undertow.websockets.jsr Line:76 ----------------> UT026010: Buffer pool was not set on WebSocketDeploymentInfo, the default pool will be used
2018-11-14 16:35:44.550 [restartedMain] INFO  io.undertow.servlet Line:360 ----------------> Initializing Spring embedded WebApplicationContext
2018-11-14 16:35:44.551 [restartedMain] INFO  org.springframework.web.context.ContextLoader Line:285 ----------------> Root WebApplicationContext: initialization completed in 4811 ms
2018-11-14 16:35:44.693 [restartedMain] INFO  o.s.boot.web.servlet.ServletRegistrationBean Line:186 ----------------> Servlet dispatcherServlet mapped to [/]
2018-11-14 16:35:44.699 [restartedMain] INFO  o.s.boot.web.servlet.FilterRegistrationBean Line:245 ----------------> Mapping filter: 'characterEncodingFilter' to: [/*]
2018-11-14 16:35:44.702 [restartedMain] INFO  o.s.boot.web.servlet.FilterRegistrationBean Line:245 ----------------> Mapping filter: 'hiddenHttpMethodFilter' to: [/*]
2018-11-14 16:35:44.703 [restartedMain] INFO  o.s.boot.web.servlet.FilterRegistrationBean Line:245 ----------------> Mapping filter: 'httpPutFormContentFilter' to: [/*]
2018-11-14 16:35:44.704 [restartedMain] INFO  o.s.boot.web.servlet.FilterRegistrationBean Line:245 ----------------> Mapping filter: 'requestContextFilter' to: [/*]
2018-11-14 16:35:45.404 [restartedMain] INFO  o.s.w.s.m.m.a.RequestMappingHandlerMapping Line:547 ----------------> Mapped "{[/swagger-resources]}" onto public org.springframework.http.ResponseEntity<java.util.List<springfox.documentation.swagger.web.SwaggerResource>> springfox.documentation.swagger.web.ApiResourceController.swaggerResources()
2018-11-14 16:35:45.405 [restartedMain] INFO  o.s.w.s.m.m.a.RequestMappingHandlerMapping Line:547 ----------------> Mapped "{[/swagger-resources/configuration/ui]}" onto public org.springframework.http.ResponseEntity<springfox.documentation.swagger.web.UiConfiguration> springfox.documentation.swagger.web.ApiResourceController.uiConfiguration()
2018-11-14 16:35:45.406 [restartedMain] INFO  o.s.w.s.m.m.a.RequestMappingHandlerMapping Line:547 ----------------> Mapped "{[/swagger-resources/configuration/security]}" onto public org.springframework.http.ResponseEntity<springfox.documentation.swagger.web.SecurityConfiguration> springfox.documentation.swagger.web.ApiResourceController.securityConfiguration()
2018-11-14 16:35:45.413 [restartedMain] INFO  o.s.w.s.m.m.a.RequestMappingHandlerMapping Line:547 ----------------> Mapped "{[/error],produces=[text/html]}" onto public org.springframework.web.servlet.ModelAndView org.springframework.boot.autoconfigure.web.servlet.error.BasicErrorController.errorHtml(javax.servlet.http.HttpServletRequest,javax.servlet.http.HttpServletResponse)
2018-11-14 16:35:45.414 [restartedMain] INFO  o.s.w.s.m.m.a.RequestMappingHandlerMapping Line:547 ----------------> Mapped "{[/error]}" onto public org.springframework.http.ResponseEntity<java.util.Map<java.lang.String, java.lang.Object>> org.springframework.boot.autoconfigure.web.servlet.error.BasicErrorController.error(javax.servlet.http.HttpServletRequest)
2018-11-14 16:35:45.610 [restartedMain] INFO  s.d.s.w.PropertySourcedRequestMappingHandlerMapping Line:69 ----------------> Mapped URL path [/v2/api-docs] onto method [public org.springframework.http.ResponseEntity<springfox.documentation.spring.web.json.Json> springfox.documentation.swagger2.web.Swagger2Controller.getDocumentation(java.lang.String,javax.servlet.http.HttpServletRequest)]
2018-11-14 16:35:45.725 [restartedMain] INFO  o.s.web.servlet.handler.SimpleUrlHandlerMapping Line:373 ----------------> Mapped URL path [/**/favicon.ico] onto handler of type [class org.springframework.web.servlet.resource.ResourceHttpRequestHandler]
2018-11-14 16:35:45.922 [restartedMain] INFO  o.s.w.s.m.m.a.RequestMappingHandlerAdapter Line:574 ----------------> Looking for @ControllerAdvice: org.springframework.boot.web.servlet.context.AnnotationConfigServletWebServerApplicationContext@420aa641: startup date [Wed Nov 14 16:35:39 CST 2018]; root of context hierarchy
2018-11-14 16:35:45.991 [restartedMain] INFO  o.s.web.servlet.handler.SimpleUrlHandlerMapping Line:373 ----------------> Mapped URL path [/webjars/**] onto handler of type [class org.springframework.web.servlet.resource.ResourceHttpRequestHandler]
2018-11-14 16:35:45.991 [restartedMain] INFO  o.s.web.servlet.handler.SimpleUrlHandlerMapping Line:373 ----------------> Mapped URL path [/**] onto handler of type [class org.springframework.web.servlet.resource.ResourceHttpRequestHandler]
2018-11-14 16:35:46.815 [restartedMain] INFO  o.s.b.d.autoconfigure.OptionalLiveReloadServer Line:57 ----------------> LiveReload server is running on port 35729
2018-11-14 16:35:46.868 [restartedMain] INFO  o.s.jmx.export.annotation.AnnotationMBeanExporter Line:433 ----------------> Registering beans for JMX exposure on startup
2018-11-14 16:35:46.871 [restartedMain] INFO  o.s.jmx.export.annotation.AnnotationMBeanExporter Line:895 ----------------> Bean with name 'dataSource' has been autodetected for JMX exposure
2018-11-14 16:35:46.882 [restartedMain] INFO  o.s.jmx.export.annotation.AnnotationMBeanExporter Line:668 ----------------> Located MBean 'dataSource': registering with JMX server as MBean [com.zaxxer.hikari:name=dataSource,type=HikariDataSource]
2018-11-14 16:35:46.888 [restartedMain] INFO  o.s.context.support.DefaultLifecycleProcessor Line:351 ----------------> Starting beans in phase 2147483647
2018-11-14 16:35:46.889 [restartedMain] INFO  s.d.s.web.plugins.DocumentationPluginsBootstrapper Line:160 ----------------> Context refreshed
2018-11-14 16:35:46.906 [restartedMain] INFO  s.d.s.web.plugins.DocumentationPluginsBootstrapper Line:163 ----------------> Found 1 custom documentation plugin(s)
2018-11-14 16:35:46.939 [restartedMain] INFO  s.d.spring.web.scanners.ApiListingReferenceScanner Line:41 ----------------> Scanning for api listing references
2018-11-14 16:35:47.079 [restartedMain] INFO  o.s.b.w.embedded.undertow.UndertowServletWebServer Line:148 ----------------> Undertow started on port(s) 8080 (http) with context path '/spring/boot'
2018-11-14 16:35:47.092 [restartedMain] INFO  com.Application Line:59 ----------------> Started Application in 8.596 seconds (JVM running for 10.673)
2018-11-14 16:39:42.470 [RMI TCP Connection(6)-127.0.0.1] WARN  javax.management.remote.misc Line:230 ----------------> The server has decided to close this client connection.
2018-11-14 16:39:42.472 [RMI TCP Connection(5)-127.0.0.1] WARN  javax.management.remote.misc Line:230 ----------------> The server has decided to close this client connection.
2018-11-14 16:39:42.541 [Thread-8] INFO  o.s.b.w.s.c.AnnotationConfigServletWebServerApplicationContext Line:993 ----------------> Closing org.springframework.boot.web.servlet.context.AnnotationConfigServletWebServerApplicationContext@420aa641: startup date [Wed Nov 14 16:35:39 CST 2018]; root of context hierarchy
2018-11-14 16:39:42.556 [Thread-8] INFO  o.s.context.support.DefaultLifecycleProcessor Line:366 ----------------> Stopping beans in phase 2147483647
2018-11-14 16:39:42.611 [Thread-8] INFO  o.s.jmx.export.annotation.AnnotationMBeanExporter Line:451 ----------------> Unregistering JMX-exposed beans on shutdown
2018-11-14 16:39:42.613 [Thread-8] INFO  o.s.jmx.export.annotation.AnnotationMBeanExporter Line:183 ----------------> Unregistering JMX-exposed beans
2018-11-14 16:39:47.111 [restartedMain] INFO  com.Application Line:50 ----------------> Starting Application on lgj-Lenovo-G470 with PID 6617 (/home/lgj/aProject/Redis/Redis/target/classes started by lgj in /home/lgj/aProject/Redis/Redis)
2018-11-14 16:39:47.122 [restartedMain] INFO  com.Application Line:659 ----------------> No active profile set, falling back to default profiles: default
2018-11-14 16:39:47.227 [restartedMain] INFO  o.s.b.w.s.c.AnnotationConfigServletWebServerApplicationContext Line:590 ----------------> Refreshing org.springframework.boot.web.servlet.context.AnnotationConfigServletWebServerApplicationContext@497baa33: startup date [Wed Nov 14 16:39:47 CST 2018]; root of context hierarchy
2018-11-14 18:07:49.242 [restartedMain] INFO  com.Application Line:50 ----------------> Starting Application on lgj-Lenovo-G470 with PID 9846 (/home/lgj/aProject/Redis/Redis/target/classes started by lgj in /home/lgj/aProject/Redis/Redis)
2018-11-14 18:07:49.245 [restartedMain] INFO  com.Application Line:659 ----------------> No active profile set, falling back to default profiles: default
2018-11-14 18:07:49.297 [restartedMain] INFO  o.s.b.w.s.c.AnnotationConfigServletWebServerApplicationContext Line:590 ----------------> Refreshing org.springframework.boot.web.servlet.context.AnnotationConfigServletWebServerApplicationContext@1eac5e11: startup date [Wed Nov 14 18:07:49 CST 2018]; root of context hierarchy
2018-11-14 18:08:08.980 [restartedMain] INFO  com.Application Line:50 ----------------> Starting Application on lgj-Lenovo-G470 with PID 9932 (/home/lgj/aProject/Redis/Redis/target/classes started by lgj in /home/lgj/aProject/Redis/Redis)
2018-11-14 18:08:08.984 [restartedMain] INFO  com.Application Line:659 ----------------> No active profile set, falling back to default profiles: default
2018-11-14 18:08:09.119 [restartedMain] INFO  o.s.b.w.s.c.AnnotationConfigServletWebServerApplicationContext Line:590 ----------------> Refreshing org.springframework.boot.web.servlet.context.AnnotationConfigServletWebServerApplicationContext@634eed5b: startup date [Wed Nov 14 18:08:09 CST 2018]; root of context hierarchy
2018-11-14 18:08:18.377 [restartedMain] WARN  org.mybatis.spring.mapper.ClassPathMapperScanner Line:166 ----------------> No MyBatis mapper was found in '[com]' package. Please check your configuration.
2018-11-14 18:08:18.451 [restartedMain] INFO  o.s.d.r.config.RepositoryConfigurationDelegate Line:163 ----------------> Multiple Spring Data modules found, entering strict repository configuration mode!
2018-11-14 18:08:19.253 [restartedMain] INFO  o.s.c.s.PostProcessorRegistrationDelegate$BeanPostProcessorChecker Line:328 ----------------> Bean 'org.springframework.transaction.annotation.ProxyTransactionManagementConfiguration' of type [org.springframework.transaction.annotation.ProxyTransactionManagementConfiguration$$EnhancerBySpringCGLIB$$413404b4] is not eligible for getting processed by all BeanPostProcessors (for example: not eligible for auto-proxying)
2018-11-14 18:08:19.586 [restartedMain] INFO  org.xnio Line:104 ----------------> XNIO version 3.3.8.Final
2018-11-14 18:08:19.600 [restartedMain] INFO  org.xnio.nio Line:55 ----------------> XNIO NIO Implementation Version 3.3.8.Final
2018-11-14 18:08:19.624 [restartedMain] WARN  io.undertow.websockets.jsr Line:67 ----------------> UT026009: XNIO worker was not set on WebSocketDeploymentInfo, the default worker will be used
2018-11-14 18:08:19.624 [restartedMain] WARN  io.undertow.websockets.jsr Line:76 ----------------> UT026010: Buffer pool was not set on WebSocketDeploymentInfo, the default pool will be used
2018-11-14 18:08:19.650 [restartedMain] INFO  io.undertow.servlet Line:360 ----------------> Initializing Spring embedded WebApplicationContext
2018-11-14 18:08:19.650 [restartedMain] INFO  org.springframework.web.context.ContextLoader Line:285 ----------------> Root WebApplicationContext: initialization completed in 10531 ms
2018-11-14 18:08:19.797 [restartedMain] INFO  o.s.boot.web.servlet.ServletRegistrationBean Line:186 ----------------> Servlet dispatcherServlet mapped to [/]
2018-11-14 18:08:19.802 [restartedMain] INFO  o.s.boot.web.servlet.FilterRegistrationBean Line:245 ----------------> Mapping filter: 'characterEncodingFilter' to: [/*]
2018-11-14 18:08:19.803 [restartedMain] INFO  o.s.boot.web.servlet.FilterRegistrationBean Line:245 ----------------> Mapping filter: 'hiddenHttpMethodFilter' to: [/*]
2018-11-14 18:08:19.803 [restartedMain] INFO  o.s.boot.web.servlet.FilterRegistrationBean Line:245 ----------------> Mapping filter: 'httpPutFormContentFilter' to: [/*]
2018-11-14 18:08:19.803 [restartedMain] INFO  o.s.boot.web.servlet.FilterRegistrationBean Line:245 ----------------> Mapping filter: 'requestContextFilter' to: [/*]
2018-11-14 18:34:05.865 [restartedMain] INFO  com.Application Line:50 ----------------> Starting Application on lgj-Lenovo-G470 with PID 11528 (/home/lgj/aProject/Redis/Redis/target/classes started by lgj in /home/lgj/aProject/Redis/Redis)
2018-11-14 18:34:05.869 [restartedMain] INFO  com.Application Line:659 ----------------> No active profile set, falling back to default profiles: default
2018-11-14 18:34:05.920 [restartedMain] INFO  o.s.b.w.s.c.AnnotationConfigServletWebServerApplicationContext Line:590 ----------------> Refreshing org.springframework.boot.web.servlet.context.AnnotationConfigServletWebServerApplicationContext@559ce18c: startup date [Wed Nov 14 18:34:05 CST 2018]; root of context hierarchy
2018-11-14 18:34:08.840 [restartedMain] WARN  org.mybatis.spring.mapper.ClassPathMapperScanner Line:166 ----------------> No MyBatis mapper was found in '[com]' package. Please check your configuration.
2018-11-14 18:34:08.901 [restartedMain] INFO  o.s.d.r.config.RepositoryConfigurationDelegate Line:163 ----------------> Multiple Spring Data modules found, entering strict repository configuration mode!
2018-11-14 18:34:09.708 [restartedMain] INFO  o.s.c.s.PostProcessorRegistrationDelegate$BeanPostProcessorChecker Line:328 ----------------> Bean 'org.springframework.transaction.annotation.ProxyTransactionManagementConfiguration' of type [org.springframework.transaction.annotation.ProxyTransactionManagementConfiguration$$EnhancerBySpringCGLIB$$f7102633] is not eligible for getting processed by all BeanPostProcessors (for example: not eligible for auto-proxying)
2018-11-14 18:34:10.042 [restartedMain] INFO  org.xnio Line:104 ----------------> XNIO version 3.3.8.Final
2018-11-14 18:34:10.058 [restartedMain] INFO  org.xnio.nio Line:55 ----------------> XNIO NIO Implementation Version 3.3.8.Final
2018-11-14 18:34:10.078 [restartedMain] WARN  io.undertow.websockets.jsr Line:67 ----------------> UT026009: XNIO worker was not set on WebSocketDeploymentInfo, the default worker will be used
2018-11-14 18:34:10.079 [restartedMain] WARN  io.undertow.websockets.jsr Line:76 ----------------> UT026010: Buffer pool was not set on WebSocketDeploymentInfo, the default pool will be used
2018-11-14 18:34:10.100 [restartedMain] INFO  io.undertow.servlet Line:360 ----------------> Initializing Spring embedded WebApplicationContext
2018-11-14 18:34:10.101 [restartedMain] INFO  org.springframework.web.context.ContextLoader Line:285 ----------------> Root WebApplicationContext: initialization completed in 4181 ms
2018-11-14 18:34:10.247 [restartedMain] INFO  o.s.boot.web.servlet.ServletRegistrationBean Line:186 ----------------> Servlet dispatcherServlet mapped to [/]
2018-11-14 18:34:10.255 [restartedMain] INFO  o.s.boot.web.servlet.FilterRegistrationBean Line:245 ----------------> Mapping filter: 'characterEncodingFilter' to: [/*]
2018-11-14 18:34:10.257 [restartedMain] INFO  o.s.boot.web.servlet.FilterRegistrationBean Line:245 ----------------> Mapping filter: 'hiddenHttpMethodFilter' to: [/*]
2018-11-14 18:34:10.257 [restartedMain] INFO  o.s.boot.web.servlet.FilterRegistrationBean Line:245 ----------------> Mapping filter: 'httpPutFormContentFilter' to: [/*]
2018-11-14 18:34:10.258 [restartedMain] INFO  o.s.boot.web.servlet.FilterRegistrationBean Line:245 ----------------> Mapping filter: 'requestContextFilter' to: [/*]
2018-11-14 18:34:20.533 [restartedMain] INFO  com.Application Line:50 ----------------> Starting Application on lgj-Lenovo-G470 with PID 11687 (/home/lgj/aProject/Redis/Redis/target/classes started by lgj in /home/lgj/aProject/Redis/Redis)
2018-11-14 18:34:20.542 [restartedMain] INFO  com.Application Line:659 ----------------> No active profile set, falling back to default profiles: default
2018-11-14 18:34:20.634 [restartedMain] INFO  o.s.b.w.s.c.AnnotationConfigServletWebServerApplicationContext Line:590 ----------------> Refreshing org.springframework.boot.web.servlet.context.AnnotationConfigServletWebServerApplicationContext@700da0de: startup date [Wed Nov 14 18:34:20 CST 2018]; root of context hierarchy
2018-11-14 18:34:24.658 [restartedMain] WARN  org.mybatis.spring.mapper.ClassPathMapperScanner Line:166 ----------------> No MyBatis mapper was found in '[com]' package. Please check your configuration.
2018-11-14 18:34:24.741 [restartedMain] INFO  o.s.d.r.config.RepositoryConfigurationDelegate Line:163 ----------------> Multiple Spring Data modules found, entering strict repository configuration mode!
2018-11-14 18:34:26.626 [restartedMain] INFO  o.s.c.s.PostProcessorRegistrationDelegate$BeanPostProcessorChecker Line:328 ----------------> Bean 'org.springframework.transaction.annotation.ProxyTransactionManagementConfiguration' of type [org.springframework.transaction.annotation.ProxyTransactionManagementConfiguration$$EnhancerBySpringCGLIB$$d7128a7f] is not eligible for getting processed by all BeanPostProcessors (for example: not eligible for auto-proxying)
2018-11-14 18:34:27.105 [restartedMain] INFO  org.xnio Line:104 ----------------> XNIO version 3.3.8.Final
2018-11-14 18:34:27.130 [restartedMain] INFO  org.xnio.nio Line:55 ----------------> XNIO NIO Implementation Version 3.3.8.Final
2018-11-14 18:34:27.168 [restartedMain] WARN  io.undertow.websockets.jsr Line:67 ----------------> UT026009: XNIO worker was not set on WebSocketDeploymentInfo, the default worker will be used
2018-11-14 18:34:27.169 [restartedMain] WARN  io.undertow.websockets.jsr Line:76 ----------------> UT026010: Buffer pool was not set on WebSocketDeploymentInfo, the default pool will be used
2018-11-14 18:34:27.208 [restartedMain] INFO  io.undertow.servlet Line:360 ----------------> Initializing Spring embedded WebApplicationContext
2018-11-14 18:34:27.209 [restartedMain] INFO  org.springframework.web.context.ContextLoader Line:285 ----------------> Root WebApplicationContext: initialization completed in 6575 ms
2018-11-14 18:34:27.536 [restartedMain] INFO  o.s.boot.web.servlet.ServletRegistrationBean Line:186 ----------------> Servlet dispatcherServlet mapped to [/]
2018-11-14 18:34:27.545 [restartedMain] INFO  o.s.boot.web.servlet.FilterRegistrationBean Line:245 ----------------> Mapping filter: 'characterEncodingFilter' to: [/*]
2018-11-14 18:34:27.546 [restartedMain] INFO  o.s.boot.web.servlet.FilterRegistrationBean Line:245 ----------------> Mapping filter: 'hiddenHttpMethodFilter' to: [/*]
2018-11-14 18:34:27.547 [restartedMain] INFO  o.s.boot.web.servlet.FilterRegistrationBean Line:245 ----------------> Mapping filter: 'httpPutFormContentFilter' to: [/*]
2018-11-14 18:34:27.547 [restartedMain] INFO  o.s.boot.web.servlet.FilterRegistrationBean Line:245 ----------------> Mapping filter: 'requestContextFilter' to: [/*]
2018-11-14 18:34:28.428 [restartedMain] INFO  o.s.w.s.m.m.a.RequestMappingHandlerMapping Line:547 ----------------> Mapped "{[/swagger-resources]}" onto public org.springframework.http.ResponseEntity<java.util.List<springfox.documentation.swagger.web.SwaggerResource>> springfox.documentation.swagger.web.ApiResourceController.swaggerResources()
2018-11-14 18:34:28.430 [restartedMain] INFO  o.s.w.s.m.m.a.RequestMappingHandlerMapping Line:547 ----------------> Mapped "{[/swagger-resources/configuration/security]}" onto public org.springframework.http.ResponseEntity<springfox.documentation.swagger.web.SecurityConfiguration> springfox.documentation.swagger.web.ApiResourceController.securityConfiguration()
2018-11-14 18:34:28.431 [restartedMain] INFO  o.s.w.s.m.m.a.RequestMappingHandlerMapping Line:547 ----------------> Mapped "{[/swagger-resources/configuration/ui]}" onto public org.springframework.http.ResponseEntity<springfox.documentation.swagger.web.UiConfiguration> springfox.documentation.swagger.web.ApiResourceController.uiConfiguration()
2018-11-14 18:34:28.437 [restartedMain] INFO  o.s.w.s.m.m.a.RequestMappingHandlerMapping Line:547 ----------------> Mapped "{[/error],produces=[text/html]}" onto public org.springframework.web.servlet.ModelAndView org.springframework.boot.autoconfigure.web.servlet.error.BasicErrorController.errorHtml(javax.servlet.http.HttpServletRequest,javax.servlet.http.HttpServletResponse)
2018-11-14 18:34:28.438 [restartedMain] INFO  o.s.w.s.m.m.a.RequestMappingHandlerMapping Line:547 ----------------> Mapped "{[/error]}" onto public org.springframework.http.ResponseEntity<java.util.Map<java.lang.String, java.lang.Object>> org.springframework.boot.autoconfigure.web.servlet.error.BasicErrorController.error(javax.servlet.http.HttpServletRequest)
2018-11-14 18:34:28.708 [restartedMain] INFO  s.d.s.w.PropertySourcedRequestMappingHandlerMapping Line:69 ----------------> Mapped URL path [/v2/api-docs] onto method [public org.springframework.http.ResponseEntity<springfox.documentation.spring.web.json.Json> springfox.documentation.swagger2.web.Swagger2Controller.getDocumentation(java.lang.String,javax.servlet.http.HttpServletRequest)]
2018-11-14 18:34:28.880 [restartedMain] INFO  o.s.web.servlet.handler.SimpleUrlHandlerMapping Line:373 ----------------> Mapped URL path [/**/favicon.ico] onto handler of type [class org.springframework.web.servlet.resource.ResourceHttpRequestHandler]
2018-11-14 18:34:29.098 [restartedMain] INFO  o.s.w.s.m.m.a.RequestMappingHandlerAdapter Line:574 ----------------> Looking for @ControllerAdvice: org.springframework.boot.web.servlet.context.AnnotationConfigServletWebServerApplicationContext@700da0de: startup date [Wed Nov 14 18:34:20 CST 2018]; root of context hierarchy
2018-11-14 18:34:29.157 [restartedMain] INFO  o.s.web.servlet.handler.SimpleUrlHandlerMapping Line:373 ----------------> Mapped URL path [/webjars/**] onto handler of type [class org.springframework.web.servlet.resource.ResourceHttpRequestHandler]
2018-11-14 18:34:29.157 [restartedMain] INFO  o.s.web.servlet.handler.SimpleUrlHandlerMapping Line:373 ----------------> Mapped URL path [/**] onto handler of type [class org.springframework.web.servlet.resource.ResourceHttpRequestHandler]
2018-11-14 18:34:30.027 [restartedMain] INFO  o.s.b.d.autoconfigure.OptionalLiveReloadServer Line:57 ----------------> LiveReload server is running on port 35729
2018-11-14 18:34:30.088 [restartedMain] INFO  o.s.jmx.export.annotation.AnnotationMBeanExporter Line:433 ----------------> Registering beans for JMX exposure on startup
2018-11-14 18:34:30.092 [restartedMain] INFO  o.s.jmx.export.annotation.AnnotationMBeanExporter Line:895 ----------------> Bean with name 'dataSource' has been autodetected for JMX exposure
2018-11-14 18:34:30.110 [restartedMain] INFO  o.s.jmx.export.annotation.AnnotationMBeanExporter Line:668 ----------------> Located MBean 'dataSource': registering with JMX server as MBean [com.zaxxer.hikari:name=dataSource,type=HikariDataSource]
2018-11-14 18:34:30.120 [restartedMain] INFO  o.s.context.support.DefaultLifecycleProcessor Line:351 ----------------> Starting beans in phase 2147483647
2018-11-14 18:34:30.121 [restartedMain] INFO  s.d.s.web.plugins.DocumentationPluginsBootstrapper Line:160 ----------------> Context refreshed
2018-11-14 18:34:30.145 [restartedMain] INFO  s.d.s.web.plugins.DocumentationPluginsBootstrapper Line:163 ----------------> Found 1 custom documentation plugin(s)
2018-11-14 18:34:30.187 [restartedMain] INFO  s.d.spring.web.scanners.ApiListingReferenceScanner Line:41 ----------------> Scanning for api listing references
2018-11-14 18:34:30.307 [restartedMain] INFO  o.s.b.w.embedded.undertow.UndertowServletWebServer Line:148 ----------------> Undertow started on port(s) 8080 (http) with context path '/spring/boot'
2018-11-14 18:34:30.317 [restartedMain] INFO  com.Application Line:59 ----------------> Started Application in 11.243 seconds (JVM running for 14.83)
2018-11-15 01:52:50.483 [Thread-8] INFO  o.s.b.w.s.c.AnnotationConfigServletWebServerApplicationContext Line:993 ----------------> Closing org.springframework.boot.web.servlet.context.AnnotationConfigServletWebServerApplicationContext@700da0de: startup date [Wed Nov 14 18:34:20 CST 2018]; root of context hierarchy
2018-11-15 01:52:50.491 [Thread-8] INFO  o.s.context.support.DefaultLifecycleProcessor Line:366 ----------------> Stopping beans in phase 2147483647
2018-11-15 01:52:51.014 [Thread-8] INFO  o.s.jmx.export.annotation.AnnotationMBeanExporter Line:451 ----------------> Unregistering JMX-exposed beans on shutdown
2018-11-15 01:52:51.015 [Thread-8] INFO  o.s.jmx.export.annotation.AnnotationMBeanExporter Line:183 ----------------> Unregistering JMX-exposed beans
