2018-07-05 01:04:56.161 [main] INFO  com.ch11.controller.HelloControllerTest Line:50 ----------------> Starting HelloControllerTest on lgj-Lenovo-G470 with PID 4176 (started by lgj in /home/lgj/aProject/SpringBootStudy/ch11)
2018-07-05 01:04:56.167 [main] INFO  com.ch11.controller.HelloControllerTest Line:659 ----------------> No active profile set, falling back to default profiles: default
2018-07-05 01:04:56.290 [main] INFO  o.s.w.context.support.GenericWebApplicationContext Line:590 ----------------> Refreshing org.springframework.web.context.support.GenericWebApplicationContext@7ea4d397: startup date [Thu Jul 05 01:04:56 CST 2018]; root of context hierarchy
2018-07-05 01:05:01.750 [main] INFO  o.s.d.r.config.RepositoryConfigurationDelegate Line:163 ----------------> Multiple Spring Data modules found, entering strict repository configuration mode!
2018-07-05 01:05:04.407 [main] INFO  o.s.c.s.PostProcessorRegistrationDelegate$BeanPostProcessorChecker Line:328 ----------------> Bean 'org.springframework.transaction.annotation.ProxyTransactionManagementConfiguration' of type [org.springframework.transaction.annotation.ProxyTransactionManagementConfiguration$$EnhancerBySpringCGLIB$$d093eed3] is not eligible for getting processed by all BeanPostProcessors (for example: not eligible for auto-proxying)
2018-07-05 01:05:10.412 [main] INFO  o.s.w.s.m.m.a.RequestMappingHandlerMapping Line:547 ----------------> Mapped "{[/hello]}" onto public java.lang.String com.ch11.controller.HelloController.hello() throws java.lang.Exception
2018-07-05 01:05:10.428 [main] INFO  o.s.w.s.m.m.a.RequestMappingHandlerMapping Line:547 ----------------> Mapped "{[/mvc/method/param/func4]}" onto public java.lang.String com.controller.MvcMethodParamController.func4(java.lang.String)
2018-07-05 01:05:10.430 [main] INFO  o.s.w.s.m.m.a.RequestMappingHandlerMapping Line:547 ----------------> Mapped "{[/mvc/method/param/func2],methods=[GET]}" onto public java.lang.String com.controller.MvcMethodParamController.func2(org.springframework.ui.Model)
2018-07-05 01:05:10.431 [main] INFO  o.s.w.s.m.m.a.RequestMappingHandlerMapping Line:547 ----------------> Mapped "{[/mvc/method/param/func3]}" onto public org.springframework.web.servlet.ModelAndView com.controller.MvcMethodParamController.func3(org.springframework.ui.Model)
2018-07-05 01:05:10.432 [main] INFO  o.s.w.s.m.m.a.RequestMappingHandlerMapping Line:547 ----------------> Mapped "{[/mvc/method/param/func1/{id}],methods=[GET]}" onto public java.lang.String com.controller.MvcMethodParamController.func1(int)
2018-07-05 01:05:10.433 [main] INFO  o.s.w.s.m.m.a.RequestMappingHandlerMapping Line:547 ----------------> Mapped "{[/mvc/method/param/func5]}" onto public java.lang.String com.controller.MvcMethodParamController.func5(com.controller.Student)
2018-07-05 01:05:10.434 [main] INFO  o.s.w.s.m.m.a.RequestMappingHandlerMapping Line:547 ----------------> Mapped "{[/mvc/method/param/func6]}" onto public java.lang.String com.controller.MvcMethodParamController.func6(java.util.List<org.springframework.web.multipart.MultipartFile>)
2018-07-05 01:05:10.435 [main] INFO  o.s.w.s.m.m.a.RequestMappingHandlerMapping Line:547 ----------------> Mapped "{[/mvc/method/param/func7],methods=[GET]}" onto public java.lang.String com.controller.MvcMethodParamController.func7(java.lang.String)
2018-07-05 01:05:10.448 [main] INFO  o.s.w.s.m.m.a.RequestMappingHandlerMapping Line:547 ----------------> Mapped "{[/mvc/func4/get],methods=[GET]}" onto public java.lang.String com.controller.MvcTestController.func4()
2018-07-05 01:05:10.449 [main] INFO  o.s.w.s.m.m.a.RequestMappingHandlerMapping Line:547 ----------------> Mapped "{[/mvc/func2/{id}]}" onto public java.lang.String com.controller.MvcTestController.func2(int)
2018-07-05 01:05:10.450 [main] INFO  o.s.w.s.m.m.a.RequestMappingHandlerMapping Line:547 ----------------> Mapped "{[/mvc/func3/**]}" onto public java.lang.String com.controller.MvcTestController.func3()
2018-07-05 01:05:10.451 [main] INFO  o.s.w.s.m.m.a.RequestMappingHandlerMapping Line:547 ----------------> Mapped "{[/mvc/func1]}" onto public java.lang.String com.controller.MvcTestController.func1()
2018-07-05 01:05:10.453 [main] INFO  o.s.w.s.m.m.a.RequestMappingHandlerMapping Line:547 ----------------> Mapped "{[/mvc/func8],consumes=[application/json]}" onto public java.lang.String com.controller.MvcTestController.func8()
2018-07-05 01:05:10.454 [main] INFO  o.s.w.s.m.m.a.RequestMappingHandlerMapping Line:547 ----------------> Mapped "{[/mvc/func9],produces=[application/json]}" onto public java.lang.String com.controller.MvcTestController.func9()
2018-07-05 01:05:10.455 [main] INFO  o.s.w.s.m.m.a.RequestMappingHandlerMapping Line:547 ----------------> Mapped "{[/mvc/func5/post],methods=[POST]}" onto public java.lang.String com.controller.MvcTestController.func5()
2018-07-05 01:05:10.456 [main] INFO  o.s.w.s.m.m.a.RequestMappingHandlerMapping Line:547 ----------------> Mapped "{[/mvc/func6/delete],methods=[DELETE]}" onto public java.lang.String com.controller.MvcTestController.func6()
2018-07-05 01:05:10.457 [main] INFO  o.s.w.s.m.m.a.RequestMappingHandlerMapping Line:547 ----------------> Mapped "{[/mvc/func7/put],methods=[PUT]}" onto public java.lang.String com.controller.MvcTestController.func7()
2018-07-05 01:05:10.458 [main] INFO  o.s.w.s.m.m.a.RequestMappingHandlerMapping Line:547 ----------------> Mapped "{[/]}" onto public java.lang.String com.controller.RootController.root()
2018-07-05 01:05:10.460 [main] INFO  o.s.w.s.m.m.a.RequestMappingHandlerMapping Line:547 ----------------> Mapped "{[/user/all]}" onto public java.util.List<com.dao.model.OsUser> com.controller.UserController.getUser()
2018-07-05 01:05:10.462 [main] INFO  o.s.w.s.m.m.a.RequestMappingHandlerMapping Line:547 ----------------> Mapped "{[/user/test]}" onto public void com.controller.UserController.test()
2018-07-05 01:05:10.473 [main] INFO  o.s.w.s.m.m.a.RequestMappingHandlerMapping Line:547 ----------------> Mapped "{[/swagger-resources/configuration/ui]}" onto public org.springframework.http.ResponseEntity<springfox.documentation.swagger.web.UiConfiguration> springfox.documentation.swagger.web.ApiResourceController.uiConfiguration()
2018-07-05 01:05:10.476 [main] INFO  o.s.w.s.m.m.a.RequestMappingHandlerMapping Line:547 ----------------> Mapped "{[/swagger-resources/configuration/security]}" onto public org.springframework.http.ResponseEntity<springfox.documentation.swagger.web.SecurityConfiguration> springfox.documentation.swagger.web.ApiResourceController.securityConfiguration()
2018-07-05 01:05:10.478 [main] INFO  o.s.w.s.m.m.a.RequestMappingHandlerMapping Line:547 ----------------> Mapped "{[/swagger-resources]}" onto public org.springframework.http.ResponseEntity<java.util.List<springfox.documentation.swagger.web.SwaggerResource>> springfox.documentation.swagger.web.ApiResourceController.swaggerResources()
2018-07-05 01:05:10.488 [main] INFO  o.s.w.s.m.m.a.RequestMappingHandlerMapping Line:547 ----------------> Mapped "{[/error]}" onto public org.springframework.http.ResponseEntity<java.util.Map<java.lang.String, java.lang.Object>> org.springframework.boot.autoconfigure.web.servlet.error.BasicErrorController.error(javax.servlet.http.HttpServletRequest)
2018-07-05 01:05:10.489 [main] INFO  o.s.w.s.m.m.a.RequestMappingHandlerMapping Line:547 ----------------> Mapped "{[/error],produces=[text/html]}" onto public org.springframework.web.servlet.ModelAndView org.springframework.boot.autoconfigure.web.servlet.error.BasicErrorController.errorHtml(javax.servlet.http.HttpServletRequest,javax.servlet.http.HttpServletResponse)
2018-07-05 01:05:12.860 [main] INFO  s.d.s.w.PropertySourcedRequestMappingHandlerMapping Line:69 ----------------> Mapped URL path [/v2/api-docs] onto method [public org.springframework.http.ResponseEntity<springfox.documentation.spring.web.json.Json> springfox.documentation.swagger2.web.Swagger2Controller.getDocumentation(java.lang.String,javax.servlet.http.HttpServletRequest)]
2018-07-05 01:05:15.760 [main] INFO  o.s.web.servlet.handler.SimpleUrlHandlerMapping Line:373 ----------------> Mapped URL path [/**/favicon.ico] onto handler of type [class org.springframework.web.servlet.resource.ResourceHttpRequestHandler]
2018-07-05 01:05:19.062 [main] INFO  o.s.w.s.m.m.a.RequestMappingHandlerAdapter Line:574 ----------------> Looking for @ControllerAdvice: org.springframework.web.context.support.GenericWebApplicationContext@7ea4d397: startup date [Thu Jul 05 01:04:56 CST 2018]; root of context hierarchy
2018-07-05 01:05:19.663 [main] INFO  o.s.web.servlet.handler.SimpleUrlHandlerMapping Line:373 ----------------> Mapped URL path [/webjars/**] onto handler of type [class org.springframework.web.servlet.resource.ResourceHttpRequestHandler]
2018-07-05 01:05:19.664 [main] INFO  o.s.web.servlet.handler.SimpleUrlHandlerMapping Line:373 ----------------> Mapped URL path [/**] onto handler of type [class org.springframework.web.servlet.resource.ResourceHttpRequestHandler]
2018-07-05 01:05:25.215 [main] INFO  o.s.b.test.mock.web.SpringBootMockServletContext Line:438 ----------------> Initializing Spring FrameworkServlet ''
2018-07-05 01:05:25.216 [main] INFO  o.s.test.web.servlet.TestDispatcherServlet Line:494 ----------------> FrameworkServlet '': initialization started
2018-07-05 01:05:25.301 [main] INFO  o.s.test.web.servlet.TestDispatcherServlet Line:509 ----------------> FrameworkServlet '': initialization completed in 85 ms
2018-07-05 01:05:25.445 [main] INFO  o.s.context.support.DefaultLifecycleProcessor Line:351 ----------------> Starting beans in phase 2147483647
2018-07-05 01:05:25.446 [main] INFO  s.d.s.web.plugins.DocumentationPluginsBootstrapper Line:160 ----------------> Context refreshed
2018-07-05 01:05:25.498 [main] INFO  s.d.s.web.plugins.DocumentationPluginsBootstrapper Line:163 ----------------> Found 1 custom documentation plugin(s)
2018-07-05 01:05:25.571 [main] INFO  s.d.spring.web.scanners.ApiListingReferenceScanner Line:41 ----------------> Scanning for api listing references
2018-07-05 01:05:25.995 [main] WARN  s.d.s.w.readers.parameter.ParameterDataTypeReader Line:92 ----------------> Trying to infer dataType java.util.List<org.springframework.web.multipart.MultipartFile>
2018-07-05 01:05:26.000 [main] WARN  s.d.s.w.readers.parameter.ParameterDataTypeReader Line:92 ----------------> Trying to infer dataType java.util.List<org.springframework.web.multipart.MultipartFile>
2018-07-05 01:05:26.003 [main] WARN  s.d.s.w.readers.parameter.ParameterDataTypeReader Line:92 ----------------> Trying to infer dataType java.util.List<org.springframework.web.multipart.MultipartFile>
2018-07-05 01:05:26.006 [main] WARN  s.d.s.w.readers.parameter.ParameterDataTypeReader Line:92 ----------------> Trying to infer dataType java.util.List<org.springframework.web.multipart.MultipartFile>
2018-07-05 01:05:26.009 [main] WARN  s.d.s.w.readers.parameter.ParameterDataTypeReader Line:92 ----------------> Trying to infer dataType java.util.List<org.springframework.web.multipart.MultipartFile>
2018-07-05 01:05:26.013 [main] WARN  s.d.s.w.readers.parameter.ParameterDataTypeReader Line:92 ----------------> Trying to infer dataType java.util.List<org.springframework.web.multipart.MultipartFile>
2018-07-05 01:05:26.016 [main] WARN  s.d.s.w.readers.parameter.ParameterDataTypeReader Line:92 ----------------> Trying to infer dataType java.util.List<org.springframework.web.multipart.MultipartFile>
2018-07-05 01:05:26.019 [main] WARN  s.d.s.w.readers.parameter.ParameterDataTypeReader Line:92 ----------------> Trying to infer dataType java.util.List<org.springframework.web.multipart.MultipartFile>
2018-07-05 01:05:26.042 [main] INFO  s.d.s.w.r.operation.CachingOperationNameGenerator Line:40 ----------------> Generating unique operation named: func1UsingGET_1
2018-07-05 01:05:26.058 [main] INFO  s.d.s.w.r.operation.CachingOperationNameGenerator Line:40 ----------------> Generating unique operation named: func2UsingGET_1
2018-07-05 01:05:26.082 [main] INFO  s.d.s.w.r.operation.CachingOperationNameGenerator Line:40 ----------------> Generating unique operation named: func3UsingGET_1
2018-07-05 01:05:26.084 [main] INFO  s.d.s.w.r.operation.CachingOperationNameGenerator Line:40 ----------------> Generating unique operation named: func3UsingHEAD_1
2018-07-05 01:05:26.086 [main] INFO  s.d.s.w.r.operation.CachingOperationNameGenerator Line:40 ----------------> Generating unique operation named: func3UsingPOST_1
2018-07-05 01:05:26.088 [main] INFO  s.d.s.w.r.operation.CachingOperationNameGenerator Line:40 ----------------> Generating unique operation named: func3UsingPUT_1
2018-07-05 01:05:26.090 [main] INFO  s.d.s.w.r.operation.CachingOperationNameGenerator Line:40 ----------------> Generating unique operation named: func3UsingPATCH_1
2018-07-05 01:05:26.093 [main] INFO  s.d.s.w.r.operation.CachingOperationNameGenerator Line:40 ----------------> Generating unique operation named: func3UsingDELETE_1
2018-07-05 01:05:26.095 [main] INFO  s.d.s.w.r.operation.CachingOperationNameGenerator Line:40 ----------------> Generating unique operation named: func3UsingOPTIONS_1
2018-07-05 01:05:26.097 [main] INFO  s.d.s.w.r.operation.CachingOperationNameGenerator Line:40 ----------------> Generating unique operation named: func3UsingTRACE_1
2018-07-05 01:05:26.101 [main] INFO  s.d.s.w.r.operation.CachingOperationNameGenerator Line:40 ----------------> Generating unique operation named: func4UsingGET_1
2018-07-05 01:05:26.104 [main] INFO  s.d.s.w.r.operation.CachingOperationNameGenerator Line:40 ----------------> Generating unique operation named: func5UsingPOST_1
2018-07-05 01:05:26.114 [main] INFO  s.d.s.w.r.operation.CachingOperationNameGenerator Line:40 ----------------> Generating unique operation named: func6UsingDELETE_1
2018-07-05 01:05:26.343 [main] INFO  com.ch11.controller.HelloControllerTest Line:59 ----------------> Started HelloControllerTest in 32.226 seconds (JVM running for 36.938)
2018-07-05 01:05:26.702 [main] INFO  o.s.b.test.mock.web.SpringBootMockServletContext Line:438 ----------------> Initializing Spring FrameworkServlet ''
2018-07-05 01:05:26.702 [main] INFO  o.s.test.web.servlet.TestDispatcherServlet Line:494 ----------------> FrameworkServlet '': initialization started
2018-07-05 01:05:26.708 [main] INFO  o.s.test.web.servlet.TestDispatcherServlet Line:509 ----------------> FrameworkServlet '': initialization completed in 6 ms
2018-07-05 01:05:26.802 [main] INFO  com.ch11.controller.HelloController Line:27 ----------------> 访问hello
2018-07-05 01:05:26.878 [Thread-3] INFO  o.s.w.context.support.GenericWebApplicationContext Line:993 ----------------> Closing org.springframework.web.context.support.GenericWebApplicationContext@7ea4d397: startup date [Thu Jul 05 01:04:56 CST 2018]; root of context hierarchy
2018-07-05 01:05:26.888 [Thread-3] INFO  o.s.context.support.DefaultLifecycleProcessor Line:366 ----------------> Stopping beans in phase 2147483647
2018-07-05 02:41:36.710 [main] INFO  com.ch11.controller.HelloControllerTest Line:50 ----------------> Starting HelloControllerTest on lgj-Lenovo-G470 with PID 7781 (started by lgj in /home/lgj/aProject/SpringBootStudy/ch11)
2018-07-05 02:41:36.715 [main] INFO  com.ch11.controller.HelloControllerTest Line:659 ----------------> No active profile set, falling back to default profiles: default
2018-07-05 02:41:36.789 [main] INFO  o.s.w.context.support.GenericWebApplicationContext Line:590 ----------------> Refreshing org.springframework.web.context.support.GenericWebApplicationContext@8dfe921: startup date [Thu Jul 05 02:41:36 CST 2018]; root of context hierarchy
2018-07-05 02:41:44.426 [main] INFO  o.s.d.r.config.RepositoryConfigurationDelegate Line:163 ----------------> Multiple Spring Data modules found, entering strict repository configuration mode!
2018-07-05 02:41:47.131 [main] INFO  o.s.c.s.PostProcessorRegistrationDelegate$BeanPostProcessorChecker Line:328 ----------------> Bean 'org.springframework.transaction.annotation.ProxyTransactionManagementConfiguration' of type [org.springframework.transaction.annotation.ProxyTransactionManagementConfiguration$$EnhancerBySpringCGLIB$$7794f390] is not eligible for getting processed by all BeanPostProcessors (for example: not eligible for auto-proxying)
2018-07-05 02:41:54.829 [main] INFO  o.s.w.s.m.m.a.RequestMappingHandlerMapping Line:547 ----------------> Mapped "{[/hello/{id}]}" onto public java.lang.String com.ch11.controller.HelloController.hello(java.lang.Integer) throws java.lang.Exception
2018-07-05 02:41:54.833 [main] INFO  o.s.w.s.m.m.a.RequestMappingHandlerMapping Line:547 ----------------> Mapped "{[/error]}" onto public java.lang.String com.ch11.errhandle.HttpErrorHandle.error(javax.servlet.http.HttpServletRequest,javax.servlet.http.HttpServletResponse)
2018-07-05 02:41:54.842 [main] INFO  o.s.w.s.m.m.a.RequestMappingHandlerMapping Line:547 ----------------> Mapped "{[/mvc/method/param/func1/{id}],methods=[GET]}" onto public java.lang.String com.controller.MvcMethodParamController.func1(int)
2018-07-05 02:41:54.844 [main] INFO  o.s.w.s.m.m.a.RequestMappingHandlerMapping Line:547 ----------------> Mapped "{[/mvc/method/param/func2],methods=[GET]}" onto public java.lang.String com.controller.MvcMethodParamController.func2(org.springframework.ui.Model)
2018-07-05 02:41:54.845 [main] INFO  o.s.w.s.m.m.a.RequestMappingHandlerMapping Line:547 ----------------> Mapped "{[/mvc/method/param/func3]}" onto public org.springframework.web.servlet.ModelAndView com.controller.MvcMethodParamController.func3(org.springframework.ui.Model)
2018-07-05 02:41:54.846 [main] INFO  o.s.w.s.m.m.a.RequestMappingHandlerMapping Line:547 ----------------> Mapped "{[/mvc/method/param/func4]}" onto public java.lang.String com.controller.MvcMethodParamController.func4(java.lang.String)
2018-07-05 02:41:54.847 [main] INFO  o.s.w.s.m.m.a.RequestMappingHandlerMapping Line:547 ----------------> Mapped "{[/mvc/method/param/func5]}" onto public java.lang.String com.controller.MvcMethodParamController.func5(com.controller.Student)
2018-07-05 02:41:54.849 [main] INFO  o.s.w.s.m.m.a.RequestMappingHandlerMapping Line:547 ----------------> Mapped "{[/mvc/method/param/func6]}" onto public java.lang.String com.controller.MvcMethodParamController.func6(java.util.List<org.springframework.web.multipart.MultipartFile>)
2018-07-05 02:41:54.850 [main] INFO  o.s.w.s.m.m.a.RequestMappingHandlerMapping Line:547 ----------------> Mapped "{[/mvc/method/param/func7],methods=[GET]}" onto public java.lang.String com.controller.MvcMethodParamController.func7(java.lang.String)
2018-07-05 02:41:54.865 [main] INFO  o.s.w.s.m.m.a.RequestMappingHandlerMapping Line:547 ----------------> Mapped "{[/mvc/func1]}" onto public java.lang.String com.controller.MvcTestController.func1()
2018-07-05 02:41:54.867 [main] INFO  o.s.w.s.m.m.a.RequestMappingHandlerMapping Line:547 ----------------> Mapped "{[/mvc/func2/{id}]}" onto public java.lang.String com.controller.MvcTestController.func2(int)
2018-07-05 02:41:54.867 [main] INFO  o.s.w.s.m.m.a.RequestMappingHandlerMapping Line:547 ----------------> Mapped "{[/mvc/func3/**]}" onto public java.lang.String com.controller.MvcTestController.func3()
2018-07-05 02:41:54.869 [main] INFO  o.s.w.s.m.m.a.RequestMappingHandlerMapping Line:547 ----------------> Mapped "{[/mvc/func4/get],methods=[GET]}" onto public java.lang.String com.controller.MvcTestController.func4()
2018-07-05 02:41:54.870 [main] INFO  o.s.w.s.m.m.a.RequestMappingHandlerMapping Line:547 ----------------> Mapped "{[/mvc/func5/post],methods=[POST]}" onto public java.lang.String com.controller.MvcTestController.func5()
2018-07-05 02:41:54.872 [main] INFO  o.s.w.s.m.m.a.RequestMappingHandlerMapping Line:547 ----------------> Mapped "{[/mvc/func6/delete],methods=[DELETE]}" onto public java.lang.String com.controller.MvcTestController.func6()
2018-07-05 02:41:54.873 [main] INFO  o.s.w.s.m.m.a.RequestMappingHandlerMapping Line:547 ----------------> Mapped "{[/mvc/func7/put],methods=[PUT]}" onto public java.lang.String com.controller.MvcTestController.func7()
2018-07-05 02:41:54.880 [main] INFO  o.s.w.s.m.m.a.RequestMappingHandlerMapping Line:547 ----------------> Mapped "{[/mvc/func8],consumes=[application/json]}" onto public java.lang.String com.controller.MvcTestController.func8()
2018-07-05 02:41:54.881 [main] INFO  o.s.w.s.m.m.a.RequestMappingHandlerMapping Line:547 ----------------> Mapped "{[/mvc/func9],produces=[application/json]}" onto public java.lang.String com.controller.MvcTestController.func9()
2018-07-05 02:41:54.885 [main] INFO  o.s.w.s.m.m.a.RequestMappingHandlerMapping Line:547 ----------------> Mapped "{[/]}" onto public java.lang.String com.controller.RootController.root()
2018-07-05 02:41:54.888 [main] INFO  o.s.w.s.m.m.a.RequestMappingHandlerMapping Line:547 ----------------> Mapped "{[/user/all]}" onto public java.util.List<com.dao.model.OsUser> com.controller.UserController.getUser()
2018-07-05 02:41:54.889 [main] INFO  o.s.w.s.m.m.a.RequestMappingHandlerMapping Line:547 ----------------> Mapped "{[/user/test]}" onto public void com.controller.UserController.test()
2018-07-05 02:41:54.898 [main] INFO  o.s.w.s.m.m.a.RequestMappingHandlerMapping Line:547 ----------------> Mapped "{[/swagger-resources/configuration/security]}" onto public org.springframework.http.ResponseEntity<springfox.documentation.swagger.web.SecurityConfiguration> springfox.documentation.swagger.web.ApiResourceController.securityConfiguration()
2018-07-05 02:41:54.900 [main] INFO  o.s.w.s.m.m.a.RequestMappingHandlerMapping Line:547 ----------------> Mapped "{[/swagger-resources]}" onto public org.springframework.http.ResponseEntity<java.util.List<springfox.documentation.swagger.web.SwaggerResource>> springfox.documentation.swagger.web.ApiResourceController.swaggerResources()
2018-07-05 02:41:54.902 [main] INFO  o.s.w.s.m.m.a.RequestMappingHandlerMapping Line:547 ----------------> Mapped "{[/swagger-resources/configuration/ui]}" onto public org.springframework.http.ResponseEntity<springfox.documentation.swagger.web.UiConfiguration> springfox.documentation.swagger.web.ApiResourceController.uiConfiguration()
2018-07-05 02:41:57.437 [main] INFO  s.d.s.w.PropertySourcedRequestMappingHandlerMapping Line:69 ----------------> Mapped URL path [/v2/api-docs] onto method [public org.springframework.http.ResponseEntity<springfox.documentation.spring.web.json.Json> springfox.documentation.swagger2.web.Swagger2Controller.getDocumentation(java.lang.String,javax.servlet.http.HttpServletRequest)]
2018-07-05 02:41:59.598 [main] INFO  o.s.web.servlet.handler.SimpleUrlHandlerMapping Line:373 ----------------> Mapped URL path [/**/favicon.ico] onto handler of type [class org.springframework.web.servlet.resource.ResourceHttpRequestHandler]
2018-07-05 02:42:03.724 [main] INFO  o.s.w.s.m.m.a.RequestMappingHandlerAdapter Line:574 ----------------> Looking for @ControllerAdvice: org.springframework.web.context.support.GenericWebApplicationContext@8dfe921: startup date [Thu Jul 05 02:41:36 CST 2018]; root of context hierarchy
2018-07-05 02:42:04.952 [main] INFO  o.s.web.servlet.handler.SimpleUrlHandlerMapping Line:373 ----------------> Mapped URL path [/webjars/**] onto handler of type [class org.springframework.web.servlet.resource.ResourceHttpRequestHandler]
2018-07-05 02:42:04.953 [main] INFO  o.s.web.servlet.handler.SimpleUrlHandlerMapping Line:373 ----------------> Mapped URL path [/**] onto handler of type [class org.springframework.web.servlet.resource.ResourceHttpRequestHandler]
2018-07-05 02:42:05.002 [main] INFO  o.s.w.s.m.m.a.ExceptionHandlerExceptionResolver Line:288 ----------------> Detected @ExceptionHandler methods in globalExceptionHandler
2018-07-05 02:42:16.189 [main] INFO  o.s.b.test.mock.web.SpringBootMockServletContext Line:438 ----------------> Initializing Spring FrameworkServlet ''
2018-07-05 02:42:16.189 [main] INFO  o.s.test.web.servlet.TestDispatcherServlet Line:494 ----------------> FrameworkServlet '': initialization started
2018-07-05 02:42:16.258 [main] INFO  o.s.test.web.servlet.TestDispatcherServlet Line:509 ----------------> FrameworkServlet '': initialization completed in 68 ms
2018-07-05 02:42:16.412 [main] INFO  o.s.context.support.DefaultLifecycleProcessor Line:351 ----------------> Starting beans in phase 2147483647
2018-07-05 02:42:16.413 [main] INFO  s.d.s.web.plugins.DocumentationPluginsBootstrapper Line:160 ----------------> Context refreshed
2018-07-05 02:42:16.469 [main] INFO  s.d.s.web.plugins.DocumentationPluginsBootstrapper Line:163 ----------------> Found 1 custom documentation plugin(s)
2018-07-05 02:42:16.534 [main] INFO  s.d.spring.web.scanners.ApiListingReferenceScanner Line:41 ----------------> Scanning for api listing references
2018-07-05 02:42:16.998 [main] WARN  s.d.s.w.readers.parameter.ParameterDataTypeReader Line:92 ----------------> Trying to infer dataType java.util.List<org.springframework.web.multipart.MultipartFile>
2018-07-05 02:42:17.001 [main] WARN  s.d.s.w.readers.parameter.ParameterDataTypeReader Line:92 ----------------> Trying to infer dataType java.util.List<org.springframework.web.multipart.MultipartFile>
2018-07-05 02:42:17.005 [main] WARN  s.d.s.w.readers.parameter.ParameterDataTypeReader Line:92 ----------------> Trying to infer dataType java.util.List<org.springframework.web.multipart.MultipartFile>
2018-07-05 02:42:17.008 [main] WARN  s.d.s.w.readers.parameter.ParameterDataTypeReader Line:92 ----------------> Trying to infer dataType java.util.List<org.springframework.web.multipart.MultipartFile>
2018-07-05 02:42:17.011 [main] WARN  s.d.s.w.readers.parameter.ParameterDataTypeReader Line:92 ----------------> Trying to infer dataType java.util.List<org.springframework.web.multipart.MultipartFile>
2018-07-05 02:42:17.014 [main] WARN  s.d.s.w.readers.parameter.ParameterDataTypeReader Line:92 ----------------> Trying to infer dataType java.util.List<org.springframework.web.multipart.MultipartFile>
2018-07-05 02:42:17.018 [main] WARN  s.d.s.w.readers.parameter.ParameterDataTypeReader Line:92 ----------------> Trying to infer dataType java.util.List<org.springframework.web.multipart.MultipartFile>
2018-07-05 02:42:17.021 [main] WARN  s.d.s.w.readers.parameter.ParameterDataTypeReader Line:92 ----------------> Trying to infer dataType java.util.List<org.springframework.web.multipart.MultipartFile>
2018-07-05 02:42:17.050 [main] INFO  s.d.s.w.r.operation.CachingOperationNameGenerator Line:40 ----------------> Generating unique operation named: func1UsingGET_1
2018-07-05 02:42:17.069 [main] INFO  s.d.s.w.r.operation.CachingOperationNameGenerator Line:40 ----------------> Generating unique operation named: func2UsingGET_1
2018-07-05 02:42:17.085 [main] INFO  s.d.s.w.r.operation.CachingOperationNameGenerator Line:40 ----------------> Generating unique operation named: func3UsingGET_1
2018-07-05 02:42:17.088 [main] INFO  s.d.s.w.r.operation.CachingOperationNameGenerator Line:40 ----------------> Generating unique operation named: func3UsingHEAD_1
2018-07-05 02:42:17.090 [main] INFO  s.d.s.w.r.operation.CachingOperationNameGenerator Line:40 ----------------> Generating unique operation named: func3UsingPOST_1
2018-07-05 02:42:17.092 [main] INFO  s.d.s.w.r.operation.CachingOperationNameGenerator Line:40 ----------------> Generating unique operation named: func3UsingPUT_1
2018-07-05 02:42:17.095 [main] INFO  s.d.s.w.r.operation.CachingOperationNameGenerator Line:40 ----------------> Generating unique operation named: func3UsingPATCH_1
2018-07-05 02:42:17.098 [main] INFO  s.d.s.w.r.operation.CachingOperationNameGenerator Line:40 ----------------> Generating unique operation named: func3UsingDELETE_1
2018-07-05 02:42:17.100 [main] INFO  s.d.s.w.r.operation.CachingOperationNameGenerator Line:40 ----------------> Generating unique operation named: func3UsingOPTIONS_1
2018-07-05 02:42:17.102 [main] INFO  s.d.s.w.r.operation.CachingOperationNameGenerator Line:40 ----------------> Generating unique operation named: func3UsingTRACE_1
2018-07-05 02:42:17.106 [main] INFO  s.d.s.w.r.operation.CachingOperationNameGenerator Line:40 ----------------> Generating unique operation named: func4UsingGET_1
2018-07-05 02:42:17.109 [main] INFO  s.d.s.w.r.operation.CachingOperationNameGenerator Line:40 ----------------> Generating unique operation named: func5UsingPOST_1
2018-07-05 02:42:17.112 [main] INFO  s.d.s.w.r.operation.CachingOperationNameGenerator Line:40 ----------------> Generating unique operation named: func6UsingDELETE_1
2018-07-05 02:42:17.380 [main] INFO  com.ch11.controller.HelloControllerTest Line:59 ----------------> Started HelloControllerTest in 43.417 seconds (JVM running for 50.643)
2018-07-05 02:42:18.451 [main] INFO  o.s.b.test.mock.web.SpringBootMockServletContext Line:438 ----------------> Initializing Spring FrameworkServlet ''
2018-07-05 02:42:18.451 [main] INFO  o.s.test.web.servlet.TestDispatcherServlet Line:494 ----------------> FrameworkServlet '': initialization started
2018-07-05 02:42:18.457 [main] INFO  o.s.test.web.servlet.TestDispatcherServlet Line:509 ----------------> FrameworkServlet '': initialization completed in 6 ms
2018-07-05 02:42:18.572 [main] INFO  com.ch11.controller.HelloController Line:30 ----------------> 访问hello id = 0
2018-07-05 02:42:18.574 [main] INFO  com.ch11.errhandle.GlobalExceptionHandler Line:37 ----------------> 进入Exception异常拦截
2018-07-05 02:42:18.775 [Thread-3] INFO  o.s.w.context.support.GenericWebApplicationContext Line:993 ----------------> Closing org.springframework.web.context.support.GenericWebApplicationContext@8dfe921: startup date [Thu Jul 05 02:41:36 CST 2018]; root of context hierarchy
2018-07-05 02:42:18.778 [Thread-3] INFO  o.s.context.support.DefaultLifecycleProcessor Line:366 ----------------> Stopping beans in phase 2147483647
