2018-07-02 18:09:56.041 [main] INFO  com.controller.MvcMethodParamControllerTest Line:50 ----------------> Starting MvcMethodParamControllerTest on lgj-Lenovo-G470 with PID 25775 (started by lgj in /home/lgj/aProject/SpringBootStudy/ch7)
2018-07-02 18:09:56.050 [main] INFO  com.controller.MvcMethodParamControllerTest Line:659 ----------------> No active profile set, falling back to default profiles: default
2018-07-02 18:09:56.107 [main] INFO  o.s.w.context.support.GenericWebApplicationContext Line:590 ----------------> Refreshing org.springframework.web.context.support.GenericWebApplicationContext@733037: startup date [Mon Jul 02 18:09:56 CST 2018]; root of context hierarchy
2018-07-02 18:10:00.609 [main] INFO  o.s.c.s.PostProcessorRegistrationDelegate$BeanPostProcessorChecker Line:328 ----------------> Bean 'org.springframework.transaction.annotation.ProxyTransactionManagementConfiguration' of type [org.springframework.transaction.annotation.ProxyTransactionManagementConfiguration$$EnhancerBySpringCGLIB$$f8158e2b] is not eligible for getting processed by all BeanPostProcessors (for example: not eligible for auto-proxying)
2018-07-02 18:10:02.045 [main] INFO  o.s.w.s.m.m.a.RequestMappingHandlerMapping Line:547 ----------------> Mapped "{[/mvc/method/param/func3]}" onto public org.springframework.web.servlet.ModelAndView com.controller.MvcMethodParamController.func3(org.springframework.ui.Model)
2018-07-02 18:10:02.048 [main] INFO  o.s.w.s.m.m.a.RequestMappingHandlerMapping Line:547 ----------------> Mapped "{[/mvc/method/param/func4]}" onto public java.lang.String com.controller.MvcMethodParamController.func4(java.lang.String)
2018-07-02 18:10:02.049 [main] INFO  o.s.w.s.m.m.a.RequestMappingHandlerMapping Line:547 ----------------> Mapped "{[/mvc/method/param/func5]}" onto public java.lang.String com.controller.MvcMethodParamController.func5(com.controller.Student)
2018-07-02 18:10:02.049 [main] INFO  o.s.w.s.m.m.a.RequestMappingHandlerMapping Line:547 ----------------> Mapped "{[/mvc/method/param/func6]}" onto public java.lang.String com.controller.MvcMethodParamController.func6(java.util.List<org.springframework.web.multipart.MultipartFile>)
2018-07-02 18:10:02.050 [main] INFO  o.s.w.s.m.m.a.RequestMappingHandlerMapping Line:547 ----------------> Mapped "{[/mvc/method/param/func7],methods=[GET]}" onto public java.lang.String com.controller.MvcMethodParamController.func7(java.lang.String)
2018-07-02 18:10:02.051 [main] INFO  o.s.w.s.m.m.a.RequestMappingHandlerMapping Line:547 ----------------> Mapped "{[/mvc/method/param/func1/{id}],methods=[GET]}" onto public java.lang.String com.controller.MvcMethodParamController.func1(int)
2018-07-02 18:10:02.052 [main] INFO  o.s.w.s.m.m.a.RequestMappingHandlerMapping Line:547 ----------------> Mapped "{[/mvc/method/param/func2],methods=[GET]}" onto public java.lang.String com.controller.MvcMethodParamController.func2(org.springframework.ui.Model)
2018-07-02 18:10:02.064 [main] INFO  o.s.w.s.m.m.a.RequestMappingHandlerMapping Line:547 ----------------> Mapped "{[/mvc/func3/**]}" onto public java.lang.String com.controller.MvcTestController.func3()
2018-07-02 18:10:02.065 [main] INFO  o.s.w.s.m.m.a.RequestMappingHandlerMapping Line:547 ----------------> Mapped "{[/mvc/func4/get],methods=[GET]}" onto public java.lang.String com.controller.MvcTestController.func4()
2018-07-02 18:10:02.066 [main] INFO  o.s.w.s.m.m.a.RequestMappingHandlerMapping Line:547 ----------------> Mapped "{[/mvc/func5/post],methods=[POST]}" onto public java.lang.String com.controller.MvcTestController.func5()
2018-07-02 18:10:02.067 [main] INFO  o.s.w.s.m.m.a.RequestMappingHandlerMapping Line:547 ----------------> Mapped "{[/mvc/func6/delete],methods=[DELETE]}" onto public java.lang.String com.controller.MvcTestController.func6()
2018-07-02 18:10:02.068 [main] INFO  o.s.w.s.m.m.a.RequestMappingHandlerMapping Line:547 ----------------> Mapped "{[/mvc/func7/put],methods=[PUT]}" onto public java.lang.String com.controller.MvcTestController.func7()
2018-07-02 18:10:02.070 [main] INFO  o.s.w.s.m.m.a.RequestMappingHandlerMapping Line:547 ----------------> Mapped "{[/mvc/func8],consumes=[application/json]}" onto public java.lang.String com.controller.MvcTestController.func8()
2018-07-02 18:10:02.071 [main] INFO  o.s.w.s.m.m.a.RequestMappingHandlerMapping Line:547 ----------------> Mapped "{[/mvc/func9],produces=[application/json]}" onto public java.lang.String com.controller.MvcTestController.func9()
2018-07-02 18:10:02.072 [main] INFO  o.s.w.s.m.m.a.RequestMappingHandlerMapping Line:547 ----------------> Mapped "{[/mvc/func1]}" onto public java.lang.String com.controller.MvcTestController.func1()
2018-07-02 18:10:02.074 [main] INFO  o.s.w.s.m.m.a.RequestMappingHandlerMapping Line:547 ----------------> Mapped "{[/mvc/func2/{id}]}" onto public java.lang.String com.controller.MvcTestController.func2(int)
2018-07-02 18:10:02.076 [main] INFO  o.s.w.s.m.m.a.RequestMappingHandlerMapping Line:547 ----------------> Mapped "{[/user/all]}" onto public java.util.List<com.dao.model.OsUser> com.controller.UserController.getUser()
2018-07-02 18:10:02.077 [main] INFO  o.s.w.s.m.m.a.RequestMappingHandlerMapping Line:547 ----------------> Mapped "{[/user/test]}" onto public void com.controller.UserController.test()
2018-07-02 18:10:02.083 [main] INFO  o.s.w.s.m.m.a.RequestMappingHandlerMapping Line:547 ----------------> Mapped "{[/swagger-resources/configuration/security]}" onto public org.springframework.http.ResponseEntity<springfox.documentation.swagger.web.SecurityConfiguration> springfox.documentation.swagger.web.ApiResourceController.securityConfiguration()
2018-07-02 18:10:02.085 [main] INFO  o.s.w.s.m.m.a.RequestMappingHandlerMapping Line:547 ----------------> Mapped "{[/swagger-resources]}" onto public org.springframework.http.ResponseEntity<java.util.List<springfox.documentation.swagger.web.SwaggerResource>> springfox.documentation.swagger.web.ApiResourceController.swaggerResources()
2018-07-02 18:10:02.086 [main] INFO  o.s.w.s.m.m.a.RequestMappingHandlerMapping Line:547 ----------------> Mapped "{[/swagger-resources/configuration/ui]}" onto public org.springframework.http.ResponseEntity<springfox.documentation.swagger.web.UiConfiguration> springfox.documentation.swagger.web.ApiResourceController.uiConfiguration()
2018-07-02 18:10:02.095 [main] INFO  o.s.w.s.m.m.a.RequestMappingHandlerMapping Line:547 ----------------> Mapped "{[/error]}" onto public org.springframework.http.ResponseEntity<java.util.Map<java.lang.String, java.lang.Object>> org.springframework.boot.autoconfigure.web.servlet.error.BasicErrorController.error(javax.servlet.http.HttpServletRequest)
2018-07-02 18:10:02.096 [main] INFO  o.s.w.s.m.m.a.RequestMappingHandlerMapping Line:547 ----------------> Mapped "{[/error],produces=[text/html]}" onto public org.springframework.web.servlet.ModelAndView org.springframework.boot.autoconfigure.web.servlet.error.BasicErrorController.errorHtml(javax.servlet.http.HttpServletRequest,javax.servlet.http.HttpServletResponse)
2018-07-02 18:10:02.473 [main] INFO  s.d.s.w.PropertySourcedRequestMappingHandlerMapping Line:69 ----------------> Mapped URL path [/v2/api-docs] onto method [public org.springframework.http.ResponseEntity<springfox.documentation.spring.web.json.Json> springfox.documentation.swagger2.web.Swagger2Controller.getDocumentation(java.lang.String,javax.servlet.http.HttpServletRequest)]
2018-07-02 18:10:03.067 [main] INFO  o.s.web.servlet.handler.SimpleUrlHandlerMapping Line:373 ----------------> Mapped URL path [/**/favicon.ico] onto handler of type [class org.springframework.web.servlet.resource.ResourceHttpRequestHandler]
2018-07-02 18:10:03.449 [main] INFO  o.s.w.s.m.m.a.RequestMappingHandlerAdapter Line:574 ----------------> Looking for @ControllerAdvice: org.springframework.web.context.support.GenericWebApplicationContext@733037: startup date [Mon Jul 02 18:09:56 CST 2018]; root of context hierarchy
2018-07-02 18:10:03.605 [main] INFO  o.s.web.servlet.handler.SimpleUrlHandlerMapping Line:373 ----------------> Mapped URL path [/webjars/**] onto handler of type [class org.springframework.web.servlet.resource.ResourceHttpRequestHandler]
2018-07-02 18:10:03.606 [main] INFO  o.s.web.servlet.handler.SimpleUrlHandlerMapping Line:373 ----------------> Mapped URL path [/**] onto handler of type [class org.springframework.web.servlet.resource.ResourceHttpRequestHandler]
2018-07-02 18:10:04.353 [main] INFO  o.s.b.test.mock.web.SpringBootMockServletContext Line:438 ----------------> Initializing Spring FrameworkServlet ''
2018-07-02 18:10:04.355 [main] INFO  o.s.test.web.servlet.TestDispatcherServlet Line:494 ----------------> FrameworkServlet '': initialization started
2018-07-02 18:10:04.394 [main] INFO  o.s.test.web.servlet.TestDispatcherServlet Line:509 ----------------> FrameworkServlet '': initialization completed in 36 ms
2018-07-02 18:10:04.513 [main] INFO  o.s.context.support.DefaultLifecycleProcessor Line:351 ----------------> Starting beans in phase 2147483647
2018-07-02 18:10:04.515 [main] INFO  s.d.s.web.plugins.DocumentationPluginsBootstrapper Line:160 ----------------> Context refreshed
2018-07-02 18:10:04.585 [main] INFO  s.d.s.web.plugins.DocumentationPluginsBootstrapper Line:163 ----------------> Found 1 custom documentation plugin(s)
2018-07-02 18:10:04.671 [main] INFO  s.d.spring.web.scanners.ApiListingReferenceScanner Line:41 ----------------> Scanning for api listing references
2018-07-02 18:10:05.171 [main] WARN  s.d.s.w.readers.parameter.ParameterDataTypeReader Line:92 ----------------> Trying to infer dataType java.util.List<org.springframework.web.multipart.MultipartFile>
2018-07-02 18:10:05.177 [main] WARN  s.d.s.w.readers.parameter.ParameterDataTypeReader Line:92 ----------------> Trying to infer dataType java.util.List<org.springframework.web.multipart.MultipartFile>
2018-07-02 18:10:05.181 [main] WARN  s.d.s.w.readers.parameter.ParameterDataTypeReader Line:92 ----------------> Trying to infer dataType java.util.List<org.springframework.web.multipart.MultipartFile>
2018-07-02 18:10:05.186 [main] WARN  s.d.s.w.readers.parameter.ParameterDataTypeReader Line:92 ----------------> Trying to infer dataType java.util.List<org.springframework.web.multipart.MultipartFile>
2018-07-02 18:10:05.191 [main] WARN  s.d.s.w.readers.parameter.ParameterDataTypeReader Line:92 ----------------> Trying to infer dataType java.util.List<org.springframework.web.multipart.MultipartFile>
2018-07-02 18:10:05.195 [main] WARN  s.d.s.w.readers.parameter.ParameterDataTypeReader Line:92 ----------------> Trying to infer dataType java.util.List<org.springframework.web.multipart.MultipartFile>
2018-07-02 18:10:05.200 [main] WARN  s.d.s.w.readers.parameter.ParameterDataTypeReader Line:92 ----------------> Trying to infer dataType java.util.List<org.springframework.web.multipart.MultipartFile>
2018-07-02 18:10:05.204 [main] WARN  s.d.s.w.readers.parameter.ParameterDataTypeReader Line:92 ----------------> Trying to infer dataType java.util.List<org.springframework.web.multipart.MultipartFile>
2018-07-02 18:10:05.239 [main] INFO  s.d.s.w.r.operation.CachingOperationNameGenerator Line:40 ----------------> Generating unique operation named: func1UsingGET_1
2018-07-02 18:10:05.265 [main] INFO  s.d.s.w.r.operation.CachingOperationNameGenerator Line:40 ----------------> Generating unique operation named: func2UsingGET_1
2018-07-02 18:10:05.291 [main] INFO  s.d.s.w.r.operation.CachingOperationNameGenerator Line:40 ----------------> Generating unique operation named: func3UsingGET_1
2018-07-02 18:10:05.294 [main] INFO  s.d.s.w.r.operation.CachingOperationNameGenerator Line:40 ----------------> Generating unique operation named: func3UsingHEAD_1
2018-07-02 18:10:05.297 [main] INFO  s.d.s.w.r.operation.CachingOperationNameGenerator Line:40 ----------------> Generating unique operation named: func3UsingPOST_1
2018-07-02 18:10:05.300 [main] INFO  s.d.s.w.r.operation.CachingOperationNameGenerator Line:40 ----------------> Generating unique operation named: func3UsingPUT_1
2018-07-02 18:10:05.302 [main] INFO  s.d.s.w.r.operation.CachingOperationNameGenerator Line:40 ----------------> Generating unique operation named: func3UsingPATCH_1
2018-07-02 18:10:05.305 [main] INFO  s.d.s.w.r.operation.CachingOperationNameGenerator Line:40 ----------------> Generating unique operation named: func3UsingDELETE_1
2018-07-02 18:10:05.308 [main] INFO  s.d.s.w.r.operation.CachingOperationNameGenerator Line:40 ----------------> Generating unique operation named: func3UsingOPTIONS_1
2018-07-02 18:10:05.310 [main] INFO  s.d.s.w.r.operation.CachingOperationNameGenerator Line:40 ----------------> Generating unique operation named: func3UsingTRACE_1
2018-07-02 18:10:05.315 [main] INFO  s.d.s.w.r.operation.CachingOperationNameGenerator Line:40 ----------------> Generating unique operation named: func4UsingGET_1
2018-07-02 18:10:05.319 [main] INFO  s.d.s.w.r.operation.CachingOperationNameGenerator Line:40 ----------------> Generating unique operation named: func5UsingPOST_1
2018-07-02 18:10:05.324 [main] INFO  s.d.s.w.r.operation.CachingOperationNameGenerator Line:40 ----------------> Generating unique operation named: func6UsingDELETE_1
2018-07-02 18:10:05.520 [main] INFO  com.controller.MvcMethodParamControllerTest Line:59 ----------------> Started MvcMethodParamControllerTest in 10.646 seconds (JVM running for 16.853)
2018-07-02 18:10:05.810 [main] INFO  o.s.b.test.mock.web.SpringBootMockServletContext Line:438 ----------------> Initializing Spring FrameworkServlet ''
2018-07-02 18:10:05.812 [main] INFO  o.s.test.web.servlet.TestDispatcherServlet Line:494 ----------------> FrameworkServlet '': initialization started
2018-07-02 18:10:05.821 [main] INFO  o.s.test.web.servlet.TestDispatcherServlet Line:509 ----------------> FrameworkServlet '': initialization completed in 9 ms
2018-07-02 18:10:06.042 [main] INFO  com.controller.UserController Line:94 ----------------> 访问/mvc/method/param/func5
2018-07-02 18:10:06.097 [main] INFO  o.s.b.test.mock.web.SpringBootMockServletContext Line:438 ----------------> Initializing Spring FrameworkServlet ''
2018-07-02 18:10:06.098 [main] INFO  o.s.test.web.servlet.TestDispatcherServlet Line:494 ----------------> FrameworkServlet '': initialization started
2018-07-02 18:10:06.107 [main] INFO  o.s.test.web.servlet.TestDispatcherServlet Line:509 ----------------> FrameworkServlet '': initialization completed in 7 ms
2018-07-02 18:10:06.125 [Thread-3] INFO  o.s.w.context.support.GenericWebApplicationContext Line:993 ----------------> Closing org.springframework.web.context.support.GenericWebApplicationContext@733037: startup date [Mon Jul 02 18:09:56 CST 2018]; root of context hierarchy
2018-07-02 18:10:06.138 [Thread-3] INFO  o.s.context.support.DefaultLifecycleProcessor Line:366 ----------------> Stopping beans in phase 2147483647
